CRITICAL - 2022-10-03 14:24:14 --> The framework needs the following extension(s) installed and loaded: curl, intl, mbstring, xml.
in SYSTEMPATH/CodeIgniter.php on line 219.
 1 SYSTEMPATH/CodeIgniter.php(219): CodeIgniter\Exceptions\FrameworkException::forMissingExtension()
 2 SYSTEMPATH/CodeIgniter.php(177): CodeIgniter\CodeIgniter->resolvePlatformExtensions()
 3 FCPATH/index.php(55): CodeIgniter\CodeIgniter->initialize()
CRITICAL - 2022-10-03 14:24:39 --> The framework needs the following extension(s) installed and loaded: curl.
in SYSTEMPATH/CodeIgniter.php on line 219.
 1 SYSTEMPATH/CodeIgniter.php(219): CodeIgniter\Exceptions\FrameworkException::forMissingExtension()
 2 SYSTEMPATH/CodeIgniter.php(177): CodeIgniter\CodeIgniter->resolvePlatformExtensions()
 3 FCPATH/index.php(55): CodeIgniter\CodeIgniter->initialize()
CRITICAL - 2022-10-03 14:24:42 --> The framework needs the following extension(s) installed and loaded: curl.
in SYSTEMPATH/CodeIgniter.php on line 219.
 1 SYSTEMPATH/CodeIgniter.php(219): CodeIgniter\Exceptions\FrameworkException::forMissingExtension()
 2 SYSTEMPATH/CodeIgniter.php(177): CodeIgniter\CodeIgniter->resolvePlatformExtensions()
 3 FCPATH/index.php(55): CodeIgniter\CodeIgniter->initialize()
CRITICAL - 2022-10-03 14:24:45 --> The framework needs the following extension(s) installed and loaded: curl.
in SYSTEMPATH/CodeIgniter.php on line 219.
 1 SYSTEMPATH/CodeIgniter.php(219): CodeIgniter\Exceptions\FrameworkException::forMissingExtension()
 2 SYSTEMPATH/CodeIgniter.php(177): CodeIgniter\CodeIgniter->resolvePlatformExtensions()
 3 FCPATH/index.php(55): CodeIgniter\CodeIgniter->initialize()
CRITICAL - 2022-10-03 14:24:48 --> The framework needs the following extension(s) installed and loaded: curl.
in SYSTEMPATH/CodeIgniter.php on line 219.
 1 SYSTEMPATH/CodeIgniter.php(219): CodeIgniter\Exceptions\FrameworkException::forMissingExtension()
 2 SYSTEMPATH/CodeIgniter.php(177): CodeIgniter\CodeIgniter->resolvePlatformExtensions()
 3 FCPATH/index.php(55): CodeIgniter\CodeIgniter->initialize()
CRITICAL - 2022-10-03 14:25:21 --> The framework needs the following extension(s) installed and loaded: curl.
in SYSTEMPATH/CodeIgniter.php on line 219.
 1 SYSTEMPATH/CodeIgniter.php(219): CodeIgniter\Exceptions\FrameworkException::forMissingExtension()
 2 SYSTEMPATH/CodeIgniter.php(177): CodeIgniter\CodeIgniter->resolvePlatformExtensions()
 3 FCPATH/index.php(55): CodeIgniter\CodeIgniter->initialize()
CRITICAL - 2022-10-03 14:25:23 --> The framework needs the following extension(s) installed and loaded: curl.
in SYSTEMPATH/CodeIgniter.php on line 219.
 1 SYSTEMPATH/CodeIgniter.php(219): CodeIgniter\Exceptions\FrameworkException::forMissingExtension()
 2 SYSTEMPATH/CodeIgniter.php(177): CodeIgniter\CodeIgniter->resolvePlatformExtensions()
 3 FCPATH/index.php(55): CodeIgniter\CodeIgniter->initialize()
CRITICAL - 2022-10-03 14:25:27 --> The framework needs the following extension(s) installed and loaded: curl.
in SYSTEMPATH/CodeIgniter.php on line 219.
 1 SYSTEMPATH/CodeIgniter.php(219): CodeIgniter\Exceptions\FrameworkException::forMissingExtension()
 2 SYSTEMPATH/CodeIgniter.php(177): CodeIgniter\CodeIgniter->resolvePlatformExtensions()
 3 FCPATH/index.php(55): CodeIgniter\CodeIgniter->initialize()
CRITICAL - 2022-10-03 14:26:47 --> The framework needs the following extension(s) installed and loaded: curl.
in SYSTEMPATH/CodeIgniter.php on line 219.
 1 SYSTEMPATH/CodeIgniter.php(219): CodeIgniter\Exceptions\FrameworkException::forMissingExtension()
 2 SYSTEMPATH/CodeIgniter.php(177): CodeIgniter\CodeIgniter->resolvePlatformExtensions()
 3 FCPATH/index.php(55): CodeIgniter\CodeIgniter->initialize()
CRITICAL - 2022-10-03 14:27:26 --> The framework needs the following extension(s) installed and loaded: curl.
in SYSTEMPATH/CodeIgniter.php on line 219.
 1 SYSTEMPATH/CodeIgniter.php(219): CodeIgniter\Exceptions\FrameworkException::forMissingExtension()
 2 SYSTEMPATH/CodeIgniter.php(177): CodeIgniter\CodeIgniter->resolvePlatformExtensions()
 3 FCPATH/index.php(55): CodeIgniter\CodeIgniter->initialize()
CRITICAL - 2022-10-03 14:27:35 --> The framework needs the following extension(s) installed and loaded: curl.
in SYSTEMPATH/CodeIgniter.php on line 219.
 1 SYSTEMPATH/CodeIgniter.php(219): CodeIgniter\Exceptions\FrameworkException::forMissingExtension()
 2 SYSTEMPATH/CodeIgniter.php(177): CodeIgniter\CodeIgniter->resolvePlatformExtensions()
 3 FCPATH/index.php(55): CodeIgniter\CodeIgniter->initialize()
CRITICAL - 2022-10-03 14:30:46 --> The framework needs the following extension(s) installed and loaded: curl.
in SYSTEMPATH/CodeIgniter.php on line 219.
 1 SYSTEMPATH/CodeIgniter.php(219): CodeIgniter\Exceptions\FrameworkException::forMissingExtension()
 2 SYSTEMPATH/CodeIgniter.php(177): CodeIgniter\CodeIgniter->resolvePlatformExtensions()
 3 FCPATH/index.php(55): CodeIgniter\CodeIgniter->initialize()
CRITICAL - 2022-10-03 14:30:49 --> The framework needs the following extension(s) installed and loaded: curl.
in SYSTEMPATH/CodeIgniter.php on line 219.
 1 SYSTEMPATH/CodeIgniter.php(219): CodeIgniter\Exceptions\FrameworkException::forMissingExtension()
 2 SYSTEMPATH/CodeIgniter.php(177): CodeIgniter\CodeIgniter->resolvePlatformExtensions()
 3 FCPATH/index.php(55): CodeIgniter\CodeIgniter->initialize()
CRITICAL - 2022-10-03 14:30:50 --> The framework needs the following extension(s) installed and loaded: curl.
in SYSTEMPATH/CodeIgniter.php on line 219.
 1 SYSTEMPATH/CodeIgniter.php(219): CodeIgniter\Exceptions\FrameworkException::forMissingExtension()
 2 SYSTEMPATH/CodeIgniter.php(177): CodeIgniter\CodeIgniter->resolvePlatformExtensions()
 3 FCPATH/index.php(55): CodeIgniter\CodeIgniter->initialize()
CRITICAL - 2022-10-03 14:30:51 --> The framework needs the following extension(s) installed and loaded: curl.
in SYSTEMPATH/CodeIgniter.php on line 219.
 1 SYSTEMPATH/CodeIgniter.php(219): CodeIgniter\Exceptions\FrameworkException::forMissingExtension()
 2 SYSTEMPATH/CodeIgniter.php(177): CodeIgniter\CodeIgniter->resolvePlatformExtensions()
 3 FCPATH/index.php(55): CodeIgniter\CodeIgniter->initialize()
CRITICAL - 2022-10-03 14:31:10 --> The framework needs the following extension(s) installed and loaded: curl.
in SYSTEMPATH/CodeIgniter.php on line 219.
 1 SYSTEMPATH/CodeIgniter.php(219): CodeIgniter\Exceptions\FrameworkException::forMissingExtension()
 2 SYSTEMPATH/CodeIgniter.php(177): CodeIgniter\CodeIgniter->resolvePlatformExtensions()
 3 FCPATH/index.php(55): CodeIgniter\CodeIgniter->initialize()
