CRITICAL - 2022-11-07 00:38:02 --> fopen(/var/www/html/CopyCI/writable/session/ci_sessions8u6uatq4qdeusjavpvts6f46fas0da1): failed to open stream: Permission denied
in SYSTEMPATH/Session/Handlers/FileHandler.php on line 129.
 1 [internal function]: CodeIgniter\Debug\Exceptions->errorHandler()
 2 SYSTEMPATH/Session/Handlers/FileHandler.php(129): fopen()
 3 [internal function]: CodeIgniter\Session\Handlers\FileHandler->read()
 4 SYSTEMPATH/Session/Session.php(920): session_start()
 5 SYSTEMPATH/Session/Session.php(242): CodeIgniter\Session\Session->startSession()
 6 SYSTEMPATH/Config/Services.php(665): CodeIgniter\Session\Session->start()
 7 SYSTEMPATH/Config/BaseService.php(253): CodeIgniter\Config\Services::session()
 8 SYSTEMPATH/Config/BaseService.php(194): CodeIgniter\Config\BaseService::__callStatic()
 9 SYSTEMPATH/Config/Services.php(637): CodeIgniter\Config\BaseService::getSharedInstance()
10 SYSTEMPATH/Config/BaseService.php(253): CodeIgniter\Config\Services::session()
11 SYSTEMPATH/Common.php(939): CodeIgniter\Config\BaseService::__callStatic()
12 APPPATH/Views/news/create.php(3): session()
13 SYSTEMPATH/View/View.php(213): include('APPPATH/Views/news/create.php')
14 SYSTEMPATH/View/View.php(216): CodeIgniter\View\View->CodeIgniter\View\{closure}()
15 SYSTEMPATH/Common.php(1142): CodeIgniter\View\View->render()
16 APPPATH/Controllers/News.php(59): view()
17 SYSTEMPATH/CodeIgniter.php(907): App\Controllers\News->create()
18 SYSTEMPATH/CodeIgniter.php(457): CodeIgniter\CodeIgniter->runController()
19 SYSTEMPATH/CodeIgniter.php(340): CodeIgniter\CodeIgniter->handleRequest()
20 FCPATH/index.php(67): CodeIgniter\CodeIgniter->run()
CRITICAL - 2022-11-07 00:38:07 --> fopen(/var/www/html/CopyCI/writable/session/ci_sessions8u6uatq4qdeusjavpvts6f46fas0da1): failed to open stream: Permission denied
in SYSTEMPATH/Session/Handlers/FileHandler.php on line 129.
 1 [internal function]: CodeIgniter\Debug\Exceptions->errorHandler()
 2 SYSTEMPATH/Session/Handlers/FileHandler.php(129): fopen()
 3 [internal function]: CodeIgniter\Session\Handlers\FileHandler->read()
 4 SYSTEMPATH/Session/Session.php(920): session_start()
 5 SYSTEMPATH/Session/Session.php(242): CodeIgniter\Session\Session->startSession()
 6 SYSTEMPATH/Config/Services.php(665): CodeIgniter\Session\Session->start()
 7 SYSTEMPATH/Config/BaseService.php(253): CodeIgniter\Config\Services::session()
 8 SYSTEMPATH/Config/BaseService.php(194): CodeIgniter\Config\BaseService::__callStatic()
 9 SYSTEMPATH/Config/Services.php(637): CodeIgniter\Config\BaseService::getSharedInstance()
10 SYSTEMPATH/Config/BaseService.php(253): CodeIgniter\Config\Services::session()
11 SYSTEMPATH/Common.php(939): CodeIgniter\Config\BaseService::__callStatic()
12 APPPATH/Views/news/create.php(3): session()
13 SYSTEMPATH/View/View.php(213): include('APPPATH/Views/news/create.php')
14 SYSTEMPATH/View/View.php(216): CodeIgniter\View\View->CodeIgniter\View\{closure}()
15 SYSTEMPATH/Common.php(1142): CodeIgniter\View\View->render()
16 APPPATH/Controllers/News.php(59): view()
17 SYSTEMPATH/CodeIgniter.php(907): App\Controllers\News->create()
18 SYSTEMPATH/CodeIgniter.php(457): CodeIgniter\CodeIgniter->runController()
19 SYSTEMPATH/CodeIgniter.php(340): CodeIgniter\CodeIgniter->handleRequest()
20 FCPATH/index.php(67): CodeIgniter\CodeIgniter->run()
CRITICAL - 2022-11-07 00:45:38 --> fopen(/var/www/html/CopyCI/writable/session/ci_sessionrk2e3popfpav0uc0bqf2d9mrfong69ig): failed to open stream: Permission denied
in SYSTEMPATH/Session/Handlers/FileHandler.php on line 129.
 1 [internal function]: CodeIgniter\Debug\Exceptions->errorHandler()
 2 SYSTEMPATH/Session/Handlers/FileHandler.php(129): fopen()
 3 [internal function]: CodeIgniter\Session\Handlers\FileHandler->read()
 4 SYSTEMPATH/Session/Session.php(920): session_start()
 5 SYSTEMPATH/Session/Session.php(242): CodeIgniter\Session\Session->startSession()
 6 SYSTEMPATH/Config/Services.php(665): CodeIgniter\Session\Session->start()
 7 SYSTEMPATH/Config/BaseService.php(253): CodeIgniter\Config\Services::session()
 8 SYSTEMPATH/Config/BaseService.php(194): CodeIgniter\Config\BaseService::__callStatic()
 9 SYSTEMPATH/Config/Services.php(637): CodeIgniter\Config\BaseService::getSharedInstance()
10 SYSTEMPATH/Config/BaseService.php(253): CodeIgniter\Config\Services::session()
11 SYSTEMPATH/Common.php(939): CodeIgniter\Config\BaseService::__callStatic()
12 APPPATH/Views/news/create.php(3): session()
13 SYSTEMPATH/View/View.php(213): include('APPPATH/Views/news/create.php')
14 SYSTEMPATH/View/View.php(216): CodeIgniter\View\View->CodeIgniter\View\{closure}()
15 SYSTEMPATH/Common.php(1142): CodeIgniter\View\View->render()
16 APPPATH/Controllers/News.php(59): view()
17 SYSTEMPATH/CodeIgniter.php(907): App\Controllers\News->create()
18 SYSTEMPATH/CodeIgniter.php(457): CodeIgniter\CodeIgniter->runController()
19 SYSTEMPATH/CodeIgniter.php(340): CodeIgniter\CodeIgniter->handleRequest()
20 FCPATH/index.php(67): CodeIgniter\CodeIgniter->run()
CRITICAL - 2022-11-07 00:46:24 --> fopen(/var/www/html/CopyCI/writable/session/ci_sessionrk2e3popfpav0uc0bqf2d9mrfong69ig): failed to open stream: Permission denied
in SYSTEMPATH/Session/Handlers/FileHandler.php on line 129.
 1 [internal function]: CodeIgniter\Debug\Exceptions->errorHandler()
 2 SYSTEMPATH/Session/Handlers/FileHandler.php(129): fopen()
 3 [internal function]: CodeIgniter\Session\Handlers\FileHandler->read()
 4 SYSTEMPATH/Session/Session.php(920): session_start()
 5 SYSTEMPATH/Session/Session.php(242): CodeIgniter\Session\Session->startSession()
 6 SYSTEMPATH/Config/Services.php(665): CodeIgniter\Session\Session->start()
 7 SYSTEMPATH/Config/BaseService.php(253): CodeIgniter\Config\Services::session()
 8 SYSTEMPATH/Config/BaseService.php(194): CodeIgniter\Config\BaseService::__callStatic()
 9 SYSTEMPATH/Config/Services.php(637): CodeIgniter\Config\BaseService::getSharedInstance()
10 SYSTEMPATH/Config/BaseService.php(253): CodeIgniter\Config\Services::session()
11 SYSTEMPATH/Common.php(939): CodeIgniter\Config\BaseService::__callStatic()
12 APPPATH/Views/news/create.php(3): session()
13 SYSTEMPATH/View/View.php(213): include('APPPATH/Views/news/create.php')
14 SYSTEMPATH/View/View.php(216): CodeIgniter\View\View->CodeIgniter\View\{closure}()
15 SYSTEMPATH/Common.php(1142): CodeIgniter\View\View->render()
16 APPPATH/Controllers/News.php(59): view()
17 SYSTEMPATH/CodeIgniter.php(907): App\Controllers\News->create()
18 SYSTEMPATH/CodeIgniter.php(457): CodeIgniter\CodeIgniter->runController()
19 SYSTEMPATH/CodeIgniter.php(340): CodeIgniter\CodeIgniter->handleRequest()
20 FCPATH/index.php(67): CodeIgniter\CodeIgniter->run()
CRITICAL - 2022-11-07 06:19:05 --> fopen(/var/www/html/CopyCI/writable/session/ci_sessionppaa1kbmeuak4408js9vftv8d7qnnfl5): failed to open stream: Permission denied
in SYSTEMPATH/Session/Handlers/FileHandler.php on line 129.
 1 [internal function]: CodeIgniter\Debug\Exceptions->errorHandler()
 2 SYSTEMPATH/Session/Handlers/FileHandler.php(129): fopen()
 3 [internal function]: CodeIgniter\Session\Handlers\FileHandler->read()
 4 SYSTEMPATH/Session/Session.php(920): session_start()
 5 SYSTEMPATH/Session/Session.php(242): CodeIgniter\Session\Session->startSession()
 6 SYSTEMPATH/Config/Services.php(665): CodeIgniter\Session\Session->start()
 7 SYSTEMPATH/Config/BaseService.php(253): CodeIgniter\Config\Services::session()
 8 SYSTEMPATH/Config/BaseService.php(194): CodeIgniter\Config\BaseService::__callStatic()
 9 SYSTEMPATH/Config/Services.php(637): CodeIgniter\Config\BaseService::getSharedInstance()
10 SYSTEMPATH/Config/BaseService.php(253): CodeIgniter\Config\Services::session()
11 SYSTEMPATH/Common.php(939): CodeIgniter\Config\BaseService::__callStatic()
12 APPPATH/Views/news/create.php(3): session()
13 SYSTEMPATH/View/View.php(213): include('APPPATH/Views/news/create.php')
14 SYSTEMPATH/View/View.php(216): CodeIgniter\View\View->CodeIgniter\View\{closure}()
15 SYSTEMPATH/Common.php(1142): CodeIgniter\View\View->render()
16 APPPATH/Controllers/News.php(59): view()
17 SYSTEMPATH/CodeIgniter.php(907): App\Controllers\News->create()
18 SYSTEMPATH/CodeIgniter.php(457): CodeIgniter\CodeIgniter->runController()
19 SYSTEMPATH/CodeIgniter.php(340): CodeIgniter\CodeIgniter->handleRequest()
20 FCPATH/index.php(67): CodeIgniter\CodeIgniter->run()
CRITICAL - 2022-11-07 07:46:10 --> fopen(/var/www/html/CopyCI/writable/session/ci_sessionlovfou5p3n2cv1pu8i7jt58npo4u1i21): failed to open stream: Permission denied
in SYSTEMPATH/Session/Handlers/FileHandler.php on line 129.
 1 [internal function]: CodeIgniter\Debug\Exceptions->errorHandler()
 2 SYSTEMPATH/Session/Handlers/FileHandler.php(129): fopen()
 3 [internal function]: CodeIgniter\Session\Handlers\FileHandler->read()
 4 SYSTEMPATH/Session/Session.php(920): session_start()
 5 SYSTEMPATH/Session/Session.php(242): CodeIgniter\Session\Session->startSession()
 6 SYSTEMPATH/Config/Services.php(665): CodeIgniter\Session\Session->start()
 7 SYSTEMPATH/Config/BaseService.php(253): CodeIgniter\Config\Services::session()
 8 SYSTEMPATH/Config/BaseService.php(194): CodeIgniter\Config\BaseService::__callStatic()
 9 SYSTEMPATH/Config/Services.php(637): CodeIgniter\Config\BaseService::getSharedInstance()
10 SYSTEMPATH/Config/BaseService.php(253): CodeIgniter\Config\Services::session()
11 SYSTEMPATH/Common.php(939): CodeIgniter\Config\BaseService::__callStatic()
12 APPPATH/Views/news/create.php(3): session()
13 SYSTEMPATH/View/View.php(213): include('APPPATH/Views/news/create.php')
14 SYSTEMPATH/View/View.php(216): CodeIgniter\View\View->CodeIgniter\View\{closure}()
15 SYSTEMPATH/Common.php(1142): CodeIgniter\View\View->render()
16 APPPATH/Controllers/News.php(60): view()
17 SYSTEMPATH/CodeIgniter.php(907): App\Controllers\News->create()
18 SYSTEMPATH/CodeIgniter.php(457): CodeIgniter\CodeIgniter->runController()
19 SYSTEMPATH/CodeIgniter.php(340): CodeIgniter\CodeIgniter->handleRequest()
20 FCPATH/index.php(67): CodeIgniter\CodeIgniter->run()
CRITICAL - 2022-11-07 08:29:42 --> fopen(/var/www/html/CopyCI/writable/session/ci_session98msu10t9tapamd5made527km6dmgqir): failed to open stream: Permission denied
in SYSTEMPATH/Session/Handlers/FileHandler.php on line 129.
 1 [internal function]: CodeIgniter\Debug\Exceptions->errorHandler()
 2 SYSTEMPATH/Session/Handlers/FileHandler.php(129): fopen()
 3 [internal function]: CodeIgniter\Session\Handlers\FileHandler->read()
 4 SYSTEMPATH/Session/Session.php(920): session_start()
 5 SYSTEMPATH/Session/Session.php(242): CodeIgniter\Session\Session->startSession()
 6 SYSTEMPATH/Config/Services.php(665): CodeIgniter\Session\Session->start()
 7 SYSTEMPATH/Config/BaseService.php(253): CodeIgniter\Config\Services::session()
 8 SYSTEMPATH/Config/BaseService.php(194): CodeIgniter\Config\BaseService::__callStatic()
 9 SYSTEMPATH/Config/Services.php(637): CodeIgniter\Config\BaseService::getSharedInstance()
10 SYSTEMPATH/Config/BaseService.php(253): CodeIgniter\Config\Services::session()
11 SYSTEMPATH/Common.php(939): CodeIgniter\Config\BaseService::__callStatic()
12 APPPATH/Views/news/overview.php(108): session()
13 SYSTEMPATH/View/View.php(213): include('APPPATH/Views/news/overview.php')
14 SYSTEMPATH/View/View.php(216): CodeIgniter\View\View->CodeIgniter\View\{closure}()
15 SYSTEMPATH/Common.php(1142): CodeIgniter\View\View->render()
16 APPPATH/Controllers/News.php(20): view()
17 SYSTEMPATH/CodeIgniter.php(907): App\Controllers\News->index()
18 SYSTEMPATH/CodeIgniter.php(457): CodeIgniter\CodeIgniter->runController()
19 SYSTEMPATH/CodeIgniter.php(340): CodeIgniter\CodeIgniter->handleRequest()
20 FCPATH/index.php(67): CodeIgniter\CodeIgniter->run()
CRITICAL - 2022-11-07 12:02:06 --> fopen(/var/www/html/CopyCI/writable/session/ci_sessionun43sfsbmglc06gajh5to3j1m2qlilsc): failed to open stream: Permission denied
in SYSTEMPATH/Session/Handlers/FileHandler.php on line 129.
 1 [internal function]: CodeIgniter\Debug\Exceptions->errorHandler()
 2 SYSTEMPATH/Session/Handlers/FileHandler.php(129): fopen()
 3 [internal function]: CodeIgniter\Session\Handlers\FileHandler->read()
 4 SYSTEMPATH/Session/Session.php(920): session_start()
 5 SYSTEMPATH/Session/Session.php(242): CodeIgniter\Session\Session->startSession()
 6 SYSTEMPATH/Config/Services.php(665): CodeIgniter\Session\Session->start()
 7 SYSTEMPATH/Config/BaseService.php(253): CodeIgniter\Config\Services::session()
 8 SYSTEMPATH/Config/BaseService.php(194): CodeIgniter\Config\BaseService::__callStatic()
 9 SYSTEMPATH/Config/Services.php(637): CodeIgniter\Config\BaseService::getSharedInstance()
10 SYSTEMPATH/Config/BaseService.php(253): CodeIgniter\Config\Services::session()
11 SYSTEMPATH/Common.php(939): CodeIgniter\Config\BaseService::__callStatic()
12 APPPATH/Views/news/overview.php(93): session()
13 SYSTEMPATH/View/View.php(213): include('APPPATH/Views/news/overview.php')
14 SYSTEMPATH/View/View.php(216): CodeIgniter\View\View->CodeIgniter\View\{closure}()
15 SYSTEMPATH/Common.php(1142): CodeIgniter\View\View->render()
16 APPPATH/Controllers/News.php(20): view()
17 SYSTEMPATH/CodeIgniter.php(907): App\Controllers\News->index()
18 SYSTEMPATH/CodeIgniter.php(457): CodeIgniter\CodeIgniter->runController()
19 SYSTEMPATH/CodeIgniter.php(340): CodeIgniter\CodeIgniter->handleRequest()
20 FCPATH/index.php(67): CodeIgniter\CodeIgniter->run()
CRITICAL - 2022-11-07 12:03:09 --> fopen(/var/www/html/CopyCI/writable/session/ci_sessionun43sfsbmglc06gajh5to3j1m2qlilsc): failed to open stream: Permission denied
in SYSTEMPATH/Session/Handlers/FileHandler.php on line 129.
 1 [internal function]: CodeIgniter\Debug\Exceptions->errorHandler()
 2 SYSTEMPATH/Session/Handlers/FileHandler.php(129): fopen()
 3 [internal function]: CodeIgniter\Session\Handlers\FileHandler->read()
 4 SYSTEMPATH/Session/Session.php(920): session_start()
 5 SYSTEMPATH/Session/Session.php(242): CodeIgniter\Session\Session->startSession()
 6 SYSTEMPATH/Config/Services.php(665): CodeIgniter\Session\Session->start()
 7 SYSTEMPATH/Config/BaseService.php(253): CodeIgniter\Config\Services::session()
 8 SYSTEMPATH/Config/BaseService.php(194): CodeIgniter\Config\BaseService::__callStatic()
 9 SYSTEMPATH/Config/Services.php(637): CodeIgniter\Config\BaseService::getSharedInstance()
10 SYSTEMPATH/Config/BaseService.php(253): CodeIgniter\Config\Services::session()
11 SYSTEMPATH/Common.php(939): CodeIgniter\Config\BaseService::__callStatic()
12 APPPATH/Views/news/overview.php(93): session()
13 SYSTEMPATH/View/View.php(213): include('APPPATH/Views/news/overview.php')
14 SYSTEMPATH/View/View.php(216): CodeIgniter\View\View->CodeIgniter\View\{closure}()
15 SYSTEMPATH/Common.php(1142): CodeIgniter\View\View->render()
16 APPPATH/Controllers/News.php(20): view()
17 SYSTEMPATH/CodeIgniter.php(907): App\Controllers\News->index()
18 SYSTEMPATH/CodeIgniter.php(457): CodeIgniter\CodeIgniter->runController()
19 SYSTEMPATH/CodeIgniter.php(340): CodeIgniter\CodeIgniter->handleRequest()
20 FCPATH/index.php(67): CodeIgniter\CodeIgniter->run()
CRITICAL - 2022-11-07 12:03:13 --> fopen(/var/www/html/CopyCI/writable/session/ci_sessionun43sfsbmglc06gajh5to3j1m2qlilsc): failed to open stream: Permission denied
in SYSTEMPATH/Session/Handlers/FileHandler.php on line 129.
 1 [internal function]: CodeIgniter\Debug\Exceptions->errorHandler()
 2 SYSTEMPATH/Session/Handlers/FileHandler.php(129): fopen()
 3 [internal function]: CodeIgniter\Session\Handlers\FileHandler->read()
 4 SYSTEMPATH/Session/Session.php(920): session_start()
 5 SYSTEMPATH/Session/Session.php(242): CodeIgniter\Session\Session->startSession()
 6 SYSTEMPATH/Config/Services.php(665): CodeIgniter\Session\Session->start()
 7 SYSTEMPATH/Config/BaseService.php(253): CodeIgniter\Config\Services::session()
 8 SYSTEMPATH/Config/BaseService.php(194): CodeIgniter\Config\BaseService::__callStatic()
 9 SYSTEMPATH/Config/Services.php(637): CodeIgniter\Config\BaseService::getSharedInstance()
10 SYSTEMPATH/Config/BaseService.php(253): CodeIgniter\Config\Services::session()
11 SYSTEMPATH/Common.php(939): CodeIgniter\Config\BaseService::__callStatic()
12 APPPATH/Views/news/overview.php(93): session()
13 SYSTEMPATH/View/View.php(213): include('APPPATH/Views/news/overview.php')
14 SYSTEMPATH/View/View.php(216): CodeIgniter\View\View->CodeIgniter\View\{closure}()
15 SYSTEMPATH/Common.php(1142): CodeIgniter\View\View->render()
16 APPPATH/Controllers/News.php(20): view()
17 SYSTEMPATH/CodeIgniter.php(907): App\Controllers\News->index()
18 SYSTEMPATH/CodeIgniter.php(457): CodeIgniter\CodeIgniter->runController()
19 SYSTEMPATH/CodeIgniter.php(340): CodeIgniter\CodeIgniter->handleRequest()
20 FCPATH/index.php(67): CodeIgniter\CodeIgniter->run()
CRITICAL - 2022-11-07 12:03:16 --> fopen(/var/www/html/CopyCI/writable/session/ci_sessionun43sfsbmglc06gajh5to3j1m2qlilsc): failed to open stream: Permission denied
in SYSTEMPATH/Session/Handlers/FileHandler.php on line 129.
 1 [internal function]: CodeIgniter\Debug\Exceptions->errorHandler()
 2 SYSTEMPATH/Session/Handlers/FileHandler.php(129): fopen()
 3 [internal function]: CodeIgniter\Session\Handlers\FileHandler->read()
 4 SYSTEMPATH/Session/Session.php(920): session_start()
 5 SYSTEMPATH/Session/Session.php(242): CodeIgniter\Session\Session->startSession()
 6 SYSTEMPATH/Config/Services.php(665): CodeIgniter\Session\Session->start()
 7 SYSTEMPATH/Config/BaseService.php(253): CodeIgniter\Config\Services::session()
 8 SYSTEMPATH/Config/BaseService.php(194): CodeIgniter\Config\BaseService::__callStatic()
 9 SYSTEMPATH/Config/Services.php(637): CodeIgniter\Config\BaseService::getSharedInstance()
10 SYSTEMPATH/Config/BaseService.php(253): CodeIgniter\Config\Services::session()
11 SYSTEMPATH/Common.php(939): CodeIgniter\Config\BaseService::__callStatic()
12 APPPATH/Views/news/overview.php(93): session()
13 SYSTEMPATH/View/View.php(213): include('APPPATH/Views/news/overview.php')
14 SYSTEMPATH/View/View.php(216): CodeIgniter\View\View->CodeIgniter\View\{closure}()
15 SYSTEMPATH/Common.php(1142): CodeIgniter\View\View->render()
16 APPPATH/Controllers/News.php(20): view()
17 SYSTEMPATH/CodeIgniter.php(907): App\Controllers\News->index()
18 SYSTEMPATH/CodeIgniter.php(457): CodeIgniter\CodeIgniter->runController()
19 SYSTEMPATH/CodeIgniter.php(340): CodeIgniter\CodeIgniter->handleRequest()
20 FCPATH/index.php(67): CodeIgniter\CodeIgniter->run()
CRITICAL - 2022-11-07 12:03:28 --> fopen(/var/www/html/CopyCI/writable/session/ci_sessionun43sfsbmglc06gajh5to3j1m2qlilsc): failed to open stream: Permission denied
in SYSTEMPATH/Session/Handlers/FileHandler.php on line 129.
 1 [internal function]: CodeIgniter\Debug\Exceptions->errorHandler()
 2 SYSTEMPATH/Session/Handlers/FileHandler.php(129): fopen()
 3 [internal function]: CodeIgniter\Session\Handlers\FileHandler->read()
 4 SYSTEMPATH/Session/Session.php(920): session_start()
 5 SYSTEMPATH/Session/Session.php(242): CodeIgniter\Session\Session->startSession()
 6 SYSTEMPATH/Config/Services.php(665): CodeIgniter\Session\Session->start()
 7 SYSTEMPATH/Config/BaseService.php(253): CodeIgniter\Config\Services::session()
 8 SYSTEMPATH/Config/BaseService.php(194): CodeIgniter\Config\BaseService::__callStatic()
 9 SYSTEMPATH/Config/Services.php(637): CodeIgniter\Config\BaseService::getSharedInstance()
10 SYSTEMPATH/Config/BaseService.php(253): CodeIgniter\Config\Services::session()
11 SYSTEMPATH/Common.php(939): CodeIgniter\Config\BaseService::__callStatic()
12 APPPATH/Views/news/overview.php(93): session()
13 SYSTEMPATH/View/View.php(213): include('APPPATH/Views/news/overview.php')
14 SYSTEMPATH/View/View.php(216): CodeIgniter\View\View->CodeIgniter\View\{closure}()
15 SYSTEMPATH/Common.php(1142): CodeIgniter\View\View->render()
16 APPPATH/Controllers/News.php(20): view()
17 SYSTEMPATH/CodeIgniter.php(907): App\Controllers\News->index()
18 SYSTEMPATH/CodeIgniter.php(457): CodeIgniter\CodeIgniter->runController()
19 SYSTEMPATH/CodeIgniter.php(340): CodeIgniter\CodeIgniter->handleRequest()
20 FCPATH/index.php(67): CodeIgniter\CodeIgniter->run()
CRITICAL - 2022-11-07 12:05:44 --> fopen(/var/www/html/CopyCI/writable/session/ci_sessionun43sfsbmglc06gajh5to3j1m2qlilsc): failed to open stream: Permission denied
in SYSTEMPATH/Session/Handlers/FileHandler.php on line 129.
 1 [internal function]: CodeIgniter\Debug\Exceptions->errorHandler()
 2 SYSTEMPATH/Session/Handlers/FileHandler.php(129): fopen()
 3 [internal function]: CodeIgniter\Session\Handlers\FileHandler->read()
 4 SYSTEMPATH/Session/Session.php(920): session_start()
 5 SYSTEMPATH/Session/Session.php(242): CodeIgniter\Session\Session->startSession()
 6 SYSTEMPATH/Config/Services.php(665): CodeIgniter\Session\Session->start()
 7 SYSTEMPATH/Config/BaseService.php(253): CodeIgniter\Config\Services::session()
 8 SYSTEMPATH/Config/BaseService.php(194): CodeIgniter\Config\BaseService::__callStatic()
 9 SYSTEMPATH/Config/Services.php(637): CodeIgniter\Config\BaseService::getSharedInstance()
10 SYSTEMPATH/Config/BaseService.php(253): CodeIgniter\Config\Services::session()
11 SYSTEMPATH/Common.php(939): CodeIgniter\Config\BaseService::__callStatic()
12 APPPATH/Views/news/overview.php(93): session()
13 SYSTEMPATH/View/View.php(213): include('APPPATH/Views/news/overview.php')
14 SYSTEMPATH/View/View.php(216): CodeIgniter\View\View->CodeIgniter\View\{closure}()
15 SYSTEMPATH/Common.php(1142): CodeIgniter\View\View->render()
16 APPPATH/Controllers/News.php(20): view()
17 SYSTEMPATH/CodeIgniter.php(907): App\Controllers\News->index()
18 SYSTEMPATH/CodeIgniter.php(457): CodeIgniter\CodeIgniter->runController()
19 SYSTEMPATH/CodeIgniter.php(340): CodeIgniter\CodeIgniter->handleRequest()
20 FCPATH/index.php(67): CodeIgniter\CodeIgniter->run()
CRITICAL - 2022-11-07 12:05:45 --> fopen(/var/www/html/CopyCI/writable/session/ci_sessionun43sfsbmglc06gajh5to3j1m2qlilsc): failed to open stream: Permission denied
in SYSTEMPATH/Session/Handlers/FileHandler.php on line 129.
 1 [internal function]: CodeIgniter\Debug\Exceptions->errorHandler()
 2 SYSTEMPATH/Session/Handlers/FileHandler.php(129): fopen()
 3 [internal function]: CodeIgniter\Session\Handlers\FileHandler->read()
 4 SYSTEMPATH/Session/Session.php(920): session_start()
 5 SYSTEMPATH/Session/Session.php(242): CodeIgniter\Session\Session->startSession()
 6 SYSTEMPATH/Config/Services.php(665): CodeIgniter\Session\Session->start()
 7 SYSTEMPATH/Config/BaseService.php(253): CodeIgniter\Config\Services::session()
 8 SYSTEMPATH/Config/BaseService.php(194): CodeIgniter\Config\BaseService::__callStatic()
 9 SYSTEMPATH/Config/Services.php(637): CodeIgniter\Config\BaseService::getSharedInstance()
10 SYSTEMPATH/Config/BaseService.php(253): CodeIgniter\Config\Services::session()
11 SYSTEMPATH/Common.php(939): CodeIgniter\Config\BaseService::__callStatic()
12 APPPATH/Views/news/overview.php(93): session()
13 SYSTEMPATH/View/View.php(213): include('APPPATH/Views/news/overview.php')
14 SYSTEMPATH/View/View.php(216): CodeIgniter\View\View->CodeIgniter\View\{closure}()
15 SYSTEMPATH/Common.php(1142): CodeIgniter\View\View->render()
16 APPPATH/Controllers/News.php(20): view()
17 SYSTEMPATH/CodeIgniter.php(907): App\Controllers\News->index()
18 SYSTEMPATH/CodeIgniter.php(457): CodeIgniter\CodeIgniter->runController()
19 SYSTEMPATH/CodeIgniter.php(340): CodeIgniter\CodeIgniter->handleRequest()
20 FCPATH/index.php(67): CodeIgniter\CodeIgniter->run()
CRITICAL - 2022-11-07 12:06:31 --> fopen(/var/www/html/CopyCI/writable/session/ci_sessionun43sfsbmglc06gajh5to3j1m2qlilsc): failed to open stream: Permission denied
in SYSTEMPATH/Session/Handlers/FileHandler.php on line 129.
 1 [internal function]: CodeIgniter\Debug\Exceptions->errorHandler()
 2 SYSTEMPATH/Session/Handlers/FileHandler.php(129): fopen()
 3 [internal function]: CodeIgniter\Session\Handlers\FileHandler->read()
 4 SYSTEMPATH/Session/Session.php(920): session_start()
 5 SYSTEMPATH/Session/Session.php(242): CodeIgniter\Session\Session->startSession()
 6 SYSTEMPATH/Config/Services.php(665): CodeIgniter\Session\Session->start()
 7 SYSTEMPATH/Config/BaseService.php(253): CodeIgniter\Config\Services::session()
 8 SYSTEMPATH/Config/BaseService.php(194): CodeIgniter\Config\BaseService::__callStatic()
 9 SYSTEMPATH/Config/Services.php(637): CodeIgniter\Config\BaseService::getSharedInstance()
10 SYSTEMPATH/Config/BaseService.php(253): CodeIgniter\Config\Services::session()
11 SYSTEMPATH/Common.php(939): CodeIgniter\Config\BaseService::__callStatic()
12 APPPATH/Views/news/overview.php(93): session()
13 SYSTEMPATH/View/View.php(213): include('APPPATH/Views/news/overview.php')
14 SYSTEMPATH/View/View.php(216): CodeIgniter\View\View->CodeIgniter\View\{closure}()
15 SYSTEMPATH/Common.php(1142): CodeIgniter\View\View->render()
16 APPPATH/Controllers/News.php(20): view()
17 SYSTEMPATH/CodeIgniter.php(907): App\Controllers\News->index()
18 SYSTEMPATH/CodeIgniter.php(457): CodeIgniter\CodeIgniter->runController()
19 SYSTEMPATH/CodeIgniter.php(340): CodeIgniter\CodeIgniter->handleRequest()
20 FCPATH/index.php(67): CodeIgniter\CodeIgniter->run()
CRITICAL - 2022-11-07 12:08:35 --> fopen(/var/www/html/CopyCI/writable/session/ci_sessionun43sfsbmglc06gajh5to3j1m2qlilsc): failed to open stream: Permission denied
in SYSTEMPATH/Session/Handlers/FileHandler.php on line 129.
 1 [internal function]: CodeIgniter\Debug\Exceptions->errorHandler()
 2 SYSTEMPATH/Session/Handlers/FileHandler.php(129): fopen()
 3 [internal function]: CodeIgniter\Session\Handlers\FileHandler->read()
 4 SYSTEMPATH/Session/Session.php(920): session_start()
 5 SYSTEMPATH/Session/Session.php(242): CodeIgniter\Session\Session->startSession()
 6 SYSTEMPATH/Config/Services.php(665): CodeIgniter\Session\Session->start()
 7 SYSTEMPATH/Config/BaseService.php(253): CodeIgniter\Config\Services::session()
 8 SYSTEMPATH/Config/BaseService.php(194): CodeIgniter\Config\BaseService::__callStatic()
 9 SYSTEMPATH/Config/Services.php(637): CodeIgniter\Config\BaseService::getSharedInstance()
10 SYSTEMPATH/Config/BaseService.php(253): CodeIgniter\Config\Services::session()
11 SYSTEMPATH/Common.php(939): CodeIgniter\Config\BaseService::__callStatic()
12 APPPATH/Views/news/overview.php(93): session()
13 SYSTEMPATH/View/View.php(213): include('APPPATH/Views/news/overview.php')
14 SYSTEMPATH/View/View.php(216): CodeIgniter\View\View->CodeIgniter\View\{closure}()
15 SYSTEMPATH/Common.php(1142): CodeIgniter\View\View->render()
16 APPPATH/Controllers/News.php(20): view()
17 SYSTEMPATH/CodeIgniter.php(907): App\Controllers\News->index()
18 SYSTEMPATH/CodeIgniter.php(457): CodeIgniter\CodeIgniter->runController()
19 SYSTEMPATH/CodeIgniter.php(340): CodeIgniter\CodeIgniter->handleRequest()
20 FCPATH/index.php(67): CodeIgniter\CodeIgniter->run()
CRITICAL - 2022-11-07 12:09:55 --> fopen(/var/www/html/CopyCI/writable/session/ci_sessionun43sfsbmglc06gajh5to3j1m2qlilsc): failed to open stream: Permission denied
in SYSTEMPATH/Session/Handlers/FileHandler.php on line 129.
 1 [internal function]: CodeIgniter\Debug\Exceptions->errorHandler()
 2 SYSTEMPATH/Session/Handlers/FileHandler.php(129): fopen()
 3 [internal function]: CodeIgniter\Session\Handlers\FileHandler->read()
 4 SYSTEMPATH/Session/Session.php(920): session_start()
 5 SYSTEMPATH/Session/Session.php(242): CodeIgniter\Session\Session->startSession()
 6 SYSTEMPATH/Config/Services.php(665): CodeIgniter\Session\Session->start()
 7 SYSTEMPATH/Config/BaseService.php(253): CodeIgniter\Config\Services::session()
 8 SYSTEMPATH/Config/BaseService.php(194): CodeIgniter\Config\BaseService::__callStatic()
 9 SYSTEMPATH/Config/Services.php(637): CodeIgniter\Config\BaseService::getSharedInstance()
10 SYSTEMPATH/Config/BaseService.php(253): CodeIgniter\Config\Services::session()
11 SYSTEMPATH/Common.php(939): CodeIgniter\Config\BaseService::__callStatic()
12 APPPATH/Views/news/overview.php(93): session()
13 SYSTEMPATH/View/View.php(213): include('APPPATH/Views/news/overview.php')
14 SYSTEMPATH/View/View.php(216): CodeIgniter\View\View->CodeIgniter\View\{closure}()
15 SYSTEMPATH/Common.php(1142): CodeIgniter\View\View->render()
16 APPPATH/Controllers/News.php(20): view()
17 SYSTEMPATH/CodeIgniter.php(907): App\Controllers\News->index()
18 SYSTEMPATH/CodeIgniter.php(457): CodeIgniter\CodeIgniter->runController()
19 SYSTEMPATH/CodeIgniter.php(340): CodeIgniter\CodeIgniter->handleRequest()
20 FCPATH/index.php(67): CodeIgniter\CodeIgniter->run()
CRITICAL - 2022-11-07 12:11:49 --> fopen(/var/www/html/CopyCI/writable/session/ci_sessionun43sfsbmglc06gajh5to3j1m2qlilsc): failed to open stream: Permission denied
in SYSTEMPATH/Session/Handlers/FileHandler.php on line 129.
 1 [internal function]: CodeIgniter\Debug\Exceptions->errorHandler()
 2 SYSTEMPATH/Session/Handlers/FileHandler.php(129): fopen()
 3 [internal function]: CodeIgniter\Session\Handlers\FileHandler->read()
 4 SYSTEMPATH/Session/Session.php(920): session_start()
 5 SYSTEMPATH/Session/Session.php(242): CodeIgniter\Session\Session->startSession()
 6 SYSTEMPATH/Config/Services.php(665): CodeIgniter\Session\Session->start()
 7 SYSTEMPATH/Config/BaseService.php(253): CodeIgniter\Config\Services::session()
 8 SYSTEMPATH/Config/BaseService.php(194): CodeIgniter\Config\BaseService::__callStatic()
 9 SYSTEMPATH/Config/Services.php(637): CodeIgniter\Config\BaseService::getSharedInstance()
10 SYSTEMPATH/Config/BaseService.php(253): CodeIgniter\Config\Services::session()
11 SYSTEMPATH/Common.php(939): CodeIgniter\Config\BaseService::__callStatic()
12 APPPATH/Views/news/overview.php(93): session()
13 SYSTEMPATH/View/View.php(213): include('APPPATH/Views/news/overview.php')
14 SYSTEMPATH/View/View.php(216): CodeIgniter\View\View->CodeIgniter\View\{closure}()
15 SYSTEMPATH/Common.php(1142): CodeIgniter\View\View->render()
16 APPPATH/Controllers/News.php(20): view()
17 SYSTEMPATH/CodeIgniter.php(907): App\Controllers\News->index()
18 SYSTEMPATH/CodeIgniter.php(457): CodeIgniter\CodeIgniter->runController()
19 SYSTEMPATH/CodeIgniter.php(340): CodeIgniter\CodeIgniter->handleRequest()
20 FCPATH/index.php(67): CodeIgniter\CodeIgniter->run()
CRITICAL - 2022-11-07 12:12:21 --> fopen(/var/www/html/CopyCI/writable/session/ci_sessionun43sfsbmglc06gajh5to3j1m2qlilsc): failed to open stream: Permission denied
in SYSTEMPATH/Session/Handlers/FileHandler.php on line 129.
 1 [internal function]: CodeIgniter\Debug\Exceptions->errorHandler()
 2 SYSTEMPATH/Session/Handlers/FileHandler.php(129): fopen()
 3 [internal function]: CodeIgniter\Session\Handlers\FileHandler->read()
 4 SYSTEMPATH/Session/Session.php(920): session_start()
 5 SYSTEMPATH/Session/Session.php(242): CodeIgniter\Session\Session->startSession()
 6 SYSTEMPATH/Config/Services.php(665): CodeIgniter\Session\Session->start()
 7 SYSTEMPATH/Config/BaseService.php(253): CodeIgniter\Config\Services::session()
 8 SYSTEMPATH/Config/BaseService.php(194): CodeIgniter\Config\BaseService::__callStatic()
 9 SYSTEMPATH/Config/Services.php(637): CodeIgniter\Config\BaseService::getSharedInstance()
10 SYSTEMPATH/Config/BaseService.php(253): CodeIgniter\Config\Services::session()
11 SYSTEMPATH/Common.php(939): CodeIgniter\Config\BaseService::__callStatic()
12 APPPATH/Views/news/overview.php(93): session()
13 SYSTEMPATH/View/View.php(213): include('APPPATH/Views/news/overview.php')
14 SYSTEMPATH/View/View.php(216): CodeIgniter\View\View->CodeIgniter\View\{closure}()
15 SYSTEMPATH/Common.php(1142): CodeIgniter\View\View->render()
16 APPPATH/Controllers/News.php(20): view()
17 SYSTEMPATH/CodeIgniter.php(907): App\Controllers\News->index()
18 SYSTEMPATH/CodeIgniter.php(457): CodeIgniter\CodeIgniter->runController()
19 SYSTEMPATH/CodeIgniter.php(340): CodeIgniter\CodeIgniter->handleRequest()
20 FCPATH/index.php(67): CodeIgniter\CodeIgniter->run()
CRITICAL - 2022-11-07 12:12:51 --> fopen(/var/www/html/CopyCI/writable/session/ci_sessionun43sfsbmglc06gajh5to3j1m2qlilsc): failed to open stream: Permission denied
in SYSTEMPATH/Session/Handlers/FileHandler.php on line 129.
 1 [internal function]: CodeIgniter\Debug\Exceptions->errorHandler()
 2 SYSTEMPATH/Session/Handlers/FileHandler.php(129): fopen()
 3 [internal function]: CodeIgniter\Session\Handlers\FileHandler->read()
 4 SYSTEMPATH/Session/Session.php(920): session_start()
 5 SYSTEMPATH/Session/Session.php(242): CodeIgniter\Session\Session->startSession()
 6 SYSTEMPATH/Config/Services.php(665): CodeIgniter\Session\Session->start()
 7 SYSTEMPATH/Config/BaseService.php(253): CodeIgniter\Config\Services::session()
 8 SYSTEMPATH/Config/BaseService.php(194): CodeIgniter\Config\BaseService::__callStatic()
 9 SYSTEMPATH/Config/Services.php(637): CodeIgniter\Config\BaseService::getSharedInstance()
10 SYSTEMPATH/Config/BaseService.php(253): CodeIgniter\Config\Services::session()
11 SYSTEMPATH/Common.php(939): CodeIgniter\Config\BaseService::__callStatic()
12 APPPATH/Views/news/overview.php(93): session()
13 SYSTEMPATH/View/View.php(213): include('APPPATH/Views/news/overview.php')
14 SYSTEMPATH/View/View.php(216): CodeIgniter\View\View->CodeIgniter\View\{closure}()
15 SYSTEMPATH/Common.php(1142): CodeIgniter\View\View->render()
16 APPPATH/Controllers/News.php(20): view()
17 SYSTEMPATH/CodeIgniter.php(907): App\Controllers\News->index()
18 SYSTEMPATH/CodeIgniter.php(457): CodeIgniter\CodeIgniter->runController()
19 SYSTEMPATH/CodeIgniter.php(340): CodeIgniter\CodeIgniter->handleRequest()
20 FCPATH/index.php(67): CodeIgniter\CodeIgniter->run()
CRITICAL - 2022-11-07 12:18:54 --> fopen(/var/www/html/CopyCI/writable/session/ci_sessionoqs8epmv1bqhuau2pblij23qgpbhebgu): failed to open stream: Permission denied
in SYSTEMPATH/Session/Handlers/FileHandler.php on line 129.
 1 [internal function]: CodeIgniter\Debug\Exceptions->errorHandler()
 2 SYSTEMPATH/Session/Handlers/FileHandler.php(129): fopen()
 3 [internal function]: CodeIgniter\Session\Handlers\FileHandler->read()
 4 SYSTEMPATH/Session/Session.php(920): session_start()
 5 SYSTEMPATH/Session/Session.php(242): CodeIgniter\Session\Session->startSession()
 6 SYSTEMPATH/Config/Services.php(665): CodeIgniter\Session\Session->start()
 7 SYSTEMPATH/Config/BaseService.php(253): CodeIgniter\Config\Services::session()
 8 SYSTEMPATH/Config/BaseService.php(194): CodeIgniter\Config\BaseService::__callStatic()
 9 SYSTEMPATH/Config/Services.php(637): CodeIgniter\Config\BaseService::getSharedInstance()
10 SYSTEMPATH/Config/BaseService.php(253): CodeIgniter\Config\Services::session()
11 SYSTEMPATH/Common.php(939): CodeIgniter\Config\BaseService::__callStatic()
12 APPPATH/Views/news/overview.php(93): session()
13 SYSTEMPATH/View/View.php(213): include('APPPATH/Views/news/overview.php')
14 SYSTEMPATH/View/View.php(216): CodeIgniter\View\View->CodeIgniter\View\{closure}()
15 SYSTEMPATH/Common.php(1142): CodeIgniter\View\View->render()
16 APPPATH/Controllers/News.php(20): view()
17 SYSTEMPATH/CodeIgniter.php(907): App\Controllers\News->index()
18 SYSTEMPATH/CodeIgniter.php(457): CodeIgniter\CodeIgniter->runController()
19 SYSTEMPATH/CodeIgniter.php(340): CodeIgniter\CodeIgniter->handleRequest()
20 FCPATH/index.php(67): CodeIgniter\CodeIgniter->run()
CRITICAL - 2022-11-07 12:21:20 --> fopen(/var/www/html/CopyCI/writable/session/ci_sessionoqs8epmv1bqhuau2pblij23qgpbhebgu): failed to open stream: Permission denied
in SYSTEMPATH/Session/Handlers/FileHandler.php on line 129.
 1 [internal function]: CodeIgniter\Debug\Exceptions->errorHandler()
 2 SYSTEMPATH/Session/Handlers/FileHandler.php(129): fopen()
 3 [internal function]: CodeIgniter\Session\Handlers\FileHandler->read()
 4 SYSTEMPATH/Session/Session.php(920): session_start()
 5 SYSTEMPATH/Session/Session.php(242): CodeIgniter\Session\Session->startSession()
 6 SYSTEMPATH/Config/Services.php(665): CodeIgniter\Session\Session->start()
 7 SYSTEMPATH/Config/BaseService.php(253): CodeIgniter\Config\Services::session()
 8 SYSTEMPATH/Config/BaseService.php(194): CodeIgniter\Config\BaseService::__callStatic()
 9 SYSTEMPATH/Config/Services.php(637): CodeIgniter\Config\BaseService::getSharedInstance()
10 SYSTEMPATH/Config/BaseService.php(253): CodeIgniter\Config\Services::session()
11 SYSTEMPATH/Common.php(939): CodeIgniter\Config\BaseService::__callStatic()
12 APPPATH/Views/news/overview.php(93): session()
13 SYSTEMPATH/View/View.php(213): include('APPPATH/Views/news/overview.php')
14 SYSTEMPATH/View/View.php(216): CodeIgniter\View\View->CodeIgniter\View\{closure}()
15 SYSTEMPATH/Common.php(1142): CodeIgniter\View\View->render()
16 APPPATH/Controllers/News.php(20): view()
17 SYSTEMPATH/CodeIgniter.php(907): App\Controllers\News->index()
18 SYSTEMPATH/CodeIgniter.php(457): CodeIgniter\CodeIgniter->runController()
19 SYSTEMPATH/CodeIgniter.php(340): CodeIgniter\CodeIgniter->handleRequest()
20 FCPATH/index.php(67): CodeIgniter\CodeIgniter->run()
CRITICAL - 2022-11-07 12:24:36 --> fopen(/var/www/html/CopyCI/writable/session/ci_sessionoqs8epmv1bqhuau2pblij23qgpbhebgu): failed to open stream: Permission denied
in SYSTEMPATH/Session/Handlers/FileHandler.php on line 129.
 1 [internal function]: CodeIgniter\Debug\Exceptions->errorHandler()
 2 SYSTEMPATH/Session/Handlers/FileHandler.php(129): fopen()
 3 [internal function]: CodeIgniter\Session\Handlers\FileHandler->read()
 4 SYSTEMPATH/Session/Session.php(920): session_start()
 5 SYSTEMPATH/Session/Session.php(242): CodeIgniter\Session\Session->startSession()
 6 SYSTEMPATH/Config/Services.php(665): CodeIgniter\Session\Session->start()
 7 SYSTEMPATH/Config/BaseService.php(253): CodeIgniter\Config\Services::session()
 8 SYSTEMPATH/Config/BaseService.php(194): CodeIgniter\Config\BaseService::__callStatic()
 9 SYSTEMPATH/Config/Services.php(637): CodeIgniter\Config\BaseService::getSharedInstance()
10 SYSTEMPATH/Config/BaseService.php(253): CodeIgniter\Config\Services::session()
11 SYSTEMPATH/Common.php(939): CodeIgniter\Config\BaseService::__callStatic()
12 APPPATH/Views/news/overview.php(93): session()
13 SYSTEMPATH/View/View.php(213): include('APPPATH/Views/news/overview.php')
14 SYSTEMPATH/View/View.php(216): CodeIgniter\View\View->CodeIgniter\View\{closure}()
15 SYSTEMPATH/Common.php(1142): CodeIgniter\View\View->render()
16 APPPATH/Controllers/News.php(20): view()
17 SYSTEMPATH/CodeIgniter.php(907): App\Controllers\News->index()
18 SYSTEMPATH/CodeIgniter.php(457): CodeIgniter\CodeIgniter->runController()
19 SYSTEMPATH/CodeIgniter.php(340): CodeIgniter\CodeIgniter->handleRequest()
20 FCPATH/index.php(67): CodeIgniter\CodeIgniter->run()
CRITICAL - 2022-11-07 12:28:08 --> Cache unable to write to /var/www/html/CopyCI/writable/cache/.
in SYSTEMPATH/Cache/Handlers/FileHandler.php on line 61.
 1 SYSTEMPATH/Cache/Handlers/FileHandler.php(61): CodeIgniter\Cache\Exceptions\CacheException::forUnableToWrite()
 2 SYSTEMPATH/Cache/CacheFactory.php(60): CodeIgniter\Cache\Handlers\FileHandler->__construct()
 3 SYSTEMPATH/Config/Services.php(113): CodeIgniter\Cache\CacheFactory::getHandler()
 4 SYSTEMPATH/Config/BaseService.php(253): CodeIgniter\Config\Services::cache()
 5 SYSTEMPATH/Config/BaseService.php(194): CodeIgniter\Config\BaseService::__callStatic()
 6 SYSTEMPATH/Config/Services.php(108): CodeIgniter\Config\BaseService::getSharedInstance()
 7 SYSTEMPATH/Config/BaseService.php(253): CodeIgniter\Config\Services::cache()
 8 SYSTEMPATH/Common.php(69): CodeIgniter\Config\BaseService::__callStatic()
 9 SYSTEMPATH/CodeIgniter.php(658): cache()
10 SYSTEMPATH/CodeIgniter.php(322): CodeIgniter\CodeIgniter->displayCache()
11 FCPATH/index.php(67): CodeIgniter\CodeIgniter->run()
CRITICAL - 2022-11-07 12:32:49 --> Cache unable to write to /var/www/html/CopyCI/writable/cache/.
in SYSTEMPATH/Cache/Handlers/FileHandler.php on line 61.
 1 SYSTEMPATH/Cache/Handlers/FileHandler.php(61): CodeIgniter\Cache\Exceptions\CacheException::forUnableToWrite()
 2 SYSTEMPATH/Cache/CacheFactory.php(60): CodeIgniter\Cache\Handlers\FileHandler->__construct()
 3 SYSTEMPATH/Config/Services.php(113): CodeIgniter\Cache\CacheFactory::getHandler()
 4 SYSTEMPATH/Config/BaseService.php(253): CodeIgniter\Config\Services::cache()
 5 SYSTEMPATH/Config/BaseService.php(194): CodeIgniter\Config\BaseService::__callStatic()
 6 SYSTEMPATH/Config/Services.php(108): CodeIgniter\Config\BaseService::getSharedInstance()
 7 SYSTEMPATH/Config/BaseService.php(253): CodeIgniter\Config\Services::cache()
 8 SYSTEMPATH/Common.php(69): CodeIgniter\Config\BaseService::__callStatic()
 9 SYSTEMPATH/CodeIgniter.php(658): cache()
10 SYSTEMPATH/CodeIgniter.php(322): CodeIgniter\CodeIgniter->displayCache()
11 FCPATH/index.php(67): CodeIgniter\CodeIgniter->run()
CRITICAL - 2022-11-07 12:33:05 --> Cache unable to write to /var/www/html/CopyCI/writable/cache/.
in SYSTEMPATH/Cache/Handlers/FileHandler.php on line 61.
 1 SYSTEMPATH/Cache/Handlers/FileHandler.php(61): CodeIgniter\Cache\Exceptions\CacheException::forUnableToWrite()
 2 SYSTEMPATH/Cache/CacheFactory.php(60): CodeIgniter\Cache\Handlers\FileHandler->__construct()
 3 SYSTEMPATH/Config/Services.php(113): CodeIgniter\Cache\CacheFactory::getHandler()
 4 SYSTEMPATH/Config/BaseService.php(253): CodeIgniter\Config\Services::cache()
 5 SYSTEMPATH/Config/BaseService.php(194): CodeIgniter\Config\BaseService::__callStatic()
 6 SYSTEMPATH/Config/Services.php(108): CodeIgniter\Config\BaseService::getSharedInstance()
 7 SYSTEMPATH/Config/BaseService.php(253): CodeIgniter\Config\Services::cache()
 8 SYSTEMPATH/Common.php(69): CodeIgniter\Config\BaseService::__callStatic()
 9 SYSTEMPATH/CodeIgniter.php(658): cache()
10 SYSTEMPATH/CodeIgniter.php(322): CodeIgniter\CodeIgniter->displayCache()
11 FCPATH/index.php(67): CodeIgniter\CodeIgniter->run()
CRITICAL - 2022-11-07 12:38:24 --> Cache unable to write to /var/www/html/CopyCI/writable/cache/.
in SYSTEMPATH/Cache/Handlers/FileHandler.php on line 61.
 1 SYSTEMPATH/Cache/Handlers/FileHandler.php(61): CodeIgniter\Cache\Exceptions\CacheException::forUnableToWrite()
 2 SYSTEMPATH/Cache/CacheFactory.php(60): CodeIgniter\Cache\Handlers\FileHandler->__construct()
 3 SYSTEMPATH/Config/Services.php(113): CodeIgniter\Cache\CacheFactory::getHandler()
 4 SYSTEMPATH/Config/BaseService.php(253): CodeIgniter\Config\Services::cache()
 5 SYSTEMPATH/Config/BaseService.php(194): CodeIgniter\Config\BaseService::__callStatic()
 6 SYSTEMPATH/Config/Services.php(108): CodeIgniter\Config\BaseService::getSharedInstance()
 7 SYSTEMPATH/Config/BaseService.php(253): CodeIgniter\Config\Services::cache()
 8 SYSTEMPATH/Common.php(69): CodeIgniter\Config\BaseService::__callStatic()
 9 SYSTEMPATH/CodeIgniter.php(658): cache()
10 SYSTEMPATH/CodeIgniter.php(322): CodeIgniter\CodeIgniter->displayCache()
11 FCPATH/index.php(67): CodeIgniter\CodeIgniter->run()
CRITICAL - 2022-11-07 12:41:34 --> Cache unable to write to /var/www/html/CopyCI/writable/cache/.
in SYSTEMPATH/Cache/Handlers/FileHandler.php on line 61.
 1 SYSTEMPATH/Cache/Handlers/FileHandler.php(61): CodeIgniter\Cache\Exceptions\CacheException::forUnableToWrite()
 2 SYSTEMPATH/Cache/CacheFactory.php(60): CodeIgniter\Cache\Handlers\FileHandler->__construct()
 3 SYSTEMPATH/Config/Services.php(113): CodeIgniter\Cache\CacheFactory::getHandler()
 4 SYSTEMPATH/Config/BaseService.php(253): CodeIgniter\Config\Services::cache()
 5 SYSTEMPATH/Config/BaseService.php(194): CodeIgniter\Config\BaseService::__callStatic()
 6 SYSTEMPATH/Config/Services.php(108): CodeIgniter\Config\BaseService::getSharedInstance()
 7 SYSTEMPATH/Config/BaseService.php(253): CodeIgniter\Config\Services::cache()
 8 SYSTEMPATH/Common.php(69): CodeIgniter\Config\BaseService::__callStatic()
 9 SYSTEMPATH/CodeIgniter.php(658): cache()
10 SYSTEMPATH/CodeIgniter.php(322): CodeIgniter\CodeIgniter->displayCache()
11 FCPATH/index.php(67): CodeIgniter\CodeIgniter->run()
CRITICAL - 2022-11-07 12:48:40 --> Cache unable to write to /var/www/html/CI_Project/writable/cache/.
in SYSTEMPATH/Cache/Handlers/FileHandler.php on line 61.
 1 SYSTEMPATH/Cache/Handlers/FileHandler.php(61): CodeIgniter\Cache\Exceptions\CacheException::forUnableToWrite()
 2 SYSTEMPATH/Cache/CacheFactory.php(60): CodeIgniter\Cache\Handlers\FileHandler->__construct()
 3 SYSTEMPATH/Config/Services.php(113): CodeIgniter\Cache\CacheFactory::getHandler()
 4 SYSTEMPATH/Config/BaseService.php(253): CodeIgniter\Config\Services::cache()
 5 SYSTEMPATH/Config/BaseService.php(194): CodeIgniter\Config\BaseService::__callStatic()
 6 SYSTEMPATH/Config/Services.php(108): CodeIgniter\Config\BaseService::getSharedInstance()
 7 SYSTEMPATH/Config/BaseService.php(253): CodeIgniter\Config\Services::cache()
 8 SYSTEMPATH/Common.php(69): CodeIgniter\Config\BaseService::__callStatic()
 9 SYSTEMPATH/CodeIgniter.php(658): cache()
10 SYSTEMPATH/CodeIgniter.php(322): CodeIgniter\CodeIgniter->displayCache()
11 FCPATH/index.php(67): CodeIgniter\CodeIgniter->run()
CRITICAL - 2022-11-07 12:52:39 --> Cache unable to write to /var/www/html/CI_Project/writable/cache/.
in SYSTEMPATH/Cache/Handlers/FileHandler.php on line 61.
 1 SYSTEMPATH/Cache/Handlers/FileHandler.php(61): CodeIgniter\Cache\Exceptions\CacheException::forUnableToWrite()
 2 SYSTEMPATH/Cache/CacheFactory.php(60): CodeIgniter\Cache\Handlers\FileHandler->__construct()
 3 SYSTEMPATH/Config/Services.php(113): CodeIgniter\Cache\CacheFactory::getHandler()
 4 SYSTEMPATH/Config/BaseService.php(253): CodeIgniter\Config\Services::cache()
 5 SYSTEMPATH/Config/BaseService.php(194): CodeIgniter\Config\BaseService::__callStatic()
 6 SYSTEMPATH/Config/Services.php(108): CodeIgniter\Config\BaseService::getSharedInstance()
 7 SYSTEMPATH/Config/BaseService.php(253): CodeIgniter\Config\Services::cache()
 8 SYSTEMPATH/Common.php(69): CodeIgniter\Config\BaseService::__callStatic()
 9 SYSTEMPATH/CodeIgniter.php(658): cache()
10 SYSTEMPATH/CodeIgniter.php(322): CodeIgniter\CodeIgniter->displayCache()
11 FCPATH/index.php(67): CodeIgniter\CodeIgniter->run()
CRITICAL - 2022-11-07 12:56:23 --> Cache unable to write to /var/www/html/CI_Project/writable/cache/.
in SYSTEMPATH/Cache/Handlers/FileHandler.php on line 61.
 1 SYSTEMPATH/Cache/Handlers/FileHandler.php(61): CodeIgniter\Cache\Exceptions\CacheException::forUnableToWrite()
 2 SYSTEMPATH/Cache/CacheFactory.php(60): CodeIgniter\Cache\Handlers\FileHandler->__construct()
 3 SYSTEMPATH/Config/Services.php(113): CodeIgniter\Cache\CacheFactory::getHandler()
 4 SYSTEMPATH/Config/BaseService.php(253): CodeIgniter\Config\Services::cache()
 5 SYSTEMPATH/Config/BaseService.php(194): CodeIgniter\Config\BaseService::__callStatic()
 6 SYSTEMPATH/Config/Services.php(108): CodeIgniter\Config\BaseService::getSharedInstance()
 7 SYSTEMPATH/Config/BaseService.php(253): CodeIgniter\Config\Services::cache()
 8 SYSTEMPATH/Common.php(69): CodeIgniter\Config\BaseService::__callStatic()
 9 SYSTEMPATH/CodeIgniter.php(658): cache()
10 SYSTEMPATH/CodeIgniter.php(322): CodeIgniter\CodeIgniter->displayCache()
11 FCPATH/index.php(67): CodeIgniter\CodeIgniter->run()
CRITICAL - 2022-11-07 13:01:20 --> Cache unable to write to /var/www/html/CopyCI/writable/cache/.
in SYSTEMPATH/Cache/Handlers/FileHandler.php on line 61.
 1 SYSTEMPATH/Cache/Handlers/FileHandler.php(61): CodeIgniter\Cache\Exceptions\CacheException::forUnableToWrite()
 2 SYSTEMPATH/Cache/CacheFactory.php(60): CodeIgniter\Cache\Handlers\FileHandler->__construct()
 3 SYSTEMPATH/Config/Services.php(113): CodeIgniter\Cache\CacheFactory::getHandler()
 4 SYSTEMPATH/Config/BaseService.php(253): CodeIgniter\Config\Services::cache()
 5 SYSTEMPATH/Config/BaseService.php(194): CodeIgniter\Config\BaseService::__callStatic()
 6 SYSTEMPATH/Config/Services.php(108): CodeIgniter\Config\BaseService::getSharedInstance()
 7 SYSTEMPATH/Config/BaseService.php(253): CodeIgniter\Config\Services::cache()
 8 SYSTEMPATH/Common.php(69): CodeIgniter\Config\BaseService::__callStatic()
 9 SYSTEMPATH/CodeIgniter.php(658): cache()
10 SYSTEMPATH/CodeIgniter.php(322): CodeIgniter\CodeIgniter->displayCache()
11 FCPATH/index.php(67): CodeIgniter\CodeIgniter->run()
