ERROR - 2022-11-01 03:43:50 --> Error connecting to the database: mysqli_sql_exception: Access denied for user ''@'localhost' (using password: NO) in /var/www/html/CI/system/Database/MySQLi/Connection.php:171
Stack trace:
#0 /var/www/html/CI/system/Database/MySQLi/Connection.php(171): mysqli->real_connect()
#1 /var/www/html/CI/system/Database/BaseConnection.php(382): CodeIgniter\Database\MySQLi\Connection->connect()
#2 /var/www/html/CI/system/Database/BaseConnection.php(588): CodeIgniter\Database\BaseConnection->initialize()
#3 /var/www/html/CI/system/Database/BaseBuilder.php(1585): CodeIgniter\Database\BaseConnection->query()
#4 /var/www/html/CI/system/Model.php(223): CodeIgniter\Database\BaseBuilder->get()
#5 /var/www/html/CI/system/BaseModel.php(584): CodeIgniter\Model->doFindAll()
#6 /var/www/html/CI/app/Models/NewsModel.php(14): CodeIgniter\BaseModel->findAll()
#7 /var/www/html/CI/app/Controllers/News.php(14): App\Models\NewsModel->getNews()
#8 /var/www/html/CI/system/CodeIgniter.php(907): App\Controllers\News->index()
#9 /var/www/html/CI/system/CodeIgniter.php(457): CodeIgniter\CodeIgniter->runController()
#10 /var/www/html/CI/system/CodeIgniter.php(340): CodeIgniter\CodeIgniter->handleRequest()
#11 /var/www/html/CI/public/index.php(67): CodeIgniter\CodeIgniter->run()
#12 /var/www/html/CI/system/Commands/Server/rewrite.php(43): require_once('/var/www/html/C...')
#13 {main}

Next CodeIgniter\Database\Exceptions\DatabaseException: Access denied for user ''@'localhost' (using password: NO) in /var/www/html/CI/system/Database/MySQLi/Connection.php:215
Stack trace:
#0 /var/www/html/CI/system/Database/BaseConnection.php(382): CodeIgniter\Database\MySQLi\Connection->connect()
#1 /var/www/html/CI/system/Database/BaseConnection.php(588): CodeIgniter\Database\BaseConnection->initialize()
#2 /var/www/html/CI/system/Database/BaseBuilder.php(1585): CodeIgniter\Database\BaseConnection->query()
#3 /var/www/html/CI/system/Model.php(223): CodeIgniter\Database\BaseBuilder->get()
#4 /var/www/html/CI/system/BaseModel.php(584): CodeIgniter\Model->doFindAll()
#5 /var/www/html/CI/app/Models/NewsModel.php(14): CodeIgniter\BaseModel->findAll()
#6 /var/www/html/CI/app/Controllers/News.php(14): App\Models\NewsModel->getNews()
#7 /var/www/html/CI/system/CodeIgniter.php(907): App\Controllers\News->index()
#8 /var/www/html/CI/system/CodeIgniter.php(457): CodeIgniter\CodeIgniter->runController()
#9 /var/www/html/CI/system/CodeIgniter.php(340): CodeIgniter\CodeIgniter->handleRequest()
#10 /var/www/html/CI/public/index.php(67): CodeIgniter\CodeIgniter->run()
#11 /var/www/html/CI/system/Commands/Server/rewrite.php(43): require_once('/var/www/html/C...')
#12 {main}
CRITICAL - 2022-11-01 03:43:50 --> Unable to connect to the database.
Main connection [MySQLi]: Access denied for user ''@'localhost' (using password: NO)
in SYSTEMPATH/Database/BaseConnection.php on line 418.
 1 SYSTEMPATH/Database/BaseConnection.php(588): CodeIgniter\Database\BaseConnection->initialize()
 2 SYSTEMPATH/Database/BaseBuilder.php(1585): CodeIgniter\Database\BaseConnection->query()
 3 SYSTEMPATH/Model.php(223): CodeIgniter\Database\BaseBuilder->get()
 4 SYSTEMPATH/BaseModel.php(584): CodeIgniter\Model->doFindAll()
 5 APPPATH/Models/NewsModel.php(14): CodeIgniter\BaseModel->findAll()
 6 APPPATH/Controllers/News.php(14): App\Models\NewsModel->getNews()
 7 SYSTEMPATH/CodeIgniter.php(907): App\Controllers\News->index()
 8 SYSTEMPATH/CodeIgniter.php(457): CodeIgniter\CodeIgniter->runController()
 9 SYSTEMPATH/CodeIgniter.php(340): CodeIgniter\CodeIgniter->handleRequest()
10 FCPATH/index.php(67): CodeIgniter\CodeIgniter->run()
11 SYSTEMPATH/Commands/Server/rewrite.php(43): require_once('FCPATH/index.php')
ERROR - 2022-11-01 03:45:41 --> Error connecting to the database: mysqli_sql_exception: Access denied for user ''@'localhost' (using password: NO) in /var/www/html/CI/system/Database/MySQLi/Connection.php:171
Stack trace:
#0 /var/www/html/CI/system/Database/MySQLi/Connection.php(171): mysqli->real_connect()
#1 /var/www/html/CI/system/Database/BaseConnection.php(382): CodeIgniter\Database\MySQLi\Connection->connect()
#2 /var/www/html/CI/system/Database/BaseConnection.php(588): CodeIgniter\Database\BaseConnection->initialize()
#3 /var/www/html/CI/system/Database/BaseBuilder.php(1585): CodeIgniter\Database\BaseConnection->query()
#4 /var/www/html/CI/system/Model.php(223): CodeIgniter\Database\BaseBuilder->get()
#5 /var/www/html/CI/system/BaseModel.php(584): CodeIgniter\Model->doFindAll()
#6 /var/www/html/CI/app/Models/NewsModel.php(14): CodeIgniter\BaseModel->findAll()
#7 /var/www/html/CI/app/Controllers/News.php(14): App\Models\NewsModel->getNews()
#8 /var/www/html/CI/system/CodeIgniter.php(907): App\Controllers\News->index()
#9 /var/www/html/CI/system/CodeIgniter.php(457): CodeIgniter\CodeIgniter->runController()
#10 /var/www/html/CI/system/CodeIgniter.php(340): CodeIgniter\CodeIgniter->handleRequest()
#11 /var/www/html/CI/public/index.php(67): CodeIgniter\CodeIgniter->run()
#12 /var/www/html/CI/system/Commands/Server/rewrite.php(43): require_once('/var/www/html/C...')
#13 {main}

Next CodeIgniter\Database\Exceptions\DatabaseException: Access denied for user ''@'localhost' (using password: NO) in /var/www/html/CI/system/Database/MySQLi/Connection.php:215
Stack trace:
#0 /var/www/html/CI/system/Database/BaseConnection.php(382): CodeIgniter\Database\MySQLi\Connection->connect()
#1 /var/www/html/CI/system/Database/BaseConnection.php(588): CodeIgniter\Database\BaseConnection->initialize()
#2 /var/www/html/CI/system/Database/BaseBuilder.php(1585): CodeIgniter\Database\BaseConnection->query()
#3 /var/www/html/CI/system/Model.php(223): CodeIgniter\Database\BaseBuilder->get()
#4 /var/www/html/CI/system/BaseModel.php(584): CodeIgniter\Model->doFindAll()
#5 /var/www/html/CI/app/Models/NewsModel.php(14): CodeIgniter\BaseModel->findAll()
#6 /var/www/html/CI/app/Controllers/News.php(14): App\Models\NewsModel->getNews()
#7 /var/www/html/CI/system/CodeIgniter.php(907): App\Controllers\News->index()
#8 /var/www/html/CI/system/CodeIgniter.php(457): CodeIgniter\CodeIgniter->runController()
#9 /var/www/html/CI/system/CodeIgniter.php(340): CodeIgniter\CodeIgniter->handleRequest()
#10 /var/www/html/CI/public/index.php(67): CodeIgniter\CodeIgniter->run()
#11 /var/www/html/CI/system/Commands/Server/rewrite.php(43): require_once('/var/www/html/C...')
#12 {main}
CRITICAL - 2022-11-01 03:45:41 --> Unable to connect to the database.
Main connection [MySQLi]: Access denied for user ''@'localhost' (using password: NO)
in SYSTEMPATH/Database/BaseConnection.php on line 418.
 1 SYSTEMPATH/Database/BaseConnection.php(588): CodeIgniter\Database\BaseConnection->initialize()
 2 SYSTEMPATH/Database/BaseBuilder.php(1585): CodeIgniter\Database\BaseConnection->query()
 3 SYSTEMPATH/Model.php(223): CodeIgniter\Database\BaseBuilder->get()
 4 SYSTEMPATH/BaseModel.php(584): CodeIgniter\Model->doFindAll()
 5 APPPATH/Models/NewsModel.php(14): CodeIgniter\BaseModel->findAll()
 6 APPPATH/Controllers/News.php(14): App\Models\NewsModel->getNews()
 7 SYSTEMPATH/CodeIgniter.php(907): App\Controllers\News->index()
 8 SYSTEMPATH/CodeIgniter.php(457): CodeIgniter\CodeIgniter->runController()
 9 SYSTEMPATH/CodeIgniter.php(340): CodeIgniter\CodeIgniter->handleRequest()
10 FCPATH/index.php(67): CodeIgniter\CodeIgniter->run()
11 SYSTEMPATH/Commands/Server/rewrite.php(43): require_once('FCPATH/index.php')
ERROR - 2022-11-01 23:19:04 --> Error connecting to the database: mysqli_sql_exception: Access denied for user ''@'localhost' (using password: NO) in /var/www/html/CI/system/Database/MySQLi/Connection.php:171
Stack trace:
#0 /var/www/html/CI/system/Database/MySQLi/Connection.php(171): mysqli->real_connect()
#1 /var/www/html/CI/system/Database/BaseConnection.php(382): CodeIgniter\Database\MySQLi\Connection->connect()
#2 /var/www/html/CI/system/Database/BaseConnection.php(588): CodeIgniter\Database\BaseConnection->initialize()
#3 /var/www/html/CI/system/Database/BaseBuilder.php(1585): CodeIgniter\Database\BaseConnection->query()
#4 /var/www/html/CI/system/Model.php(223): CodeIgniter\Database\BaseBuilder->get()
#5 /var/www/html/CI/system/BaseModel.php(584): CodeIgniter\Model->doFindAll()
#6 /var/www/html/CI/app/Models/NewsModel.php(14): CodeIgniter\BaseModel->findAll()
#7 /var/www/html/CI/app/Controllers/News.php(14): App\Models\NewsModel->getNews()
#8 /var/www/html/CI/system/CodeIgniter.php(907): App\Controllers\News->index()
#9 /var/www/html/CI/system/CodeIgniter.php(457): CodeIgniter\CodeIgniter->runController()
#10 /var/www/html/CI/system/CodeIgniter.php(340): CodeIgniter\CodeIgniter->handleRequest()
#11 /var/www/html/CI/public/index.php(67): CodeIgniter\CodeIgniter->run()
#12 /var/www/html/CI/system/Commands/Server/rewrite.php(43): require_once('/var/www/html/C...')
#13 {main}

Next CodeIgniter\Database\Exceptions\DatabaseException: Access denied for user ''@'localhost' (using password: NO) in /var/www/html/CI/system/Database/MySQLi/Connection.php:215
Stack trace:
#0 /var/www/html/CI/system/Database/BaseConnection.php(382): CodeIgniter\Database\MySQLi\Connection->connect()
#1 /var/www/html/CI/system/Database/BaseConnection.php(588): CodeIgniter\Database\BaseConnection->initialize()
#2 /var/www/html/CI/system/Database/BaseBuilder.php(1585): CodeIgniter\Database\BaseConnection->query()
#3 /var/www/html/CI/system/Model.php(223): CodeIgniter\Database\BaseBuilder->get()
#4 /var/www/html/CI/system/BaseModel.php(584): CodeIgniter\Model->doFindAll()
#5 /var/www/html/CI/app/Models/NewsModel.php(14): CodeIgniter\BaseModel->findAll()
#6 /var/www/html/CI/app/Controllers/News.php(14): App\Models\NewsModel->getNews()
#7 /var/www/html/CI/system/CodeIgniter.php(907): App\Controllers\News->index()
#8 /var/www/html/CI/system/CodeIgniter.php(457): CodeIgniter\CodeIgniter->runController()
#9 /var/www/html/CI/system/CodeIgniter.php(340): CodeIgniter\CodeIgniter->handleRequest()
#10 /var/www/html/CI/public/index.php(67): CodeIgniter\CodeIgniter->run()
#11 /var/www/html/CI/system/Commands/Server/rewrite.php(43): require_once('/var/www/html/C...')
#12 {main}
CRITICAL - 2022-11-01 23:19:04 --> Unable to connect to the database.
Main connection [MySQLi]: Access denied for user ''@'localhost' (using password: NO)
in SYSTEMPATH/Database/BaseConnection.php on line 418.
 1 SYSTEMPATH/Database/BaseConnection.php(588): CodeIgniter\Database\BaseConnection->initialize()
 2 SYSTEMPATH/Database/BaseBuilder.php(1585): CodeIgniter\Database\BaseConnection->query()
 3 SYSTEMPATH/Model.php(223): CodeIgniter\Database\BaseBuilder->get()
 4 SYSTEMPATH/BaseModel.php(584): CodeIgniter\Model->doFindAll()
 5 APPPATH/Models/NewsModel.php(14): CodeIgniter\BaseModel->findAll()
 6 APPPATH/Controllers/News.php(14): App\Models\NewsModel->getNews()
 7 SYSTEMPATH/CodeIgniter.php(907): App\Controllers\News->index()
 8 SYSTEMPATH/CodeIgniter.php(457): CodeIgniter\CodeIgniter->runController()
 9 SYSTEMPATH/CodeIgniter.php(340): CodeIgniter\CodeIgniter->handleRequest()
10 FCPATH/index.php(67): CodeIgniter\CodeIgniter->run()
11 SYSTEMPATH/Commands/Server/rewrite.php(43): require_once('FCPATH/index.php')
CRITICAL - 2022-11-01 23:22:38 --> syntax error, unexpected '.', expecting end of file
in APPPATH/Controllers/News.php on line 36.
 1 SYSTEMPATH/Autoloader/Autoloader.php(259): CodeIgniter\Autoloader\Autoloader->includeFile()
 2 SYSTEMPATH/Autoloader/Autoloader.php(237): CodeIgniter\Autoloader\Autoloader->loadInNamespace()
 3 [internal function]: CodeIgniter\Autoloader\Autoloader->loadClass()
 4 [internal function]: spl_autoload_call()
 5 SYSTEMPATH/CodeIgniter.php(857): class_exists()
 6 SYSTEMPATH/CodeIgniter.php(444): CodeIgniter\CodeIgniter->startController()
 7 SYSTEMPATH/CodeIgniter.php(340): CodeIgniter\CodeIgniter->handleRequest()
 8 FCPATH/index.php(67): CodeIgniter\CodeIgniter->run()
 9 SYSTEMPATH/Commands/Server/rewrite.php(43): require_once('FCPATH/index.php')
ERROR - 2022-11-01 23:28:15 --> Error connecting to the database: mysqli_sql_exception: Access denied for user ''@'localhost' (using password: NO) in /var/www/html/CI/system/Database/MySQLi/Connection.php:171
Stack trace:
#0 /var/www/html/CI/system/Database/MySQLi/Connection.php(171): mysqli->real_connect()
#1 /var/www/html/CI/system/Database/BaseConnection.php(382): CodeIgniter\Database\MySQLi\Connection->connect()
#2 /var/www/html/CI/system/Database/BaseConnection.php(588): CodeIgniter\Database\BaseConnection->initialize()
#3 /var/www/html/CI/system/Database/BaseBuilder.php(1585): CodeIgniter\Database\BaseConnection->query()
#4 /var/www/html/CI/system/Model.php(223): CodeIgniter\Database\BaseBuilder->get()
#5 /var/www/html/CI/system/BaseModel.php(584): CodeIgniter\Model->doFindAll()
#6 /var/www/html/CI/app/Models/NewsModel.php(14): CodeIgniter\BaseModel->findAll()
#7 /var/www/html/CI/app/Controllers/News.php(14): App\Models\NewsModel->getNews()
#8 /var/www/html/CI/system/CodeIgniter.php(907): App\Controllers\News->index()
#9 /var/www/html/CI/system/CodeIgniter.php(457): CodeIgniter\CodeIgniter->runController()
#10 /var/www/html/CI/system/CodeIgniter.php(340): CodeIgniter\CodeIgniter->handleRequest()
#11 /var/www/html/CI/public/index.php(67): CodeIgniter\CodeIgniter->run()
#12 /var/www/html/CI/system/Commands/Server/rewrite.php(43): require_once('/var/www/html/C...')
#13 {main}

Next CodeIgniter\Database\Exceptions\DatabaseException: Access denied for user ''@'localhost' (using password: NO) in /var/www/html/CI/system/Database/MySQLi/Connection.php:215
Stack trace:
#0 /var/www/html/CI/system/Database/BaseConnection.php(382): CodeIgniter\Database\MySQLi\Connection->connect()
#1 /var/www/html/CI/system/Database/BaseConnection.php(588): CodeIgniter\Database\BaseConnection->initialize()
#2 /var/www/html/CI/system/Database/BaseBuilder.php(1585): CodeIgniter\Database\BaseConnection->query()
#3 /var/www/html/CI/system/Model.php(223): CodeIgniter\Database\BaseBuilder->get()
#4 /var/www/html/CI/system/BaseModel.php(584): CodeIgniter\Model->doFindAll()
#5 /var/www/html/CI/app/Models/NewsModel.php(14): CodeIgniter\BaseModel->findAll()
#6 /var/www/html/CI/app/Controllers/News.php(14): App\Models\NewsModel->getNews()
#7 /var/www/html/CI/system/CodeIgniter.php(907): App\Controllers\News->index()
#8 /var/www/html/CI/system/CodeIgniter.php(457): CodeIgniter\CodeIgniter->runController()
#9 /var/www/html/CI/system/CodeIgniter.php(340): CodeIgniter\CodeIgniter->handleRequest()
#10 /var/www/html/CI/public/index.php(67): CodeIgniter\CodeIgniter->run()
#11 /var/www/html/CI/system/Commands/Server/rewrite.php(43): require_once('/var/www/html/C...')
#12 {main}
CRITICAL - 2022-11-01 23:28:15 --> Unable to connect to the database.
Main connection [MySQLi]: Access denied for user ''@'localhost' (using password: NO)
in SYSTEMPATH/Database/BaseConnection.php on line 418.
 1 SYSTEMPATH/Database/BaseConnection.php(588): CodeIgniter\Database\BaseConnection->initialize()
 2 SYSTEMPATH/Database/BaseBuilder.php(1585): CodeIgniter\Database\BaseConnection->query()
 3 SYSTEMPATH/Model.php(223): CodeIgniter\Database\BaseBuilder->get()
 4 SYSTEMPATH/BaseModel.php(584): CodeIgniter\Model->doFindAll()
 5 APPPATH/Models/NewsModel.php(14): CodeIgniter\BaseModel->findAll()
 6 APPPATH/Controllers/News.php(14): App\Models\NewsModel->getNews()
 7 SYSTEMPATH/CodeIgniter.php(907): App\Controllers\News->index()
 8 SYSTEMPATH/CodeIgniter.php(457): CodeIgniter\CodeIgniter->runController()
 9 SYSTEMPATH/CodeIgniter.php(340): CodeIgniter\CodeIgniter->handleRequest()
10 FCPATH/index.php(67): CodeIgniter\CodeIgniter->run()
11 SYSTEMPATH/Commands/Server/rewrite.php(43): require_once('FCPATH/index.php')
ERROR - 2022-11-01 23:44:09 --> Error connecting to the database: mysqli_sql_exception: Access denied for user ''@'localhost' (using password: NO) in /var/www/html/CI/system/Database/MySQLi/Connection.php:171
Stack trace:
#0 /var/www/html/CI/system/Database/MySQLi/Connection.php(171): mysqli->real_connect()
#1 /var/www/html/CI/system/Database/BaseConnection.php(382): CodeIgniter\Database\MySQLi\Connection->connect()
#2 /var/www/html/CI/system/Database/BaseConnection.php(588): CodeIgniter\Database\BaseConnection->initialize()
#3 /var/www/html/CI/system/Database/BaseBuilder.php(1585): CodeIgniter\Database\BaseConnection->query()
#4 /var/www/html/CI/system/Model.php(223): CodeIgniter\Database\BaseBuilder->get()
#5 /var/www/html/CI/system/BaseModel.php(584): CodeIgniter\Model->doFindAll()
#6 /var/www/html/CI/app/Models/NewsModel.php(14): CodeIgniter\BaseModel->findAll()
#7 /var/www/html/CI/app/Controllers/News.php(14): App\Models\NewsModel->getNews()
#8 /var/www/html/CI/system/CodeIgniter.php(907): App\Controllers\News->index()
#9 /var/www/html/CI/system/CodeIgniter.php(457): CodeIgniter\CodeIgniter->runController()
#10 /var/www/html/CI/system/CodeIgniter.php(340): CodeIgniter\CodeIgniter->handleRequest()
#11 /var/www/html/CI/public/index.php(67): CodeIgniter\CodeIgniter->run()
#12 /var/www/html/CI/system/Commands/Server/rewrite.php(43): require_once('/var/www/html/C...')
#13 {main}

Next CodeIgniter\Database\Exceptions\DatabaseException: Access denied for user ''@'localhost' (using password: NO) in /var/www/html/CI/system/Database/MySQLi/Connection.php:215
Stack trace:
#0 /var/www/html/CI/system/Database/BaseConnection.php(382): CodeIgniter\Database\MySQLi\Connection->connect()
#1 /var/www/html/CI/system/Database/BaseConnection.php(588): CodeIgniter\Database\BaseConnection->initialize()
#2 /var/www/html/CI/system/Database/BaseBuilder.php(1585): CodeIgniter\Database\BaseConnection->query()
#3 /var/www/html/CI/system/Model.php(223): CodeIgniter\Database\BaseBuilder->get()
#4 /var/www/html/CI/system/BaseModel.php(584): CodeIgniter\Model->doFindAll()
#5 /var/www/html/CI/app/Models/NewsModel.php(14): CodeIgniter\BaseModel->findAll()
#6 /var/www/html/CI/app/Controllers/News.php(14): App\Models\NewsModel->getNews()
#7 /var/www/html/CI/system/CodeIgniter.php(907): App\Controllers\News->index()
#8 /var/www/html/CI/system/CodeIgniter.php(457): CodeIgniter\CodeIgniter->runController()
#9 /var/www/html/CI/system/CodeIgniter.php(340): CodeIgniter\CodeIgniter->handleRequest()
#10 /var/www/html/CI/public/index.php(67): CodeIgniter\CodeIgniter->run()
#11 /var/www/html/CI/system/Commands/Server/rewrite.php(43): require_once('/var/www/html/C...')
#12 {main}
CRITICAL - 2022-11-01 23:44:09 --> Unable to connect to the database.
Main connection [MySQLi]: Access denied for user ''@'localhost' (using password: NO)
in SYSTEMPATH/Database/BaseConnection.php on line 418.
 1 SYSTEMPATH/Database/BaseConnection.php(588): CodeIgniter\Database\BaseConnection->initialize()
 2 SYSTEMPATH/Database/BaseBuilder.php(1585): CodeIgniter\Database\BaseConnection->query()
 3 SYSTEMPATH/Model.php(223): CodeIgniter\Database\BaseBuilder->get()
 4 SYSTEMPATH/BaseModel.php(584): CodeIgniter\Model->doFindAll()
 5 APPPATH/Models/NewsModel.php(14): CodeIgniter\BaseModel->findAll()
 6 APPPATH/Controllers/News.php(14): App\Models\NewsModel->getNews()
 7 SYSTEMPATH/CodeIgniter.php(907): App\Controllers\News->index()
 8 SYSTEMPATH/CodeIgniter.php(457): CodeIgniter\CodeIgniter->runController()
 9 SYSTEMPATH/CodeIgniter.php(340): CodeIgniter\CodeIgniter->handleRequest()
10 FCPATH/index.php(67): CodeIgniter\CodeIgniter->run()
11 SYSTEMPATH/Commands/Server/rewrite.php(43): require_once('FCPATH/index.php')
ERROR - 2022-11-01 23:44:11 --> Error connecting to the database: mysqli_sql_exception: Access denied for user ''@'localhost' (using password: NO) in /var/www/html/CI/system/Database/MySQLi/Connection.php:171
Stack trace:
#0 /var/www/html/CI/system/Database/MySQLi/Connection.php(171): mysqli->real_connect()
#1 /var/www/html/CI/system/Database/BaseConnection.php(382): CodeIgniter\Database\MySQLi\Connection->connect()
#2 /var/www/html/CI/system/Database/BaseConnection.php(588): CodeIgniter\Database\BaseConnection->initialize()
#3 /var/www/html/CI/system/Database/BaseBuilder.php(1585): CodeIgniter\Database\BaseConnection->query()
#4 /var/www/html/CI/system/Model.php(223): CodeIgniter\Database\BaseBuilder->get()
#5 /var/www/html/CI/system/BaseModel.php(584): CodeIgniter\Model->doFindAll()
#6 /var/www/html/CI/app/Models/NewsModel.php(14): CodeIgniter\BaseModel->findAll()
#7 /var/www/html/CI/app/Controllers/News.php(14): App\Models\NewsModel->getNews()
#8 /var/www/html/CI/system/CodeIgniter.php(907): App\Controllers\News->index()
#9 /var/www/html/CI/system/CodeIgniter.php(457): CodeIgniter\CodeIgniter->runController()
#10 /var/www/html/CI/system/CodeIgniter.php(340): CodeIgniter\CodeIgniter->handleRequest()
#11 /var/www/html/CI/public/index.php(67): CodeIgniter\CodeIgniter->run()
#12 /var/www/html/CI/system/Commands/Server/rewrite.php(43): require_once('/var/www/html/C...')
#13 {main}

Next CodeIgniter\Database\Exceptions\DatabaseException: Access denied for user ''@'localhost' (using password: NO) in /var/www/html/CI/system/Database/MySQLi/Connection.php:215
Stack trace:
#0 /var/www/html/CI/system/Database/BaseConnection.php(382): CodeIgniter\Database\MySQLi\Connection->connect()
#1 /var/www/html/CI/system/Database/BaseConnection.php(588): CodeIgniter\Database\BaseConnection->initialize()
#2 /var/www/html/CI/system/Database/BaseBuilder.php(1585): CodeIgniter\Database\BaseConnection->query()
#3 /var/www/html/CI/system/Model.php(223): CodeIgniter\Database\BaseBuilder->get()
#4 /var/www/html/CI/system/BaseModel.php(584): CodeIgniter\Model->doFindAll()
#5 /var/www/html/CI/app/Models/NewsModel.php(14): CodeIgniter\BaseModel->findAll()
#6 /var/www/html/CI/app/Controllers/News.php(14): App\Models\NewsModel->getNews()
#7 /var/www/html/CI/system/CodeIgniter.php(907): App\Controllers\News->index()
#8 /var/www/html/CI/system/CodeIgniter.php(457): CodeIgniter\CodeIgniter->runController()
#9 /var/www/html/CI/system/CodeIgniter.php(340): CodeIgniter\CodeIgniter->handleRequest()
#10 /var/www/html/CI/public/index.php(67): CodeIgniter\CodeIgniter->run()
#11 /var/www/html/CI/system/Commands/Server/rewrite.php(43): require_once('/var/www/html/C...')
#12 {main}
CRITICAL - 2022-11-01 23:44:11 --> Unable to connect to the database.
Main connection [MySQLi]: Access denied for user ''@'localhost' (using password: NO)
in SYSTEMPATH/Database/BaseConnection.php on line 418.
 1 SYSTEMPATH/Database/BaseConnection.php(588): CodeIgniter\Database\BaseConnection->initialize()
 2 SYSTEMPATH/Database/BaseBuilder.php(1585): CodeIgniter\Database\BaseConnection->query()
 3 SYSTEMPATH/Model.php(223): CodeIgniter\Database\BaseBuilder->get()
 4 SYSTEMPATH/BaseModel.php(584): CodeIgniter\Model->doFindAll()
 5 APPPATH/Models/NewsModel.php(14): CodeIgniter\BaseModel->findAll()
 6 APPPATH/Controllers/News.php(14): App\Models\NewsModel->getNews()
 7 SYSTEMPATH/CodeIgniter.php(907): App\Controllers\News->index()
 8 SYSTEMPATH/CodeIgniter.php(457): CodeIgniter\CodeIgniter->runController()
 9 SYSTEMPATH/CodeIgniter.php(340): CodeIgniter\CodeIgniter->handleRequest()
10 FCPATH/index.php(67): CodeIgniter\CodeIgniter->run()
11 SYSTEMPATH/Commands/Server/rewrite.php(43): require_once('FCPATH/index.php')
ERROR - 2022-11-01 23:50:57 --> Error connecting to the database: mysqli_sql_exception: Access denied for user ''@'localhost' (using password: NO) in /var/www/html/CI/system/Database/MySQLi/Connection.php:171
Stack trace:
#0 /var/www/html/CI/system/Database/MySQLi/Connection.php(171): mysqli->real_connect()
#1 /var/www/html/CI/system/Database/BaseConnection.php(382): CodeIgniter\Database\MySQLi\Connection->connect()
#2 /var/www/html/CI/system/Database/BaseConnection.php(588): CodeIgniter\Database\BaseConnection->initialize()
#3 /var/www/html/CI/system/Database/BaseBuilder.php(1585): CodeIgniter\Database\BaseConnection->query()
#4 /var/www/html/CI/system/Model.php(223): CodeIgniter\Database\BaseBuilder->get()
#5 /var/www/html/CI/system/BaseModel.php(584): CodeIgniter\Model->doFindAll()
#6 /var/www/html/CI/app/Models/NewsModel.php(14): CodeIgniter\BaseModel->findAll()
#7 /var/www/html/CI/app/Controllers/News.php(14): App\Models\NewsModel->getNews()
#8 /var/www/html/CI/system/CodeIgniter.php(907): App\Controllers\News->index()
#9 /var/www/html/CI/system/CodeIgniter.php(457): CodeIgniter\CodeIgniter->runController()
#10 /var/www/html/CI/system/CodeIgniter.php(340): CodeIgniter\CodeIgniter->handleRequest()
#11 /var/www/html/CI/public/index.php(67): CodeIgniter\CodeIgniter->run()
#12 /var/www/html/CI/system/Commands/Server/rewrite.php(43): require_once('/var/www/html/C...')
#13 {main}

Next CodeIgniter\Database\Exceptions\DatabaseException: Access denied for user ''@'localhost' (using password: NO) in /var/www/html/CI/system/Database/MySQLi/Connection.php:215
Stack trace:
#0 /var/www/html/CI/system/Database/BaseConnection.php(382): CodeIgniter\Database\MySQLi\Connection->connect()
#1 /var/www/html/CI/system/Database/BaseConnection.php(588): CodeIgniter\Database\BaseConnection->initialize()
#2 /var/www/html/CI/system/Database/BaseBuilder.php(1585): CodeIgniter\Database\BaseConnection->query()
#3 /var/www/html/CI/system/Model.php(223): CodeIgniter\Database\BaseBuilder->get()
#4 /var/www/html/CI/system/BaseModel.php(584): CodeIgniter\Model->doFindAll()
#5 /var/www/html/CI/app/Models/NewsModel.php(14): CodeIgniter\BaseModel->findAll()
#6 /var/www/html/CI/app/Controllers/News.php(14): App\Models\NewsModel->getNews()
#7 /var/www/html/CI/system/CodeIgniter.php(907): App\Controllers\News->index()
#8 /var/www/html/CI/system/CodeIgniter.php(457): CodeIgniter\CodeIgniter->runController()
#9 /var/www/html/CI/system/CodeIgniter.php(340): CodeIgniter\CodeIgniter->handleRequest()
#10 /var/www/html/CI/public/index.php(67): CodeIgniter\CodeIgniter->run()
#11 /var/www/html/CI/system/Commands/Server/rewrite.php(43): require_once('/var/www/html/C...')
#12 {main}
CRITICAL - 2022-11-01 23:50:57 --> Unable to connect to the database.
Main connection [MySQLi]: Access denied for user ''@'localhost' (using password: NO)
in SYSTEMPATH/Database/BaseConnection.php on line 418.
 1 SYSTEMPATH/Database/BaseConnection.php(588): CodeIgniter\Database\BaseConnection->initialize()
 2 SYSTEMPATH/Database/BaseBuilder.php(1585): CodeIgniter\Database\BaseConnection->query()
 3 SYSTEMPATH/Model.php(223): CodeIgniter\Database\BaseBuilder->get()
 4 SYSTEMPATH/BaseModel.php(584): CodeIgniter\Model->doFindAll()
 5 APPPATH/Models/NewsModel.php(14): CodeIgniter\BaseModel->findAll()
 6 APPPATH/Controllers/News.php(14): App\Models\NewsModel->getNews()
 7 SYSTEMPATH/CodeIgniter.php(907): App\Controllers\News->index()
 8 SYSTEMPATH/CodeIgniter.php(457): CodeIgniter\CodeIgniter->runController()
 9 SYSTEMPATH/CodeIgniter.php(340): CodeIgniter\CodeIgniter->handleRequest()
10 FCPATH/index.php(67): CodeIgniter\CodeIgniter->run()
11 SYSTEMPATH/Commands/Server/rewrite.php(43): require_once('FCPATH/index.php')
