ERROR - 2022-10-31 10:15:41 --> Error connecting to the database: mysqli_sql_exception: Access denied for user ''@'localhost' (using password: YES) in /var/www/html/CI/system/Database/MySQLi/Connection.php:171
Stack trace:
#0 /var/www/html/CI/system/Database/MySQLi/Connection.php(171): mysqli->real_connect()
#1 /var/www/html/CI/system/Database/BaseConnection.php(382): CodeIgniter\Database\MySQLi\Connection->connect()
#2 /var/www/html/CI/system/Database/BaseConnection.php(588): CodeIgniter\Database\BaseConnection->initialize()
#3 /var/www/html/CI/system/Database/BaseBuilder.php(1585): CodeIgniter\Database\BaseConnection->query()
#4 /var/www/html/CI/system/Model.php(223): CodeIgniter\Database\BaseBuilder->get()
#5 /var/www/html/CI/system/BaseModel.php(584): CodeIgniter\Model->doFindAll()
#6 /var/www/html/CI/app/Models/NewsModel.php(14): CodeIgniter\BaseModel->findAll()
#7 /var/www/html/CI/app/Controllers/News.php(14): App\Models\NewsModel->getNews()
#8 /var/www/html/CI/system/CodeIgniter.php(907): App\Controllers\News->index()
#9 /var/www/html/CI/system/CodeIgniter.php(457): CodeIgniter\CodeIgniter->runController()
#10 /var/www/html/CI/system/CodeIgniter.php(340): CodeIgniter\CodeIgniter->handleRequest()
#11 /var/www/html/CI/public/index.php(67): CodeIgniter\CodeIgniter->run()
#12 /var/www/html/CI/system/Commands/Server/rewrite.php(43): require_once('/var/www/html/C...')
#13 {main}

Next CodeIgniter\Database\Exceptions\DatabaseException: Access denied for user ''@'localhost' (using password: YES) in /var/www/html/CI/system/Database/MySQLi/Connection.php:215
Stack trace:
#0 /var/www/html/CI/system/Database/BaseConnection.php(382): CodeIgniter\Database\MySQLi\Connection->connect()
#1 /var/www/html/CI/system/Database/BaseConnection.php(588): CodeIgniter\Database\BaseConnection->initialize()
#2 /var/www/html/CI/system/Database/BaseBuilder.php(1585): CodeIgniter\Database\BaseConnection->query()
#3 /var/www/html/CI/system/Model.php(223): CodeIgniter\Database\BaseBuilder->get()
#4 /var/www/html/CI/system/BaseModel.php(584): CodeIgniter\Model->doFindAll()
#5 /var/www/html/CI/app/Models/NewsModel.php(14): CodeIgniter\BaseModel->findAll()
#6 /var/www/html/CI/app/Controllers/News.php(14): App\Models\NewsModel->getNews()
#7 /var/www/html/CI/system/CodeIgniter.php(907): App\Controllers\News->index()
#8 /var/www/html/CI/system/CodeIgniter.php(457): CodeIgniter\CodeIgniter->runController()
#9 /var/www/html/CI/system/CodeIgniter.php(340): CodeIgniter\CodeIgniter->handleRequest()
#10 /var/www/html/CI/public/index.php(67): CodeIgniter\CodeIgniter->run()
#11 /var/www/html/CI/system/Commands/Server/rewrite.php(43): require_once('/var/www/html/C...')
#12 {main}
CRITICAL - 2022-10-31 10:15:41 --> Unable to connect to the database.
Main connection [MySQLi]: Access denied for user ''@'localhost' (using password: YES)
in SYSTEMPATH/Database/BaseConnection.php on line 418.
 1 SYSTEMPATH/Database/BaseConnection.php(588): CodeIgniter\Database\BaseConnection->initialize()
 2 SYSTEMPATH/Database/BaseBuilder.php(1585): CodeIgniter\Database\BaseConnection->query()
 3 SYSTEMPATH/Model.php(223): CodeIgniter\Database\BaseBuilder->get()
 4 SYSTEMPATH/BaseModel.php(584): CodeIgniter\Model->doFindAll()
 5 APPPATH/Models/NewsModel.php(14): CodeIgniter\BaseModel->findAll()
 6 APPPATH/Controllers/News.php(14): App\Models\NewsModel->getNews()
 7 SYSTEMPATH/CodeIgniter.php(907): App\Controllers\News->index()
 8 SYSTEMPATH/CodeIgniter.php(457): CodeIgniter\CodeIgniter->runController()
 9 SYSTEMPATH/CodeIgniter.php(340): CodeIgniter\CodeIgniter->handleRequest()
10 FCPATH/index.php(67): CodeIgniter\CodeIgniter->run()
11 SYSTEMPATH/Commands/Server/rewrite.php(43): require_once('FCPATH/index.php')
ERROR - 2022-10-31 10:15:48 --> Error connecting to the database: mysqli_sql_exception: Access denied for user ''@'localhost' (using password: YES) in /var/www/html/CI/system/Database/MySQLi/Connection.php:171
Stack trace:
#0 /var/www/html/CI/system/Database/MySQLi/Connection.php(171): mysqli->real_connect()
#1 /var/www/html/CI/system/Database/BaseConnection.php(382): CodeIgniter\Database\MySQLi\Connection->connect()
#2 /var/www/html/CI/system/Database/BaseConnection.php(588): CodeIgniter\Database\BaseConnection->initialize()
#3 /var/www/html/CI/system/Database/BaseBuilder.php(1585): CodeIgniter\Database\BaseConnection->query()
#4 /var/www/html/CI/system/Model.php(223): CodeIgniter\Database\BaseBuilder->get()
#5 /var/www/html/CI/system/BaseModel.php(584): CodeIgniter\Model->doFindAll()
#6 /var/www/html/CI/app/Models/NewsModel.php(14): CodeIgniter\BaseModel->findAll()
#7 /var/www/html/CI/app/Controllers/News.php(14): App\Models\NewsModel->getNews()
#8 /var/www/html/CI/system/CodeIgniter.php(907): App\Controllers\News->index()
#9 /var/www/html/CI/system/CodeIgniter.php(457): CodeIgniter\CodeIgniter->runController()
#10 /var/www/html/CI/system/CodeIgniter.php(340): CodeIgniter\CodeIgniter->handleRequest()
#11 /var/www/html/CI/public/index.php(67): CodeIgniter\CodeIgniter->run()
#12 /var/www/html/CI/system/Commands/Server/rewrite.php(43): require_once('/var/www/html/C...')
#13 {main}

Next CodeIgniter\Database\Exceptions\DatabaseException: Access denied for user ''@'localhost' (using password: YES) in /var/www/html/CI/system/Database/MySQLi/Connection.php:215
Stack trace:
#0 /var/www/html/CI/system/Database/BaseConnection.php(382): CodeIgniter\Database\MySQLi\Connection->connect()
#1 /var/www/html/CI/system/Database/BaseConnection.php(588): CodeIgniter\Database\BaseConnection->initialize()
#2 /var/www/html/CI/system/Database/BaseBuilder.php(1585): CodeIgniter\Database\BaseConnection->query()
#3 /var/www/html/CI/system/Model.php(223): CodeIgniter\Database\BaseBuilder->get()
#4 /var/www/html/CI/system/BaseModel.php(584): CodeIgniter\Model->doFindAll()
#5 /var/www/html/CI/app/Models/NewsModel.php(14): CodeIgniter\BaseModel->findAll()
#6 /var/www/html/CI/app/Controllers/News.php(14): App\Models\NewsModel->getNews()
#7 /var/www/html/CI/system/CodeIgniter.php(907): App\Controllers\News->index()
#8 /var/www/html/CI/system/CodeIgniter.php(457): CodeIgniter\CodeIgniter->runController()
#9 /var/www/html/CI/system/CodeIgniter.php(340): CodeIgniter\CodeIgniter->handleRequest()
#10 /var/www/html/CI/public/index.php(67): CodeIgniter\CodeIgniter->run()
#11 /var/www/html/CI/system/Commands/Server/rewrite.php(43): require_once('/var/www/html/C...')
#12 {main}
CRITICAL - 2022-10-31 10:15:48 --> Unable to connect to the database.
Main connection [MySQLi]: Access denied for user ''@'localhost' (using password: YES)
in SYSTEMPATH/Database/BaseConnection.php on line 418.
 1 SYSTEMPATH/Database/BaseConnection.php(588): CodeIgniter\Database\BaseConnection->initialize()
 2 SYSTEMPATH/Database/BaseBuilder.php(1585): CodeIgniter\Database\BaseConnection->query()
 3 SYSTEMPATH/Model.php(223): CodeIgniter\Database\BaseBuilder->get()
 4 SYSTEMPATH/BaseModel.php(584): CodeIgniter\Model->doFindAll()
 5 APPPATH/Models/NewsModel.php(14): CodeIgniter\BaseModel->findAll()
 6 APPPATH/Controllers/News.php(14): App\Models\NewsModel->getNews()
 7 SYSTEMPATH/CodeIgniter.php(907): App\Controllers\News->index()
 8 SYSTEMPATH/CodeIgniter.php(457): CodeIgniter\CodeIgniter->runController()
 9 SYSTEMPATH/CodeIgniter.php(340): CodeIgniter\CodeIgniter->handleRequest()
10 FCPATH/index.php(67): CodeIgniter\CodeIgniter->run()
11 SYSTEMPATH/Commands/Server/rewrite.php(43): require_once('FCPATH/index.php')
ERROR - 2022-10-31 10:16:00 --> Error connecting to the database: mysqli_sql_exception: Access denied for user ''@'localhost' (using password: YES) in /var/www/html/CI/system/Database/MySQLi/Connection.php:171
Stack trace:
#0 /var/www/html/CI/system/Database/MySQLi/Connection.php(171): mysqli->real_connect()
#1 /var/www/html/CI/system/Database/BaseConnection.php(382): CodeIgniter\Database\MySQLi\Connection->connect()
#2 /var/www/html/CI/system/Database/BaseConnection.php(588): CodeIgniter\Database\BaseConnection->initialize()
#3 /var/www/html/CI/system/Database/BaseBuilder.php(1585): CodeIgniter\Database\BaseConnection->query()
#4 /var/www/html/CI/system/Model.php(223): CodeIgniter\Database\BaseBuilder->get()
#5 /var/www/html/CI/system/BaseModel.php(584): CodeIgniter\Model->doFindAll()
#6 /var/www/html/CI/app/Models/NewsModel.php(14): CodeIgniter\BaseModel->findAll()
#7 /var/www/html/CI/app/Controllers/News.php(14): App\Models\NewsModel->getNews()
#8 /var/www/html/CI/system/CodeIgniter.php(907): App\Controllers\News->index()
#9 /var/www/html/CI/system/CodeIgniter.php(457): CodeIgniter\CodeIgniter->runController()
#10 /var/www/html/CI/system/CodeIgniter.php(340): CodeIgniter\CodeIgniter->handleRequest()
#11 /var/www/html/CI/public/index.php(67): CodeIgniter\CodeIgniter->run()
#12 /var/www/html/CI/system/Commands/Server/rewrite.php(43): require_once('/var/www/html/C...')
#13 {main}

Next CodeIgniter\Database\Exceptions\DatabaseException: Access denied for user ''@'localhost' (using password: YES) in /var/www/html/CI/system/Database/MySQLi/Connection.php:215
Stack trace:
#0 /var/www/html/CI/system/Database/BaseConnection.php(382): CodeIgniter\Database\MySQLi\Connection->connect()
#1 /var/www/html/CI/system/Database/BaseConnection.php(588): CodeIgniter\Database\BaseConnection->initialize()
#2 /var/www/html/CI/system/Database/BaseBuilder.php(1585): CodeIgniter\Database\BaseConnection->query()
#3 /var/www/html/CI/system/Model.php(223): CodeIgniter\Database\BaseBuilder->get()
#4 /var/www/html/CI/system/BaseModel.php(584): CodeIgniter\Model->doFindAll()
#5 /var/www/html/CI/app/Models/NewsModel.php(14): CodeIgniter\BaseModel->findAll()
#6 /var/www/html/CI/app/Controllers/News.php(14): App\Models\NewsModel->getNews()
#7 /var/www/html/CI/system/CodeIgniter.php(907): App\Controllers\News->index()
#8 /var/www/html/CI/system/CodeIgniter.php(457): CodeIgniter\CodeIgniter->runController()
#9 /var/www/html/CI/system/CodeIgniter.php(340): CodeIgniter\CodeIgniter->handleRequest()
#10 /var/www/html/CI/public/index.php(67): CodeIgniter\CodeIgniter->run()
#11 /var/www/html/CI/system/Commands/Server/rewrite.php(43): require_once('/var/www/html/C...')
#12 {main}
CRITICAL - 2022-10-31 10:16:00 --> Unable to connect to the database.
Main connection [MySQLi]: Access denied for user ''@'localhost' (using password: YES)
in SYSTEMPATH/Database/BaseConnection.php on line 418.
 1 SYSTEMPATH/Database/BaseConnection.php(588): CodeIgniter\Database\BaseConnection->initialize()
 2 SYSTEMPATH/Database/BaseBuilder.php(1585): CodeIgniter\Database\BaseConnection->query()
 3 SYSTEMPATH/Model.php(223): CodeIgniter\Database\BaseBuilder->get()
 4 SYSTEMPATH/BaseModel.php(584): CodeIgniter\Model->doFindAll()
 5 APPPATH/Models/NewsModel.php(14): CodeIgniter\BaseModel->findAll()
 6 APPPATH/Controllers/News.php(14): App\Models\NewsModel->getNews()
 7 SYSTEMPATH/CodeIgniter.php(907): App\Controllers\News->index()
 8 SYSTEMPATH/CodeIgniter.php(457): CodeIgniter\CodeIgniter->runController()
 9 SYSTEMPATH/CodeIgniter.php(340): CodeIgniter\CodeIgniter->handleRequest()
10 FCPATH/index.php(67): CodeIgniter\CodeIgniter->run()
11 SYSTEMPATH/Commands/Server/rewrite.php(43): require_once('FCPATH/index.php')
ERROR - 2022-10-31 10:17:48 --> Error connecting to the database: mysqli_sql_exception: Access denied for user ''@'localhost' (using password: YES) in /var/www/html/CI/system/Database/MySQLi/Connection.php:171
Stack trace:
#0 /var/www/html/CI/system/Database/MySQLi/Connection.php(171): mysqli->real_connect()
#1 /var/www/html/CI/system/Database/BaseConnection.php(382): CodeIgniter\Database\MySQLi\Connection->connect()
#2 /var/www/html/CI/system/Database/BaseConnection.php(588): CodeIgniter\Database\BaseConnection->initialize()
#3 /var/www/html/CI/system/Database/BaseBuilder.php(1585): CodeIgniter\Database\BaseConnection->query()
#4 /var/www/html/CI/system/Model.php(223): CodeIgniter\Database\BaseBuilder->get()
#5 /var/www/html/CI/system/BaseModel.php(584): CodeIgniter\Model->doFindAll()
#6 /var/www/html/CI/app/Models/NewsModel.php(14): CodeIgniter\BaseModel->findAll()
#7 /var/www/html/CI/app/Controllers/News.php(14): App\Models\NewsModel->getNews()
#8 /var/www/html/CI/system/CodeIgniter.php(907): App\Controllers\News->index()
#9 /var/www/html/CI/system/CodeIgniter.php(457): CodeIgniter\CodeIgniter->runController()
#10 /var/www/html/CI/system/CodeIgniter.php(340): CodeIgniter\CodeIgniter->handleRequest()
#11 /var/www/html/CI/public/index.php(67): CodeIgniter\CodeIgniter->run()
#12 /var/www/html/CI/system/Commands/Server/rewrite.php(43): require_once('/var/www/html/C...')
#13 {main}

Next CodeIgniter\Database\Exceptions\DatabaseException: Access denied for user ''@'localhost' (using password: YES) in /var/www/html/CI/system/Database/MySQLi/Connection.php:215
Stack trace:
#0 /var/www/html/CI/system/Database/BaseConnection.php(382): CodeIgniter\Database\MySQLi\Connection->connect()
#1 /var/www/html/CI/system/Database/BaseConnection.php(588): CodeIgniter\Database\BaseConnection->initialize()
#2 /var/www/html/CI/system/Database/BaseBuilder.php(1585): CodeIgniter\Database\BaseConnection->query()
#3 /var/www/html/CI/system/Model.php(223): CodeIgniter\Database\BaseBuilder->get()
#4 /var/www/html/CI/system/BaseModel.php(584): CodeIgniter\Model->doFindAll()
#5 /var/www/html/CI/app/Models/NewsModel.php(14): CodeIgniter\BaseModel->findAll()
#6 /var/www/html/CI/app/Controllers/News.php(14): App\Models\NewsModel->getNews()
#7 /var/www/html/CI/system/CodeIgniter.php(907): App\Controllers\News->index()
#8 /var/www/html/CI/system/CodeIgniter.php(457): CodeIgniter\CodeIgniter->runController()
#9 /var/www/html/CI/system/CodeIgniter.php(340): CodeIgniter\CodeIgniter->handleRequest()
#10 /var/www/html/CI/public/index.php(67): CodeIgniter\CodeIgniter->run()
#11 /var/www/html/CI/system/Commands/Server/rewrite.php(43): require_once('/var/www/html/C...')
#12 {main}
CRITICAL - 2022-10-31 10:17:48 --> Unable to connect to the database.
Main connection [MySQLi]: Access denied for user ''@'localhost' (using password: YES)
in SYSTEMPATH/Database/BaseConnection.php on line 418.
 1 SYSTEMPATH/Database/BaseConnection.php(588): CodeIgniter\Database\BaseConnection->initialize()
 2 SYSTEMPATH/Database/BaseBuilder.php(1585): CodeIgniter\Database\BaseConnection->query()
 3 SYSTEMPATH/Model.php(223): CodeIgniter\Database\BaseBuilder->get()
 4 SYSTEMPATH/BaseModel.php(584): CodeIgniter\Model->doFindAll()
 5 APPPATH/Models/NewsModel.php(14): CodeIgniter\BaseModel->findAll()
 6 APPPATH/Controllers/News.php(14): App\Models\NewsModel->getNews()
 7 SYSTEMPATH/CodeIgniter.php(907): App\Controllers\News->index()
 8 SYSTEMPATH/CodeIgniter.php(457): CodeIgniter\CodeIgniter->runController()
 9 SYSTEMPATH/CodeIgniter.php(340): CodeIgniter\CodeIgniter->handleRequest()
10 FCPATH/index.php(67): CodeIgniter\CodeIgniter->run()
11 SYSTEMPATH/Commands/Server/rewrite.php(43): require_once('FCPATH/index.php')
ERROR - 2022-10-31 10:17:50 --> Error connecting to the database: mysqli_sql_exception: Access denied for user ''@'localhost' (using password: YES) in /var/www/html/CI/system/Database/MySQLi/Connection.php:171
Stack trace:
#0 /var/www/html/CI/system/Database/MySQLi/Connection.php(171): mysqli->real_connect()
#1 /var/www/html/CI/system/Database/BaseConnection.php(382): CodeIgniter\Database\MySQLi\Connection->connect()
#2 /var/www/html/CI/system/Database/BaseConnection.php(588): CodeIgniter\Database\BaseConnection->initialize()
#3 /var/www/html/CI/system/Database/BaseBuilder.php(1585): CodeIgniter\Database\BaseConnection->query()
#4 /var/www/html/CI/system/Model.php(223): CodeIgniter\Database\BaseBuilder->get()
#5 /var/www/html/CI/system/BaseModel.php(584): CodeIgniter\Model->doFindAll()
#6 /var/www/html/CI/app/Models/NewsModel.php(14): CodeIgniter\BaseModel->findAll()
#7 /var/www/html/CI/app/Controllers/News.php(14): App\Models\NewsModel->getNews()
#8 /var/www/html/CI/system/CodeIgniter.php(907): App\Controllers\News->index()
#9 /var/www/html/CI/system/CodeIgniter.php(457): CodeIgniter\CodeIgniter->runController()
#10 /var/www/html/CI/system/CodeIgniter.php(340): CodeIgniter\CodeIgniter->handleRequest()
#11 /var/www/html/CI/public/index.php(67): CodeIgniter\CodeIgniter->run()
#12 /var/www/html/CI/system/Commands/Server/rewrite.php(43): require_once('/var/www/html/C...')
#13 {main}

Next CodeIgniter\Database\Exceptions\DatabaseException: Access denied for user ''@'localhost' (using password: YES) in /var/www/html/CI/system/Database/MySQLi/Connection.php:215
Stack trace:
#0 /var/www/html/CI/system/Database/BaseConnection.php(382): CodeIgniter\Database\MySQLi\Connection->connect()
#1 /var/www/html/CI/system/Database/BaseConnection.php(588): CodeIgniter\Database\BaseConnection->initialize()
#2 /var/www/html/CI/system/Database/BaseBuilder.php(1585): CodeIgniter\Database\BaseConnection->query()
#3 /var/www/html/CI/system/Model.php(223): CodeIgniter\Database\BaseBuilder->get()
#4 /var/www/html/CI/system/BaseModel.php(584): CodeIgniter\Model->doFindAll()
#5 /var/www/html/CI/app/Models/NewsModel.php(14): CodeIgniter\BaseModel->findAll()
#6 /var/www/html/CI/app/Controllers/News.php(14): App\Models\NewsModel->getNews()
#7 /var/www/html/CI/system/CodeIgniter.php(907): App\Controllers\News->index()
#8 /var/www/html/CI/system/CodeIgniter.php(457): CodeIgniter\CodeIgniter->runController()
#9 /var/www/html/CI/system/CodeIgniter.php(340): CodeIgniter\CodeIgniter->handleRequest()
#10 /var/www/html/CI/public/index.php(67): CodeIgniter\CodeIgniter->run()
#11 /var/www/html/CI/system/Commands/Server/rewrite.php(43): require_once('/var/www/html/C...')
#12 {main}
CRITICAL - 2022-10-31 10:17:50 --> Unable to connect to the database.
Main connection [MySQLi]: Access denied for user ''@'localhost' (using password: YES)
in SYSTEMPATH/Database/BaseConnection.php on line 418.
 1 SYSTEMPATH/Database/BaseConnection.php(588): CodeIgniter\Database\BaseConnection->initialize()
 2 SYSTEMPATH/Database/BaseBuilder.php(1585): CodeIgniter\Database\BaseConnection->query()
 3 SYSTEMPATH/Model.php(223): CodeIgniter\Database\BaseBuilder->get()
 4 SYSTEMPATH/BaseModel.php(584): CodeIgniter\Model->doFindAll()
 5 APPPATH/Models/NewsModel.php(14): CodeIgniter\BaseModel->findAll()
 6 APPPATH/Controllers/News.php(14): App\Models\NewsModel->getNews()
 7 SYSTEMPATH/CodeIgniter.php(907): App\Controllers\News->index()
 8 SYSTEMPATH/CodeIgniter.php(457): CodeIgniter\CodeIgniter->runController()
 9 SYSTEMPATH/CodeIgniter.php(340): CodeIgniter\CodeIgniter->handleRequest()
10 FCPATH/index.php(67): CodeIgniter\CodeIgniter->run()
11 SYSTEMPATH/Commands/Server/rewrite.php(43): require_once('FCPATH/index.php')
ERROR - 2022-10-31 10:17:50 --> Error connecting to the database: mysqli_sql_exception: Access denied for user ''@'localhost' (using password: YES) in /var/www/html/CI/system/Database/MySQLi/Connection.php:171
Stack trace:
#0 /var/www/html/CI/system/Database/MySQLi/Connection.php(171): mysqli->real_connect()
#1 /var/www/html/CI/system/Database/BaseConnection.php(382): CodeIgniter\Database\MySQLi\Connection->connect()
#2 /var/www/html/CI/system/Database/BaseConnection.php(588): CodeIgniter\Database\BaseConnection->initialize()
#3 /var/www/html/CI/system/Database/BaseBuilder.php(1585): CodeIgniter\Database\BaseConnection->query()
#4 /var/www/html/CI/system/Model.php(223): CodeIgniter\Database\BaseBuilder->get()
#5 /var/www/html/CI/system/BaseModel.php(584): CodeIgniter\Model->doFindAll()
#6 /var/www/html/CI/app/Models/NewsModel.php(14): CodeIgniter\BaseModel->findAll()
#7 /var/www/html/CI/app/Controllers/News.php(14): App\Models\NewsModel->getNews()
#8 /var/www/html/CI/system/CodeIgniter.php(907): App\Controllers\News->index()
#9 /var/www/html/CI/system/CodeIgniter.php(457): CodeIgniter\CodeIgniter->runController()
#10 /var/www/html/CI/system/CodeIgniter.php(340): CodeIgniter\CodeIgniter->handleRequest()
#11 /var/www/html/CI/public/index.php(67): CodeIgniter\CodeIgniter->run()
#12 /var/www/html/CI/system/Commands/Server/rewrite.php(43): require_once('/var/www/html/C...')
#13 {main}

Next CodeIgniter\Database\Exceptions\DatabaseException: Access denied for user ''@'localhost' (using password: YES) in /var/www/html/CI/system/Database/MySQLi/Connection.php:215
Stack trace:
#0 /var/www/html/CI/system/Database/BaseConnection.php(382): CodeIgniter\Database\MySQLi\Connection->connect()
#1 /var/www/html/CI/system/Database/BaseConnection.php(588): CodeIgniter\Database\BaseConnection->initialize()
#2 /var/www/html/CI/system/Database/BaseBuilder.php(1585): CodeIgniter\Database\BaseConnection->query()
#3 /var/www/html/CI/system/Model.php(223): CodeIgniter\Database\BaseBuilder->get()
#4 /var/www/html/CI/system/BaseModel.php(584): CodeIgniter\Model->doFindAll()
#5 /var/www/html/CI/app/Models/NewsModel.php(14): CodeIgniter\BaseModel->findAll()
#6 /var/www/html/CI/app/Controllers/News.php(14): App\Models\NewsModel->getNews()
#7 /var/www/html/CI/system/CodeIgniter.php(907): App\Controllers\News->index()
#8 /var/www/html/CI/system/CodeIgniter.php(457): CodeIgniter\CodeIgniter->runController()
#9 /var/www/html/CI/system/CodeIgniter.php(340): CodeIgniter\CodeIgniter->handleRequest()
#10 /var/www/html/CI/public/index.php(67): CodeIgniter\CodeIgniter->run()
#11 /var/www/html/CI/system/Commands/Server/rewrite.php(43): require_once('/var/www/html/C...')
#12 {main}
CRITICAL - 2022-10-31 10:17:50 --> Unable to connect to the database.
Main connection [MySQLi]: Access denied for user ''@'localhost' (using password: YES)
in SYSTEMPATH/Database/BaseConnection.php on line 418.
 1 SYSTEMPATH/Database/BaseConnection.php(588): CodeIgniter\Database\BaseConnection->initialize()
 2 SYSTEMPATH/Database/BaseBuilder.php(1585): CodeIgniter\Database\BaseConnection->query()
 3 SYSTEMPATH/Model.php(223): CodeIgniter\Database\BaseBuilder->get()
 4 SYSTEMPATH/BaseModel.php(584): CodeIgniter\Model->doFindAll()
 5 APPPATH/Models/NewsModel.php(14): CodeIgniter\BaseModel->findAll()
 6 APPPATH/Controllers/News.php(14): App\Models\NewsModel->getNews()
 7 SYSTEMPATH/CodeIgniter.php(907): App\Controllers\News->index()
 8 SYSTEMPATH/CodeIgniter.php(457): CodeIgniter\CodeIgniter->runController()
 9 SYSTEMPATH/CodeIgniter.php(340): CodeIgniter\CodeIgniter->handleRequest()
10 FCPATH/index.php(67): CodeIgniter\CodeIgniter->run()
11 SYSTEMPATH/Commands/Server/rewrite.php(43): require_once('FCPATH/index.php')
ERROR - 2022-10-31 10:17:51 --> Error connecting to the database: mysqli_sql_exception: Access denied for user ''@'localhost' (using password: YES) in /var/www/html/CI/system/Database/MySQLi/Connection.php:171
Stack trace:
#0 /var/www/html/CI/system/Database/MySQLi/Connection.php(171): mysqli->real_connect()
#1 /var/www/html/CI/system/Database/BaseConnection.php(382): CodeIgniter\Database\MySQLi\Connection->connect()
#2 /var/www/html/CI/system/Database/BaseConnection.php(588): CodeIgniter\Database\BaseConnection->initialize()
#3 /var/www/html/CI/system/Database/BaseBuilder.php(1585): CodeIgniter\Database\BaseConnection->query()
#4 /var/www/html/CI/system/Model.php(223): CodeIgniter\Database\BaseBuilder->get()
#5 /var/www/html/CI/system/BaseModel.php(584): CodeIgniter\Model->doFindAll()
#6 /var/www/html/CI/app/Models/NewsModel.php(14): CodeIgniter\BaseModel->findAll()
#7 /var/www/html/CI/app/Controllers/News.php(14): App\Models\NewsModel->getNews()
#8 /var/www/html/CI/system/CodeIgniter.php(907): App\Controllers\News->index()
#9 /var/www/html/CI/system/CodeIgniter.php(457): CodeIgniter\CodeIgniter->runController()
#10 /var/www/html/CI/system/CodeIgniter.php(340): CodeIgniter\CodeIgniter->handleRequest()
#11 /var/www/html/CI/public/index.php(67): CodeIgniter\CodeIgniter->run()
#12 /var/www/html/CI/system/Commands/Server/rewrite.php(43): require_once('/var/www/html/C...')
#13 {main}

Next CodeIgniter\Database\Exceptions\DatabaseException: Access denied for user ''@'localhost' (using password: YES) in /var/www/html/CI/system/Database/MySQLi/Connection.php:215
Stack trace:
#0 /var/www/html/CI/system/Database/BaseConnection.php(382): CodeIgniter\Database\MySQLi\Connection->connect()
#1 /var/www/html/CI/system/Database/BaseConnection.php(588): CodeIgniter\Database\BaseConnection->initialize()
#2 /var/www/html/CI/system/Database/BaseBuilder.php(1585): CodeIgniter\Database\BaseConnection->query()
#3 /var/www/html/CI/system/Model.php(223): CodeIgniter\Database\BaseBuilder->get()
#4 /var/www/html/CI/system/BaseModel.php(584): CodeIgniter\Model->doFindAll()
#5 /var/www/html/CI/app/Models/NewsModel.php(14): CodeIgniter\BaseModel->findAll()
#6 /var/www/html/CI/app/Controllers/News.php(14): App\Models\NewsModel->getNews()
#7 /var/www/html/CI/system/CodeIgniter.php(907): App\Controllers\News->index()
#8 /var/www/html/CI/system/CodeIgniter.php(457): CodeIgniter\CodeIgniter->runController()
#9 /var/www/html/CI/system/CodeIgniter.php(340): CodeIgniter\CodeIgniter->handleRequest()
#10 /var/www/html/CI/public/index.php(67): CodeIgniter\CodeIgniter->run()
#11 /var/www/html/CI/system/Commands/Server/rewrite.php(43): require_once('/var/www/html/C...')
#12 {main}
CRITICAL - 2022-10-31 10:17:51 --> Unable to connect to the database.
Main connection [MySQLi]: Access denied for user ''@'localhost' (using password: YES)
in SYSTEMPATH/Database/BaseConnection.php on line 418.
 1 SYSTEMPATH/Database/BaseConnection.php(588): CodeIgniter\Database\BaseConnection->initialize()
 2 SYSTEMPATH/Database/BaseBuilder.php(1585): CodeIgniter\Database\BaseConnection->query()
 3 SYSTEMPATH/Model.php(223): CodeIgniter\Database\BaseBuilder->get()
 4 SYSTEMPATH/BaseModel.php(584): CodeIgniter\Model->doFindAll()
 5 APPPATH/Models/NewsModel.php(14): CodeIgniter\BaseModel->findAll()
 6 APPPATH/Controllers/News.php(14): App\Models\NewsModel->getNews()
 7 SYSTEMPATH/CodeIgniter.php(907): App\Controllers\News->index()
 8 SYSTEMPATH/CodeIgniter.php(457): CodeIgniter\CodeIgniter->runController()
 9 SYSTEMPATH/CodeIgniter.php(340): CodeIgniter\CodeIgniter->handleRequest()
10 FCPATH/index.php(67): CodeIgniter\CodeIgniter->run()
11 SYSTEMPATH/Commands/Server/rewrite.php(43): require_once('FCPATH/index.php')
ERROR - 2022-10-31 10:18:14 --> Error connecting to the database: mysqli_sql_exception: Access denied for user ''@'localhost' (using password: YES) in /var/www/html/CI/system/Database/MySQLi/Connection.php:171
Stack trace:
#0 /var/www/html/CI/system/Database/MySQLi/Connection.php(171): mysqli->real_connect()
#1 /var/www/html/CI/system/Database/BaseConnection.php(382): CodeIgniter\Database\MySQLi\Connection->connect()
#2 /var/www/html/CI/system/Database/BaseConnection.php(588): CodeIgniter\Database\BaseConnection->initialize()
#3 /var/www/html/CI/system/Database/BaseBuilder.php(1585): CodeIgniter\Database\BaseConnection->query()
#4 /var/www/html/CI/system/Model.php(223): CodeIgniter\Database\BaseBuilder->get()
#5 /var/www/html/CI/system/BaseModel.php(584): CodeIgniter\Model->doFindAll()
#6 /var/www/html/CI/app/Models/NewsModel.php(14): CodeIgniter\BaseModel->findAll()
#7 /var/www/html/CI/app/Controllers/News.php(14): App\Models\NewsModel->getNews()
#8 /var/www/html/CI/system/CodeIgniter.php(907): App\Controllers\News->index()
#9 /var/www/html/CI/system/CodeIgniter.php(457): CodeIgniter\CodeIgniter->runController()
#10 /var/www/html/CI/system/CodeIgniter.php(340): CodeIgniter\CodeIgniter->handleRequest()
#11 /var/www/html/CI/public/index.php(67): CodeIgniter\CodeIgniter->run()
#12 /var/www/html/CI/system/Commands/Server/rewrite.php(43): require_once('/var/www/html/C...')
#13 {main}

Next CodeIgniter\Database\Exceptions\DatabaseException: Access denied for user ''@'localhost' (using password: YES) in /var/www/html/CI/system/Database/MySQLi/Connection.php:215
Stack trace:
#0 /var/www/html/CI/system/Database/BaseConnection.php(382): CodeIgniter\Database\MySQLi\Connection->connect()
#1 /var/www/html/CI/system/Database/BaseConnection.php(588): CodeIgniter\Database\BaseConnection->initialize()
#2 /var/www/html/CI/system/Database/BaseBuilder.php(1585): CodeIgniter\Database\BaseConnection->query()
#3 /var/www/html/CI/system/Model.php(223): CodeIgniter\Database\BaseBuilder->get()
#4 /var/www/html/CI/system/BaseModel.php(584): CodeIgniter\Model->doFindAll()
#5 /var/www/html/CI/app/Models/NewsModel.php(14): CodeIgniter\BaseModel->findAll()
#6 /var/www/html/CI/app/Controllers/News.php(14): App\Models\NewsModel->getNews()
#7 /var/www/html/CI/system/CodeIgniter.php(907): App\Controllers\News->index()
#8 /var/www/html/CI/system/CodeIgniter.php(457): CodeIgniter\CodeIgniter->runController()
#9 /var/www/html/CI/system/CodeIgniter.php(340): CodeIgniter\CodeIgniter->handleRequest()
#10 /var/www/html/CI/public/index.php(67): CodeIgniter\CodeIgniter->run()
#11 /var/www/html/CI/system/Commands/Server/rewrite.php(43): require_once('/var/www/html/C...')
#12 {main}
CRITICAL - 2022-10-31 10:18:14 --> Unable to connect to the database.
Main connection [MySQLi]: Access denied for user ''@'localhost' (using password: YES)
in SYSTEMPATH/Database/BaseConnection.php on line 418.
 1 SYSTEMPATH/Database/BaseConnection.php(588): CodeIgniter\Database\BaseConnection->initialize()
 2 SYSTEMPATH/Database/BaseBuilder.php(1585): CodeIgniter\Database\BaseConnection->query()
 3 SYSTEMPATH/Model.php(223): CodeIgniter\Database\BaseBuilder->get()
 4 SYSTEMPATH/BaseModel.php(584): CodeIgniter\Model->doFindAll()
 5 APPPATH/Models/NewsModel.php(14): CodeIgniter\BaseModel->findAll()
 6 APPPATH/Controllers/News.php(14): App\Models\NewsModel->getNews()
 7 SYSTEMPATH/CodeIgniter.php(907): App\Controllers\News->index()
 8 SYSTEMPATH/CodeIgniter.php(457): CodeIgniter\CodeIgniter->runController()
 9 SYSTEMPATH/CodeIgniter.php(340): CodeIgniter\CodeIgniter->handleRequest()
10 FCPATH/index.php(67): CodeIgniter\CodeIgniter->run()
11 SYSTEMPATH/Commands/Server/rewrite.php(43): require_once('FCPATH/index.php')
ERROR - 2022-10-31 10:19:36 --> Error connecting to the database: mysqli_sql_exception: Access denied for user ''@'localhost' (using password: YES) in /var/www/html/CI/system/Database/MySQLi/Connection.php:171
Stack trace:
#0 /var/www/html/CI/system/Database/MySQLi/Connection.php(171): mysqli->real_connect()
#1 /var/www/html/CI/system/Database/BaseConnection.php(382): CodeIgniter\Database\MySQLi\Connection->connect()
#2 /var/www/html/CI/system/Database/BaseConnection.php(588): CodeIgniter\Database\BaseConnection->initialize()
#3 /var/www/html/CI/system/Database/BaseBuilder.php(1585): CodeIgniter\Database\BaseConnection->query()
#4 /var/www/html/CI/system/Model.php(223): CodeIgniter\Database\BaseBuilder->get()
#5 /var/www/html/CI/system/BaseModel.php(584): CodeIgniter\Model->doFindAll()
#6 /var/www/html/CI/app/Models/NewsModel.php(14): CodeIgniter\BaseModel->findAll()
#7 /var/www/html/CI/app/Controllers/News.php(14): App\Models\NewsModel->getNews()
#8 /var/www/html/CI/system/CodeIgniter.php(907): App\Controllers\News->index()
#9 /var/www/html/CI/system/CodeIgniter.php(457): CodeIgniter\CodeIgniter->runController()
#10 /var/www/html/CI/system/CodeIgniter.php(340): CodeIgniter\CodeIgniter->handleRequest()
#11 /var/www/html/CI/public/index.php(67): CodeIgniter\CodeIgniter->run()
#12 /var/www/html/CI/system/Commands/Server/rewrite.php(43): require_once('/var/www/html/C...')
#13 {main}

Next CodeIgniter\Database\Exceptions\DatabaseException: Access denied for user ''@'localhost' (using password: YES) in /var/www/html/CI/system/Database/MySQLi/Connection.php:215
Stack trace:
#0 /var/www/html/CI/system/Database/BaseConnection.php(382): CodeIgniter\Database\MySQLi\Connection->connect()
#1 /var/www/html/CI/system/Database/BaseConnection.php(588): CodeIgniter\Database\BaseConnection->initialize()
#2 /var/www/html/CI/system/Database/BaseBuilder.php(1585): CodeIgniter\Database\BaseConnection->query()
#3 /var/www/html/CI/system/Model.php(223): CodeIgniter\Database\BaseBuilder->get()
#4 /var/www/html/CI/system/BaseModel.php(584): CodeIgniter\Model->doFindAll()
#5 /var/www/html/CI/app/Models/NewsModel.php(14): CodeIgniter\BaseModel->findAll()
#6 /var/www/html/CI/app/Controllers/News.php(14): App\Models\NewsModel->getNews()
#7 /var/www/html/CI/system/CodeIgniter.php(907): App\Controllers\News->index()
#8 /var/www/html/CI/system/CodeIgniter.php(457): CodeIgniter\CodeIgniter->runController()
#9 /var/www/html/CI/system/CodeIgniter.php(340): CodeIgniter\CodeIgniter->handleRequest()
#10 /var/www/html/CI/public/index.php(67): CodeIgniter\CodeIgniter->run()
#11 /var/www/html/CI/system/Commands/Server/rewrite.php(43): require_once('/var/www/html/C...')
#12 {main}
CRITICAL - 2022-10-31 10:19:36 --> Unable to connect to the database.
Main connection [MySQLi]: Access denied for user ''@'localhost' (using password: YES)
in SYSTEMPATH/Database/BaseConnection.php on line 418.
 1 SYSTEMPATH/Database/BaseConnection.php(588): CodeIgniter\Database\BaseConnection->initialize()
 2 SYSTEMPATH/Database/BaseBuilder.php(1585): CodeIgniter\Database\BaseConnection->query()
 3 SYSTEMPATH/Model.php(223): CodeIgniter\Database\BaseBuilder->get()
 4 SYSTEMPATH/BaseModel.php(584): CodeIgniter\Model->doFindAll()
 5 APPPATH/Models/NewsModel.php(14): CodeIgniter\BaseModel->findAll()
 6 APPPATH/Controllers/News.php(14): App\Models\NewsModel->getNews()
 7 SYSTEMPATH/CodeIgniter.php(907): App\Controllers\News->index()
 8 SYSTEMPATH/CodeIgniter.php(457): CodeIgniter\CodeIgniter->runController()
 9 SYSTEMPATH/CodeIgniter.php(340): CodeIgniter\CodeIgniter->handleRequest()
10 FCPATH/index.php(67): CodeIgniter\CodeIgniter->run()
11 SYSTEMPATH/Commands/Server/rewrite.php(43): require_once('FCPATH/index.php')
ERROR - 2022-10-31 10:19:37 --> Error connecting to the database: mysqli_sql_exception: Access denied for user ''@'localhost' (using password: YES) in /var/www/html/CI/system/Database/MySQLi/Connection.php:171
Stack trace:
#0 /var/www/html/CI/system/Database/MySQLi/Connection.php(171): mysqli->real_connect()
#1 /var/www/html/CI/system/Database/BaseConnection.php(382): CodeIgniter\Database\MySQLi\Connection->connect()
#2 /var/www/html/CI/system/Database/BaseConnection.php(588): CodeIgniter\Database\BaseConnection->initialize()
#3 /var/www/html/CI/system/Database/BaseBuilder.php(1585): CodeIgniter\Database\BaseConnection->query()
#4 /var/www/html/CI/system/Model.php(223): CodeIgniter\Database\BaseBuilder->get()
#5 /var/www/html/CI/system/BaseModel.php(584): CodeIgniter\Model->doFindAll()
#6 /var/www/html/CI/app/Models/NewsModel.php(14): CodeIgniter\BaseModel->findAll()
#7 /var/www/html/CI/app/Controllers/News.php(14): App\Models\NewsModel->getNews()
#8 /var/www/html/CI/system/CodeIgniter.php(907): App\Controllers\News->index()
#9 /var/www/html/CI/system/CodeIgniter.php(457): CodeIgniter\CodeIgniter->runController()
#10 /var/www/html/CI/system/CodeIgniter.php(340): CodeIgniter\CodeIgniter->handleRequest()
#11 /var/www/html/CI/public/index.php(67): CodeIgniter\CodeIgniter->run()
#12 /var/www/html/CI/system/Commands/Server/rewrite.php(43): require_once('/var/www/html/C...')
#13 {main}

Next CodeIgniter\Database\Exceptions\DatabaseException: Access denied for user ''@'localhost' (using password: YES) in /var/www/html/CI/system/Database/MySQLi/Connection.php:215
Stack trace:
#0 /var/www/html/CI/system/Database/BaseConnection.php(382): CodeIgniter\Database\MySQLi\Connection->connect()
#1 /var/www/html/CI/system/Database/BaseConnection.php(588): CodeIgniter\Database\BaseConnection->initialize()
#2 /var/www/html/CI/system/Database/BaseBuilder.php(1585): CodeIgniter\Database\BaseConnection->query()
#3 /var/www/html/CI/system/Model.php(223): CodeIgniter\Database\BaseBuilder->get()
#4 /var/www/html/CI/system/BaseModel.php(584): CodeIgniter\Model->doFindAll()
#5 /var/www/html/CI/app/Models/NewsModel.php(14): CodeIgniter\BaseModel->findAll()
#6 /var/www/html/CI/app/Controllers/News.php(14): App\Models\NewsModel->getNews()
#7 /var/www/html/CI/system/CodeIgniter.php(907): App\Controllers\News->index()
#8 /var/www/html/CI/system/CodeIgniter.php(457): CodeIgniter\CodeIgniter->runController()
#9 /var/www/html/CI/system/CodeIgniter.php(340): CodeIgniter\CodeIgniter->handleRequest()
#10 /var/www/html/CI/public/index.php(67): CodeIgniter\CodeIgniter->run()
#11 /var/www/html/CI/system/Commands/Server/rewrite.php(43): require_once('/var/www/html/C...')
#12 {main}
CRITICAL - 2022-10-31 10:19:37 --> Unable to connect to the database.
Main connection [MySQLi]: Access denied for user ''@'localhost' (using password: YES)
in SYSTEMPATH/Database/BaseConnection.php on line 418.
 1 SYSTEMPATH/Database/BaseConnection.php(588): CodeIgniter\Database\BaseConnection->initialize()
 2 SYSTEMPATH/Database/BaseBuilder.php(1585): CodeIgniter\Database\BaseConnection->query()
 3 SYSTEMPATH/Model.php(223): CodeIgniter\Database\BaseBuilder->get()
 4 SYSTEMPATH/BaseModel.php(584): CodeIgniter\Model->doFindAll()
 5 APPPATH/Models/NewsModel.php(14): CodeIgniter\BaseModel->findAll()
 6 APPPATH/Controllers/News.php(14): App\Models\NewsModel->getNews()
 7 SYSTEMPATH/CodeIgniter.php(907): App\Controllers\News->index()
 8 SYSTEMPATH/CodeIgniter.php(457): CodeIgniter\CodeIgniter->runController()
 9 SYSTEMPATH/CodeIgniter.php(340): CodeIgniter\CodeIgniter->handleRequest()
10 FCPATH/index.php(67): CodeIgniter\CodeIgniter->run()
11 SYSTEMPATH/Commands/Server/rewrite.php(43): require_once('FCPATH/index.php')
ERROR - 2022-10-31 10:19:38 --> Error connecting to the database: mysqli_sql_exception: Access denied for user ''@'localhost' (using password: YES) in /var/www/html/CI/system/Database/MySQLi/Connection.php:171
Stack trace:
#0 /var/www/html/CI/system/Database/MySQLi/Connection.php(171): mysqli->real_connect()
#1 /var/www/html/CI/system/Database/BaseConnection.php(382): CodeIgniter\Database\MySQLi\Connection->connect()
#2 /var/www/html/CI/system/Database/BaseConnection.php(588): CodeIgniter\Database\BaseConnection->initialize()
#3 /var/www/html/CI/system/Database/BaseBuilder.php(1585): CodeIgniter\Database\BaseConnection->query()
#4 /var/www/html/CI/system/Model.php(223): CodeIgniter\Database\BaseBuilder->get()
#5 /var/www/html/CI/system/BaseModel.php(584): CodeIgniter\Model->doFindAll()
#6 /var/www/html/CI/app/Models/NewsModel.php(14): CodeIgniter\BaseModel->findAll()
#7 /var/www/html/CI/app/Controllers/News.php(14): App\Models\NewsModel->getNews()
#8 /var/www/html/CI/system/CodeIgniter.php(907): App\Controllers\News->index()
#9 /var/www/html/CI/system/CodeIgniter.php(457): CodeIgniter\CodeIgniter->runController()
#10 /var/www/html/CI/system/CodeIgniter.php(340): CodeIgniter\CodeIgniter->handleRequest()
#11 /var/www/html/CI/public/index.php(67): CodeIgniter\CodeIgniter->run()
#12 /var/www/html/CI/system/Commands/Server/rewrite.php(43): require_once('/var/www/html/C...')
#13 {main}

Next CodeIgniter\Database\Exceptions\DatabaseException: Access denied for user ''@'localhost' (using password: YES) in /var/www/html/CI/system/Database/MySQLi/Connection.php:215
Stack trace:
#0 /var/www/html/CI/system/Database/BaseConnection.php(382): CodeIgniter\Database\MySQLi\Connection->connect()
#1 /var/www/html/CI/system/Database/BaseConnection.php(588): CodeIgniter\Database\BaseConnection->initialize()
#2 /var/www/html/CI/system/Database/BaseBuilder.php(1585): CodeIgniter\Database\BaseConnection->query()
#3 /var/www/html/CI/system/Model.php(223): CodeIgniter\Database\BaseBuilder->get()
#4 /var/www/html/CI/system/BaseModel.php(584): CodeIgniter\Model->doFindAll()
#5 /var/www/html/CI/app/Models/NewsModel.php(14): CodeIgniter\BaseModel->findAll()
#6 /var/www/html/CI/app/Controllers/News.php(14): App\Models\NewsModel->getNews()
#7 /var/www/html/CI/system/CodeIgniter.php(907): App\Controllers\News->index()
#8 /var/www/html/CI/system/CodeIgniter.php(457): CodeIgniter\CodeIgniter->runController()
#9 /var/www/html/CI/system/CodeIgniter.php(340): CodeIgniter\CodeIgniter->handleRequest()
#10 /var/www/html/CI/public/index.php(67): CodeIgniter\CodeIgniter->run()
#11 /var/www/html/CI/system/Commands/Server/rewrite.php(43): require_once('/var/www/html/C...')
#12 {main}
CRITICAL - 2022-10-31 10:19:38 --> Unable to connect to the database.
Main connection [MySQLi]: Access denied for user ''@'localhost' (using password: YES)
in SYSTEMPATH/Database/BaseConnection.php on line 418.
 1 SYSTEMPATH/Database/BaseConnection.php(588): CodeIgniter\Database\BaseConnection->initialize()
 2 SYSTEMPATH/Database/BaseBuilder.php(1585): CodeIgniter\Database\BaseConnection->query()
 3 SYSTEMPATH/Model.php(223): CodeIgniter\Database\BaseBuilder->get()
 4 SYSTEMPATH/BaseModel.php(584): CodeIgniter\Model->doFindAll()
 5 APPPATH/Models/NewsModel.php(14): CodeIgniter\BaseModel->findAll()
 6 APPPATH/Controllers/News.php(14): App\Models\NewsModel->getNews()
 7 SYSTEMPATH/CodeIgniter.php(907): App\Controllers\News->index()
 8 SYSTEMPATH/CodeIgniter.php(457): CodeIgniter\CodeIgniter->runController()
 9 SYSTEMPATH/CodeIgniter.php(340): CodeIgniter\CodeIgniter->handleRequest()
10 FCPATH/index.php(67): CodeIgniter\CodeIgniter->run()
11 SYSTEMPATH/Commands/Server/rewrite.php(43): require_once('FCPATH/index.php')
ERROR - 2022-10-31 10:19:38 --> Error connecting to the database: mysqli_sql_exception: Access denied for user ''@'localhost' (using password: YES) in /var/www/html/CI/system/Database/MySQLi/Connection.php:171
Stack trace:
#0 /var/www/html/CI/system/Database/MySQLi/Connection.php(171): mysqli->real_connect()
#1 /var/www/html/CI/system/Database/BaseConnection.php(382): CodeIgniter\Database\MySQLi\Connection->connect()
#2 /var/www/html/CI/system/Database/BaseConnection.php(588): CodeIgniter\Database\BaseConnection->initialize()
#3 /var/www/html/CI/system/Database/BaseBuilder.php(1585): CodeIgniter\Database\BaseConnection->query()
#4 /var/www/html/CI/system/Model.php(223): CodeIgniter\Database\BaseBuilder->get()
#5 /var/www/html/CI/system/BaseModel.php(584): CodeIgniter\Model->doFindAll()
#6 /var/www/html/CI/app/Models/NewsModel.php(14): CodeIgniter\BaseModel->findAll()
#7 /var/www/html/CI/app/Controllers/News.php(14): App\Models\NewsModel->getNews()
#8 /var/www/html/CI/system/CodeIgniter.php(907): App\Controllers\News->index()
#9 /var/www/html/CI/system/CodeIgniter.php(457): CodeIgniter\CodeIgniter->runController()
#10 /var/www/html/CI/system/CodeIgniter.php(340): CodeIgniter\CodeIgniter->handleRequest()
#11 /var/www/html/CI/public/index.php(67): CodeIgniter\CodeIgniter->run()
#12 /var/www/html/CI/system/Commands/Server/rewrite.php(43): require_once('/var/www/html/C...')
#13 {main}

Next CodeIgniter\Database\Exceptions\DatabaseException: Access denied for user ''@'localhost' (using password: YES) in /var/www/html/CI/system/Database/MySQLi/Connection.php:215
Stack trace:
#0 /var/www/html/CI/system/Database/BaseConnection.php(382): CodeIgniter\Database\MySQLi\Connection->connect()
#1 /var/www/html/CI/system/Database/BaseConnection.php(588): CodeIgniter\Database\BaseConnection->initialize()
#2 /var/www/html/CI/system/Database/BaseBuilder.php(1585): CodeIgniter\Database\BaseConnection->query()
#3 /var/www/html/CI/system/Model.php(223): CodeIgniter\Database\BaseBuilder->get()
#4 /var/www/html/CI/system/BaseModel.php(584): CodeIgniter\Model->doFindAll()
#5 /var/www/html/CI/app/Models/NewsModel.php(14): CodeIgniter\BaseModel->findAll()
#6 /var/www/html/CI/app/Controllers/News.php(14): App\Models\NewsModel->getNews()
#7 /var/www/html/CI/system/CodeIgniter.php(907): App\Controllers\News->index()
#8 /var/www/html/CI/system/CodeIgniter.php(457): CodeIgniter\CodeIgniter->runController()
#9 /var/www/html/CI/system/CodeIgniter.php(340): CodeIgniter\CodeIgniter->handleRequest()
#10 /var/www/html/CI/public/index.php(67): CodeIgniter\CodeIgniter->run()
#11 /var/www/html/CI/system/Commands/Server/rewrite.php(43): require_once('/var/www/html/C...')
#12 {main}
CRITICAL - 2022-10-31 10:19:38 --> Unable to connect to the database.
Main connection [MySQLi]: Access denied for user ''@'localhost' (using password: YES)
in SYSTEMPATH/Database/BaseConnection.php on line 418.
 1 SYSTEMPATH/Database/BaseConnection.php(588): CodeIgniter\Database\BaseConnection->initialize()
 2 SYSTEMPATH/Database/BaseBuilder.php(1585): CodeIgniter\Database\BaseConnection->query()
 3 SYSTEMPATH/Model.php(223): CodeIgniter\Database\BaseBuilder->get()
 4 SYSTEMPATH/BaseModel.php(584): CodeIgniter\Model->doFindAll()
 5 APPPATH/Models/NewsModel.php(14): CodeIgniter\BaseModel->findAll()
 6 APPPATH/Controllers/News.php(14): App\Models\NewsModel->getNews()
 7 SYSTEMPATH/CodeIgniter.php(907): App\Controllers\News->index()
 8 SYSTEMPATH/CodeIgniter.php(457): CodeIgniter\CodeIgniter->runController()
 9 SYSTEMPATH/CodeIgniter.php(340): CodeIgniter\CodeIgniter->handleRequest()
10 FCPATH/index.php(67): CodeIgniter\CodeIgniter->run()
11 SYSTEMPATH/Commands/Server/rewrite.php(43): require_once('FCPATH/index.php')
ERROR - 2022-10-31 10:20:30 --> Error connecting to the database: mysqli_sql_exception: Access denied for user ''@'localhost' (using password: YES) in /var/www/html/CI/system/Database/MySQLi/Connection.php:171
Stack trace:
#0 /var/www/html/CI/system/Database/MySQLi/Connection.php(171): mysqli->real_connect()
#1 /var/www/html/CI/system/Database/BaseConnection.php(382): CodeIgniter\Database\MySQLi\Connection->connect()
#2 /var/www/html/CI/system/Database/BaseConnection.php(588): CodeIgniter\Database\BaseConnection->initialize()
#3 /var/www/html/CI/system/Database/BaseBuilder.php(1585): CodeIgniter\Database\BaseConnection->query()
#4 /var/www/html/CI/system/Model.php(223): CodeIgniter\Database\BaseBuilder->get()
#5 /var/www/html/CI/system/BaseModel.php(584): CodeIgniter\Model->doFindAll()
#6 /var/www/html/CI/app/Models/NewsModel.php(14): CodeIgniter\BaseModel->findAll()
#7 /var/www/html/CI/app/Controllers/News.php(14): App\Models\NewsModel->getNews()
#8 /var/www/html/CI/system/CodeIgniter.php(907): App\Controllers\News->index()
#9 /var/www/html/CI/system/CodeIgniter.php(457): CodeIgniter\CodeIgniter->runController()
#10 /var/www/html/CI/system/CodeIgniter.php(340): CodeIgniter\CodeIgniter->handleRequest()
#11 /var/www/html/CI/public/index.php(67): CodeIgniter\CodeIgniter->run()
#12 /var/www/html/CI/system/Commands/Server/rewrite.php(43): require_once('/var/www/html/C...')
#13 {main}

Next CodeIgniter\Database\Exceptions\DatabaseException: Access denied for user ''@'localhost' (using password: YES) in /var/www/html/CI/system/Database/MySQLi/Connection.php:215
Stack trace:
#0 /var/www/html/CI/system/Database/BaseConnection.php(382): CodeIgniter\Database\MySQLi\Connection->connect()
#1 /var/www/html/CI/system/Database/BaseConnection.php(588): CodeIgniter\Database\BaseConnection->initialize()
#2 /var/www/html/CI/system/Database/BaseBuilder.php(1585): CodeIgniter\Database\BaseConnection->query()
#3 /var/www/html/CI/system/Model.php(223): CodeIgniter\Database\BaseBuilder->get()
#4 /var/www/html/CI/system/BaseModel.php(584): CodeIgniter\Model->doFindAll()
#5 /var/www/html/CI/app/Models/NewsModel.php(14): CodeIgniter\BaseModel->findAll()
#6 /var/www/html/CI/app/Controllers/News.php(14): App\Models\NewsModel->getNews()
#7 /var/www/html/CI/system/CodeIgniter.php(907): App\Controllers\News->index()
#8 /var/www/html/CI/system/CodeIgniter.php(457): CodeIgniter\CodeIgniter->runController()
#9 /var/www/html/CI/system/CodeIgniter.php(340): CodeIgniter\CodeIgniter->handleRequest()
#10 /var/www/html/CI/public/index.php(67): CodeIgniter\CodeIgniter->run()
#11 /var/www/html/CI/system/Commands/Server/rewrite.php(43): require_once('/var/www/html/C...')
#12 {main}
CRITICAL - 2022-10-31 10:20:30 --> Unable to connect to the database.
Main connection [MySQLi]: Access denied for user ''@'localhost' (using password: YES)
in SYSTEMPATH/Database/BaseConnection.php on line 418.
 1 SYSTEMPATH/Database/BaseConnection.php(588): CodeIgniter\Database\BaseConnection->initialize()
 2 SYSTEMPATH/Database/BaseBuilder.php(1585): CodeIgniter\Database\BaseConnection->query()
 3 SYSTEMPATH/Model.php(223): CodeIgniter\Database\BaseBuilder->get()
 4 SYSTEMPATH/BaseModel.php(584): CodeIgniter\Model->doFindAll()
 5 APPPATH/Models/NewsModel.php(14): CodeIgniter\BaseModel->findAll()
 6 APPPATH/Controllers/News.php(14): App\Models\NewsModel->getNews()
 7 SYSTEMPATH/CodeIgniter.php(907): App\Controllers\News->index()
 8 SYSTEMPATH/CodeIgniter.php(457): CodeIgniter\CodeIgniter->runController()
 9 SYSTEMPATH/CodeIgniter.php(340): CodeIgniter\CodeIgniter->handleRequest()
10 FCPATH/index.php(67): CodeIgniter\CodeIgniter->run()
11 SYSTEMPATH/Commands/Server/rewrite.php(43): require_once('FCPATH/index.php')
ERROR - 2022-10-31 10:20:40 --> Error connecting to the database: mysqli_sql_exception: Access denied for user ''@'localhost' (using password: YES) in /var/www/html/CI/system/Database/MySQLi/Connection.php:171
Stack trace:
#0 /var/www/html/CI/system/Database/MySQLi/Connection.php(171): mysqli->real_connect()
#1 /var/www/html/CI/system/Database/BaseConnection.php(382): CodeIgniter\Database\MySQLi\Connection->connect()
#2 /var/www/html/CI/system/Database/BaseConnection.php(588): CodeIgniter\Database\BaseConnection->initialize()
#3 /var/www/html/CI/system/Database/BaseBuilder.php(1585): CodeIgniter\Database\BaseConnection->query()
#4 /var/www/html/CI/system/Model.php(223): CodeIgniter\Database\BaseBuilder->get()
#5 /var/www/html/CI/system/BaseModel.php(584): CodeIgniter\Model->doFindAll()
#6 /var/www/html/CI/app/Models/NewsModel.php(14): CodeIgniter\BaseModel->findAll()
#7 /var/www/html/CI/app/Controllers/News.php(14): App\Models\NewsModel->getNews()
#8 /var/www/html/CI/system/CodeIgniter.php(907): App\Controllers\News->index()
#9 /var/www/html/CI/system/CodeIgniter.php(457): CodeIgniter\CodeIgniter->runController()
#10 /var/www/html/CI/system/CodeIgniter.php(340): CodeIgniter\CodeIgniter->handleRequest()
#11 /var/www/html/CI/public/index.php(67): CodeIgniter\CodeIgniter->run()
#12 /var/www/html/CI/system/Commands/Server/rewrite.php(43): require_once('/var/www/html/C...')
#13 {main}

Next CodeIgniter\Database\Exceptions\DatabaseException: Access denied for user ''@'localhost' (using password: YES) in /var/www/html/CI/system/Database/MySQLi/Connection.php:215
Stack trace:
#0 /var/www/html/CI/system/Database/BaseConnection.php(382): CodeIgniter\Database\MySQLi\Connection->connect()
#1 /var/www/html/CI/system/Database/BaseConnection.php(588): CodeIgniter\Database\BaseConnection->initialize()
#2 /var/www/html/CI/system/Database/BaseBuilder.php(1585): CodeIgniter\Database\BaseConnection->query()
#3 /var/www/html/CI/system/Model.php(223): CodeIgniter\Database\BaseBuilder->get()
#4 /var/www/html/CI/system/BaseModel.php(584): CodeIgniter\Model->doFindAll()
#5 /var/www/html/CI/app/Models/NewsModel.php(14): CodeIgniter\BaseModel->findAll()
#6 /var/www/html/CI/app/Controllers/News.php(14): App\Models\NewsModel->getNews()
#7 /var/www/html/CI/system/CodeIgniter.php(907): App\Controllers\News->index()
#8 /var/www/html/CI/system/CodeIgniter.php(457): CodeIgniter\CodeIgniter->runController()
#9 /var/www/html/CI/system/CodeIgniter.php(340): CodeIgniter\CodeIgniter->handleRequest()
#10 /var/www/html/CI/public/index.php(67): CodeIgniter\CodeIgniter->run()
#11 /var/www/html/CI/system/Commands/Server/rewrite.php(43): require_once('/var/www/html/C...')
#12 {main}
CRITICAL - 2022-10-31 10:20:40 --> Unable to connect to the database.
Main connection [MySQLi]: Access denied for user ''@'localhost' (using password: YES)
in SYSTEMPATH/Database/BaseConnection.php on line 418.
 1 SYSTEMPATH/Database/BaseConnection.php(588): CodeIgniter\Database\BaseConnection->initialize()
 2 SYSTEMPATH/Database/BaseBuilder.php(1585): CodeIgniter\Database\BaseConnection->query()
 3 SYSTEMPATH/Model.php(223): CodeIgniter\Database\BaseBuilder->get()
 4 SYSTEMPATH/BaseModel.php(584): CodeIgniter\Model->doFindAll()
 5 APPPATH/Models/NewsModel.php(14): CodeIgniter\BaseModel->findAll()
 6 APPPATH/Controllers/News.php(14): App\Models\NewsModel->getNews()
 7 SYSTEMPATH/CodeIgniter.php(907): App\Controllers\News->index()
 8 SYSTEMPATH/CodeIgniter.php(457): CodeIgniter\CodeIgniter->runController()
 9 SYSTEMPATH/CodeIgniter.php(340): CodeIgniter\CodeIgniter->handleRequest()
10 FCPATH/index.php(67): CodeIgniter\CodeIgniter->run()
11 SYSTEMPATH/Commands/Server/rewrite.php(43): require_once('FCPATH/index.php')
CRITICAL - 2022-10-31 10:32:50 --> syntax error, unexpected '<', expecting end of file
in APPPATH/Config/Routes.php on line 38.
 1 SYSTEMPATH/CodeIgniter.php(406): CodeIgniter\CodeIgniter->tryToRouteIt()
 2 SYSTEMPATH/CodeIgniter.php(336): CodeIgniter\CodeIgniter->handleRequest()
 3 SYSTEMPATH/CLI/Console.php(48): CodeIgniter\CodeIgniter->run()
 4 ROOTPATH/spark(98): CodeIgniter\CLI\Console->run()
ERROR - 2022-10-31 10:33:38 --> Error connecting to the database: mysqli_sql_exception: Access denied for user ''@'localhost' (using password: YES) in /var/www/html/CI/system/Database/MySQLi/Connection.php:171
Stack trace:
#0 /var/www/html/CI/system/Database/MySQLi/Connection.php(171): mysqli->real_connect()
#1 /var/www/html/CI/system/Database/BaseConnection.php(382): CodeIgniter\Database\MySQLi\Connection->connect()
#2 /var/www/html/CI/system/Database/BaseConnection.php(588): CodeIgniter\Database\BaseConnection->initialize()
#3 /var/www/html/CI/system/Database/BaseBuilder.php(1585): CodeIgniter\Database\BaseConnection->query()
#4 /var/www/html/CI/system/Model.php(223): CodeIgniter\Database\BaseBuilder->get()
#5 /var/www/html/CI/system/BaseModel.php(584): CodeIgniter\Model->doFindAll()
#6 /var/www/html/CI/app/Models/NewsModel.php(14): CodeIgniter\BaseModel->findAll()
#7 /var/www/html/CI/app/Controllers/News.php(14): App\Models\NewsModel->getNews()
#8 /var/www/html/CI/system/CodeIgniter.php(907): App\Controllers\News->index()
#9 /var/www/html/CI/system/CodeIgniter.php(457): CodeIgniter\CodeIgniter->runController()
#10 /var/www/html/CI/system/CodeIgniter.php(340): CodeIgniter\CodeIgniter->handleRequest()
#11 /var/www/html/CI/public/index.php(67): CodeIgniter\CodeIgniter->run()
#12 /var/www/html/CI/system/Commands/Server/rewrite.php(43): require_once('/var/www/html/C...')
#13 {main}

Next CodeIgniter\Database\Exceptions\DatabaseException: Access denied for user ''@'localhost' (using password: YES) in /var/www/html/CI/system/Database/MySQLi/Connection.php:215
Stack trace:
#0 /var/www/html/CI/system/Database/BaseConnection.php(382): CodeIgniter\Database\MySQLi\Connection->connect()
#1 /var/www/html/CI/system/Database/BaseConnection.php(588): CodeIgniter\Database\BaseConnection->initialize()
#2 /var/www/html/CI/system/Database/BaseBuilder.php(1585): CodeIgniter\Database\BaseConnection->query()
#3 /var/www/html/CI/system/Model.php(223): CodeIgniter\Database\BaseBuilder->get()
#4 /var/www/html/CI/system/BaseModel.php(584): CodeIgniter\Model->doFindAll()
#5 /var/www/html/CI/app/Models/NewsModel.php(14): CodeIgniter\BaseModel->findAll()
#6 /var/www/html/CI/app/Controllers/News.php(14): App\Models\NewsModel->getNews()
#7 /var/www/html/CI/system/CodeIgniter.php(907): App\Controllers\News->index()
#8 /var/www/html/CI/system/CodeIgniter.php(457): CodeIgniter\CodeIgniter->runController()
#9 /var/www/html/CI/system/CodeIgniter.php(340): CodeIgniter\CodeIgniter->handleRequest()
#10 /var/www/html/CI/public/index.php(67): CodeIgniter\CodeIgniter->run()
#11 /var/www/html/CI/system/Commands/Server/rewrite.php(43): require_once('/var/www/html/C...')
#12 {main}
CRITICAL - 2022-10-31 10:33:38 --> Unable to connect to the database.
Main connection [MySQLi]: Access denied for user ''@'localhost' (using password: YES)
in SYSTEMPATH/Database/BaseConnection.php on line 418.
 1 SYSTEMPATH/Database/BaseConnection.php(588): CodeIgniter\Database\BaseConnection->initialize()
 2 SYSTEMPATH/Database/BaseBuilder.php(1585): CodeIgniter\Database\BaseConnection->query()
 3 SYSTEMPATH/Model.php(223): CodeIgniter\Database\BaseBuilder->get()
 4 SYSTEMPATH/BaseModel.php(584): CodeIgniter\Model->doFindAll()
 5 APPPATH/Models/NewsModel.php(14): CodeIgniter\BaseModel->findAll()
 6 APPPATH/Controllers/News.php(14): App\Models\NewsModel->getNews()
 7 SYSTEMPATH/CodeIgniter.php(907): App\Controllers\News->index()
 8 SYSTEMPATH/CodeIgniter.php(457): CodeIgniter\CodeIgniter->runController()
 9 SYSTEMPATH/CodeIgniter.php(340): CodeIgniter\CodeIgniter->handleRequest()
10 FCPATH/index.php(67): CodeIgniter\CodeIgniter->run()
11 SYSTEMPATH/Commands/Server/rewrite.php(43): require_once('FCPATH/index.php')
ERROR - 2022-10-31 10:34:53 --> Error connecting to the database: mysqli_sql_exception: Access denied for user ''@'localhost' (using password: YES) in /var/www/html/CI/system/Database/MySQLi/Connection.php:171
Stack trace:
#0 /var/www/html/CI/system/Database/MySQLi/Connection.php(171): mysqli->real_connect()
#1 /var/www/html/CI/system/Database/BaseConnection.php(382): CodeIgniter\Database\MySQLi\Connection->connect()
#2 /var/www/html/CI/system/Database/BaseConnection.php(588): CodeIgniter\Database\BaseConnection->initialize()
#3 /var/www/html/CI/system/Database/BaseBuilder.php(1585): CodeIgniter\Database\BaseConnection->query()
#4 /var/www/html/CI/system/Model.php(223): CodeIgniter\Database\BaseBuilder->get()
#5 /var/www/html/CI/system/BaseModel.php(584): CodeIgniter\Model->doFindAll()
#6 /var/www/html/CI/app/Models/NewsModel.php(14): CodeIgniter\BaseModel->findAll()
#7 /var/www/html/CI/app/Controllers/News.php(14): App\Models\NewsModel->getNews()
#8 /var/www/html/CI/system/CodeIgniter.php(907): App\Controllers\News->index()
#9 /var/www/html/CI/system/CodeIgniter.php(457): CodeIgniter\CodeIgniter->runController()
#10 /var/www/html/CI/system/CodeIgniter.php(340): CodeIgniter\CodeIgniter->handleRequest()
#11 /var/www/html/CI/public/index.php(67): CodeIgniter\CodeIgniter->run()
#12 /var/www/html/CI/system/Commands/Server/rewrite.php(43): require_once('/var/www/html/C...')
#13 {main}

Next CodeIgniter\Database\Exceptions\DatabaseException: Access denied for user ''@'localhost' (using password: YES) in /var/www/html/CI/system/Database/MySQLi/Connection.php:215
Stack trace:
#0 /var/www/html/CI/system/Database/BaseConnection.php(382): CodeIgniter\Database\MySQLi\Connection->connect()
#1 /var/www/html/CI/system/Database/BaseConnection.php(588): CodeIgniter\Database\BaseConnection->initialize()
#2 /var/www/html/CI/system/Database/BaseBuilder.php(1585): CodeIgniter\Database\BaseConnection->query()
#3 /var/www/html/CI/system/Model.php(223): CodeIgniter\Database\BaseBuilder->get()
#4 /var/www/html/CI/system/BaseModel.php(584): CodeIgniter\Model->doFindAll()
#5 /var/www/html/CI/app/Models/NewsModel.php(14): CodeIgniter\BaseModel->findAll()
#6 /var/www/html/CI/app/Controllers/News.php(14): App\Models\NewsModel->getNews()
#7 /var/www/html/CI/system/CodeIgniter.php(907): App\Controllers\News->index()
#8 /var/www/html/CI/system/CodeIgniter.php(457): CodeIgniter\CodeIgniter->runController()
#9 /var/www/html/CI/system/CodeIgniter.php(340): CodeIgniter\CodeIgniter->handleRequest()
#10 /var/www/html/CI/public/index.php(67): CodeIgniter\CodeIgniter->run()
#11 /var/www/html/CI/system/Commands/Server/rewrite.php(43): require_once('/var/www/html/C...')
#12 {main}
CRITICAL - 2022-10-31 10:34:53 --> Unable to connect to the database.
Main connection [MySQLi]: Access denied for user ''@'localhost' (using password: YES)
in SYSTEMPATH/Database/BaseConnection.php on line 418.
 1 SYSTEMPATH/Database/BaseConnection.php(588): CodeIgniter\Database\BaseConnection->initialize()
 2 SYSTEMPATH/Database/BaseBuilder.php(1585): CodeIgniter\Database\BaseConnection->query()
 3 SYSTEMPATH/Model.php(223): CodeIgniter\Database\BaseBuilder->get()
 4 SYSTEMPATH/BaseModel.php(584): CodeIgniter\Model->doFindAll()
 5 APPPATH/Models/NewsModel.php(14): CodeIgniter\BaseModel->findAll()
 6 APPPATH/Controllers/News.php(14): App\Models\NewsModel->getNews()
 7 SYSTEMPATH/CodeIgniter.php(907): App\Controllers\News->index()
 8 SYSTEMPATH/CodeIgniter.php(457): CodeIgniter\CodeIgniter->runController()
 9 SYSTEMPATH/CodeIgniter.php(340): CodeIgniter\CodeIgniter->handleRequest()
10 FCPATH/index.php(67): CodeIgniter\CodeIgniter->run()
11 SYSTEMPATH/Commands/Server/rewrite.php(43): require_once('FCPATH/index.php')
ERROR - 2022-10-31 10:35:34 --> Error connecting to the database: mysqli_sql_exception: Access denied for user ''@'localhost' (using password: YES) in /var/www/html/CI/system/Database/MySQLi/Connection.php:171
Stack trace:
#0 /var/www/html/CI/system/Database/MySQLi/Connection.php(171): mysqli->real_connect()
#1 /var/www/html/CI/system/Database/BaseConnection.php(382): CodeIgniter\Database\MySQLi\Connection->connect()
#2 /var/www/html/CI/system/Database/BaseConnection.php(588): CodeIgniter\Database\BaseConnection->initialize()
#3 /var/www/html/CI/system/Database/BaseBuilder.php(1585): CodeIgniter\Database\BaseConnection->query()
#4 /var/www/html/CI/system/Model.php(223): CodeIgniter\Database\BaseBuilder->get()
#5 /var/www/html/CI/system/BaseModel.php(584): CodeIgniter\Model->doFindAll()
#6 /var/www/html/CI/app/Models/NewsModel.php(14): CodeIgniter\BaseModel->findAll()
#7 /var/www/html/CI/app/Controllers/News.php(14): App\Models\NewsModel->getNews()
#8 /var/www/html/CI/system/CodeIgniter.php(907): App\Controllers\News->index()
#9 /var/www/html/CI/system/CodeIgniter.php(457): CodeIgniter\CodeIgniter->runController()
#10 /var/www/html/CI/system/CodeIgniter.php(340): CodeIgniter\CodeIgniter->handleRequest()
#11 /var/www/html/CI/public/index.php(67): CodeIgniter\CodeIgniter->run()
#12 /var/www/html/CI/system/Commands/Server/rewrite.php(43): require_once('/var/www/html/C...')
#13 {main}

Next CodeIgniter\Database\Exceptions\DatabaseException: Access denied for user ''@'localhost' (using password: YES) in /var/www/html/CI/system/Database/MySQLi/Connection.php:215
Stack trace:
#0 /var/www/html/CI/system/Database/BaseConnection.php(382): CodeIgniter\Database\MySQLi\Connection->connect()
#1 /var/www/html/CI/system/Database/BaseConnection.php(588): CodeIgniter\Database\BaseConnection->initialize()
#2 /var/www/html/CI/system/Database/BaseBuilder.php(1585): CodeIgniter\Database\BaseConnection->query()
#3 /var/www/html/CI/system/Model.php(223): CodeIgniter\Database\BaseBuilder->get()
#4 /var/www/html/CI/system/BaseModel.php(584): CodeIgniter\Model->doFindAll()
#5 /var/www/html/CI/app/Models/NewsModel.php(14): CodeIgniter\BaseModel->findAll()
#6 /var/www/html/CI/app/Controllers/News.php(14): App\Models\NewsModel->getNews()
#7 /var/www/html/CI/system/CodeIgniter.php(907): App\Controllers\News->index()
#8 /var/www/html/CI/system/CodeIgniter.php(457): CodeIgniter\CodeIgniter->runController()
#9 /var/www/html/CI/system/CodeIgniter.php(340): CodeIgniter\CodeIgniter->handleRequest()
#10 /var/www/html/CI/public/index.php(67): CodeIgniter\CodeIgniter->run()
#11 /var/www/html/CI/system/Commands/Server/rewrite.php(43): require_once('/var/www/html/C...')
#12 {main}
CRITICAL - 2022-10-31 10:35:34 --> Unable to connect to the database.
Main connection [MySQLi]: Access denied for user ''@'localhost' (using password: YES)
in SYSTEMPATH/Database/BaseConnection.php on line 418.
 1 SYSTEMPATH/Database/BaseConnection.php(588): CodeIgniter\Database\BaseConnection->initialize()
 2 SYSTEMPATH/Database/BaseBuilder.php(1585): CodeIgniter\Database\BaseConnection->query()
 3 SYSTEMPATH/Model.php(223): CodeIgniter\Database\BaseBuilder->get()
 4 SYSTEMPATH/BaseModel.php(584): CodeIgniter\Model->doFindAll()
 5 APPPATH/Models/NewsModel.php(14): CodeIgniter\BaseModel->findAll()
 6 APPPATH/Controllers/News.php(14): App\Models\NewsModel->getNews()
 7 SYSTEMPATH/CodeIgniter.php(907): App\Controllers\News->index()
 8 SYSTEMPATH/CodeIgniter.php(457): CodeIgniter\CodeIgniter->runController()
 9 SYSTEMPATH/CodeIgniter.php(340): CodeIgniter\CodeIgniter->handleRequest()
10 FCPATH/index.php(67): CodeIgniter\CodeIgniter->run()
11 SYSTEMPATH/Commands/Server/rewrite.php(43): require_once('FCPATH/index.php')
ERROR - 2022-10-31 10:38:51 --> Error connecting to the database: mysqli_sql_exception: Access denied for user ''@'localhost' (using password: YES) in /var/www/html/CI/system/Database/MySQLi/Connection.php:171
Stack trace:
#0 /var/www/html/CI/system/Database/MySQLi/Connection.php(171): mysqli->real_connect()
#1 /var/www/html/CI/system/Database/BaseConnection.php(382): CodeIgniter\Database\MySQLi\Connection->connect()
#2 /var/www/html/CI/system/Database/BaseConnection.php(588): CodeIgniter\Database\BaseConnection->initialize()
#3 /var/www/html/CI/system/Database/BaseBuilder.php(1585): CodeIgniter\Database\BaseConnection->query()
#4 /var/www/html/CI/system/Model.php(223): CodeIgniter\Database\BaseBuilder->get()
#5 /var/www/html/CI/system/BaseModel.php(584): CodeIgniter\Model->doFindAll()
#6 /var/www/html/CI/app/Models/NewsModel.php(14): CodeIgniter\BaseModel->findAll()
#7 /var/www/html/CI/app/Controllers/News.php(14): App\Models\NewsModel->getNews()
#8 /var/www/html/CI/system/CodeIgniter.php(907): App\Controllers\News->index()
#9 /var/www/html/CI/system/CodeIgniter.php(457): CodeIgniter\CodeIgniter->runController()
#10 /var/www/html/CI/system/CodeIgniter.php(340): CodeIgniter\CodeIgniter->handleRequest()
#11 /var/www/html/CI/public/index.php(67): CodeIgniter\CodeIgniter->run()
#12 /var/www/html/CI/system/Commands/Server/rewrite.php(43): require_once('/var/www/html/C...')
#13 {main}

Next CodeIgniter\Database\Exceptions\DatabaseException: Access denied for user ''@'localhost' (using password: YES) in /var/www/html/CI/system/Database/MySQLi/Connection.php:215
Stack trace:
#0 /var/www/html/CI/system/Database/BaseConnection.php(382): CodeIgniter\Database\MySQLi\Connection->connect()
#1 /var/www/html/CI/system/Database/BaseConnection.php(588): CodeIgniter\Database\BaseConnection->initialize()
#2 /var/www/html/CI/system/Database/BaseBuilder.php(1585): CodeIgniter\Database\BaseConnection->query()
#3 /var/www/html/CI/system/Model.php(223): CodeIgniter\Database\BaseBuilder->get()
#4 /var/www/html/CI/system/BaseModel.php(584): CodeIgniter\Model->doFindAll()
#5 /var/www/html/CI/app/Models/NewsModel.php(14): CodeIgniter\BaseModel->findAll()
#6 /var/www/html/CI/app/Controllers/News.php(14): App\Models\NewsModel->getNews()
#7 /var/www/html/CI/system/CodeIgniter.php(907): App\Controllers\News->index()
#8 /var/www/html/CI/system/CodeIgniter.php(457): CodeIgniter\CodeIgniter->runController()
#9 /var/www/html/CI/system/CodeIgniter.php(340): CodeIgniter\CodeIgniter->handleRequest()
#10 /var/www/html/CI/public/index.php(67): CodeIgniter\CodeIgniter->run()
#11 /var/www/html/CI/system/Commands/Server/rewrite.php(43): require_once('/var/www/html/C...')
#12 {main}
CRITICAL - 2022-10-31 10:38:51 --> Unable to connect to the database.
Main connection [MySQLi]: Access denied for user ''@'localhost' (using password: YES)
in SYSTEMPATH/Database/BaseConnection.php on line 418.
 1 SYSTEMPATH/Database/BaseConnection.php(588): CodeIgniter\Database\BaseConnection->initialize()
 2 SYSTEMPATH/Database/BaseBuilder.php(1585): CodeIgniter\Database\BaseConnection->query()
 3 SYSTEMPATH/Model.php(223): CodeIgniter\Database\BaseBuilder->get()
 4 SYSTEMPATH/BaseModel.php(584): CodeIgniter\Model->doFindAll()
 5 APPPATH/Models/NewsModel.php(14): CodeIgniter\BaseModel->findAll()
 6 APPPATH/Controllers/News.php(14): App\Models\NewsModel->getNews()
 7 SYSTEMPATH/CodeIgniter.php(907): App\Controllers\News->index()
 8 SYSTEMPATH/CodeIgniter.php(457): CodeIgniter\CodeIgniter->runController()
 9 SYSTEMPATH/CodeIgniter.php(340): CodeIgniter\CodeIgniter->handleRequest()
10 FCPATH/index.php(67): CodeIgniter\CodeIgniter->run()
11 SYSTEMPATH/Commands/Server/rewrite.php(43): require_once('FCPATH/index.php')
ERROR - 2022-10-31 10:38:52 --> Error connecting to the database: mysqli_sql_exception: Access denied for user ''@'localhost' (using password: YES) in /var/www/html/CI/system/Database/MySQLi/Connection.php:171
Stack trace:
#0 /var/www/html/CI/system/Database/MySQLi/Connection.php(171): mysqli->real_connect()
#1 /var/www/html/CI/system/Database/BaseConnection.php(382): CodeIgniter\Database\MySQLi\Connection->connect()
#2 /var/www/html/CI/system/Database/BaseConnection.php(588): CodeIgniter\Database\BaseConnection->initialize()
#3 /var/www/html/CI/system/Database/BaseBuilder.php(1585): CodeIgniter\Database\BaseConnection->query()
#4 /var/www/html/CI/system/Model.php(223): CodeIgniter\Database\BaseBuilder->get()
#5 /var/www/html/CI/system/BaseModel.php(584): CodeIgniter\Model->doFindAll()
#6 /var/www/html/CI/app/Models/NewsModel.php(14): CodeIgniter\BaseModel->findAll()
#7 /var/www/html/CI/app/Controllers/News.php(14): App\Models\NewsModel->getNews()
#8 /var/www/html/CI/system/CodeIgniter.php(907): App\Controllers\News->index()
#9 /var/www/html/CI/system/CodeIgniter.php(457): CodeIgniter\CodeIgniter->runController()
#10 /var/www/html/CI/system/CodeIgniter.php(340): CodeIgniter\CodeIgniter->handleRequest()
#11 /var/www/html/CI/public/index.php(67): CodeIgniter\CodeIgniter->run()
#12 /var/www/html/CI/system/Commands/Server/rewrite.php(43): require_once('/var/www/html/C...')
#13 {main}

Next CodeIgniter\Database\Exceptions\DatabaseException: Access denied for user ''@'localhost' (using password: YES) in /var/www/html/CI/system/Database/MySQLi/Connection.php:215
Stack trace:
#0 /var/www/html/CI/system/Database/BaseConnection.php(382): CodeIgniter\Database\MySQLi\Connection->connect()
#1 /var/www/html/CI/system/Database/BaseConnection.php(588): CodeIgniter\Database\BaseConnection->initialize()
#2 /var/www/html/CI/system/Database/BaseBuilder.php(1585): CodeIgniter\Database\BaseConnection->query()
#3 /var/www/html/CI/system/Model.php(223): CodeIgniter\Database\BaseBuilder->get()
#4 /var/www/html/CI/system/BaseModel.php(584): CodeIgniter\Model->doFindAll()
#5 /var/www/html/CI/app/Models/NewsModel.php(14): CodeIgniter\BaseModel->findAll()
#6 /var/www/html/CI/app/Controllers/News.php(14): App\Models\NewsModel->getNews()
#7 /var/www/html/CI/system/CodeIgniter.php(907): App\Controllers\News->index()
#8 /var/www/html/CI/system/CodeIgniter.php(457): CodeIgniter\CodeIgniter->runController()
#9 /var/www/html/CI/system/CodeIgniter.php(340): CodeIgniter\CodeIgniter->handleRequest()
#10 /var/www/html/CI/public/index.php(67): CodeIgniter\CodeIgniter->run()
#11 /var/www/html/CI/system/Commands/Server/rewrite.php(43): require_once('/var/www/html/C...')
#12 {main}
CRITICAL - 2022-10-31 10:38:52 --> Unable to connect to the database.
Main connection [MySQLi]: Access denied for user ''@'localhost' (using password: YES)
in SYSTEMPATH/Database/BaseConnection.php on line 418.
 1 SYSTEMPATH/Database/BaseConnection.php(588): CodeIgniter\Database\BaseConnection->initialize()
 2 SYSTEMPATH/Database/BaseBuilder.php(1585): CodeIgniter\Database\BaseConnection->query()
 3 SYSTEMPATH/Model.php(223): CodeIgniter\Database\BaseBuilder->get()
 4 SYSTEMPATH/BaseModel.php(584): CodeIgniter\Model->doFindAll()
 5 APPPATH/Models/NewsModel.php(14): CodeIgniter\BaseModel->findAll()
 6 APPPATH/Controllers/News.php(14): App\Models\NewsModel->getNews()
 7 SYSTEMPATH/CodeIgniter.php(907): App\Controllers\News->index()
 8 SYSTEMPATH/CodeIgniter.php(457): CodeIgniter\CodeIgniter->runController()
 9 SYSTEMPATH/CodeIgniter.php(340): CodeIgniter\CodeIgniter->handleRequest()
10 FCPATH/index.php(67): CodeIgniter\CodeIgniter->run()
11 SYSTEMPATH/Commands/Server/rewrite.php(43): require_once('FCPATH/index.php')
ERROR - 2022-10-31 10:38:54 --> Error connecting to the database: mysqli_sql_exception: Access denied for user ''@'localhost' (using password: YES) in /var/www/html/CI/system/Database/MySQLi/Connection.php:171
Stack trace:
#0 /var/www/html/CI/system/Database/MySQLi/Connection.php(171): mysqli->real_connect()
#1 /var/www/html/CI/system/Database/BaseConnection.php(382): CodeIgniter\Database\MySQLi\Connection->connect()
#2 /var/www/html/CI/system/Database/BaseConnection.php(588): CodeIgniter\Database\BaseConnection->initialize()
#3 /var/www/html/CI/system/Database/BaseBuilder.php(1585): CodeIgniter\Database\BaseConnection->query()
#4 /var/www/html/CI/system/Model.php(223): CodeIgniter\Database\BaseBuilder->get()
#5 /var/www/html/CI/system/BaseModel.php(584): CodeIgniter\Model->doFindAll()
#6 /var/www/html/CI/app/Models/NewsModel.php(14): CodeIgniter\BaseModel->findAll()
#7 /var/www/html/CI/app/Controllers/News.php(14): App\Models\NewsModel->getNews()
#8 /var/www/html/CI/system/CodeIgniter.php(907): App\Controllers\News->index()
#9 /var/www/html/CI/system/CodeIgniter.php(457): CodeIgniter\CodeIgniter->runController()
#10 /var/www/html/CI/system/CodeIgniter.php(340): CodeIgniter\CodeIgniter->handleRequest()
#11 /var/www/html/CI/public/index.php(67): CodeIgniter\CodeIgniter->run()
#12 /var/www/html/CI/system/Commands/Server/rewrite.php(43): require_once('/var/www/html/C...')
#13 {main}

Next CodeIgniter\Database\Exceptions\DatabaseException: Access denied for user ''@'localhost' (using password: YES) in /var/www/html/CI/system/Database/MySQLi/Connection.php:215
Stack trace:
#0 /var/www/html/CI/system/Database/BaseConnection.php(382): CodeIgniter\Database\MySQLi\Connection->connect()
#1 /var/www/html/CI/system/Database/BaseConnection.php(588): CodeIgniter\Database\BaseConnection->initialize()
#2 /var/www/html/CI/system/Database/BaseBuilder.php(1585): CodeIgniter\Database\BaseConnection->query()
#3 /var/www/html/CI/system/Model.php(223): CodeIgniter\Database\BaseBuilder->get()
#4 /var/www/html/CI/system/BaseModel.php(584): CodeIgniter\Model->doFindAll()
#5 /var/www/html/CI/app/Models/NewsModel.php(14): CodeIgniter\BaseModel->findAll()
#6 /var/www/html/CI/app/Controllers/News.php(14): App\Models\NewsModel->getNews()
#7 /var/www/html/CI/system/CodeIgniter.php(907): App\Controllers\News->index()
#8 /var/www/html/CI/system/CodeIgniter.php(457): CodeIgniter\CodeIgniter->runController()
#9 /var/www/html/CI/system/CodeIgniter.php(340): CodeIgniter\CodeIgniter->handleRequest()
#10 /var/www/html/CI/public/index.php(67): CodeIgniter\CodeIgniter->run()
#11 /var/www/html/CI/system/Commands/Server/rewrite.php(43): require_once('/var/www/html/C...')
#12 {main}
CRITICAL - 2022-10-31 10:38:54 --> Unable to connect to the database.
Main connection [MySQLi]: Access denied for user ''@'localhost' (using password: YES)
in SYSTEMPATH/Database/BaseConnection.php on line 418.
 1 SYSTEMPATH/Database/BaseConnection.php(588): CodeIgniter\Database\BaseConnection->initialize()
 2 SYSTEMPATH/Database/BaseBuilder.php(1585): CodeIgniter\Database\BaseConnection->query()
 3 SYSTEMPATH/Model.php(223): CodeIgniter\Database\BaseBuilder->get()
 4 SYSTEMPATH/BaseModel.php(584): CodeIgniter\Model->doFindAll()
 5 APPPATH/Models/NewsModel.php(14): CodeIgniter\BaseModel->findAll()
 6 APPPATH/Controllers/News.php(14): App\Models\NewsModel->getNews()
 7 SYSTEMPATH/CodeIgniter.php(907): App\Controllers\News->index()
 8 SYSTEMPATH/CodeIgniter.php(457): CodeIgniter\CodeIgniter->runController()
 9 SYSTEMPATH/CodeIgniter.php(340): CodeIgniter\CodeIgniter->handleRequest()
10 FCPATH/index.php(67): CodeIgniter\CodeIgniter->run()
11 SYSTEMPATH/Commands/Server/rewrite.php(43): require_once('FCPATH/index.php')
ERROR - 2022-10-31 10:38:54 --> Error connecting to the database: mysqli_sql_exception: Access denied for user ''@'localhost' (using password: YES) in /var/www/html/CI/system/Database/MySQLi/Connection.php:171
Stack trace:
#0 /var/www/html/CI/system/Database/MySQLi/Connection.php(171): mysqli->real_connect()
#1 /var/www/html/CI/system/Database/BaseConnection.php(382): CodeIgniter\Database\MySQLi\Connection->connect()
#2 /var/www/html/CI/system/Database/BaseConnection.php(588): CodeIgniter\Database\BaseConnection->initialize()
#3 /var/www/html/CI/system/Database/BaseBuilder.php(1585): CodeIgniter\Database\BaseConnection->query()
#4 /var/www/html/CI/system/Model.php(223): CodeIgniter\Database\BaseBuilder->get()
#5 /var/www/html/CI/system/BaseModel.php(584): CodeIgniter\Model->doFindAll()
#6 /var/www/html/CI/app/Models/NewsModel.php(14): CodeIgniter\BaseModel->findAll()
#7 /var/www/html/CI/app/Controllers/News.php(14): App\Models\NewsModel->getNews()
#8 /var/www/html/CI/system/CodeIgniter.php(907): App\Controllers\News->index()
#9 /var/www/html/CI/system/CodeIgniter.php(457): CodeIgniter\CodeIgniter->runController()
#10 /var/www/html/CI/system/CodeIgniter.php(340): CodeIgniter\CodeIgniter->handleRequest()
#11 /var/www/html/CI/public/index.php(67): CodeIgniter\CodeIgniter->run()
#12 /var/www/html/CI/system/Commands/Server/rewrite.php(43): require_once('/var/www/html/C...')
#13 {main}

Next CodeIgniter\Database\Exceptions\DatabaseException: Access denied for user ''@'localhost' (using password: YES) in /var/www/html/CI/system/Database/MySQLi/Connection.php:215
Stack trace:
#0 /var/www/html/CI/system/Database/BaseConnection.php(382): CodeIgniter\Database\MySQLi\Connection->connect()
#1 /var/www/html/CI/system/Database/BaseConnection.php(588): CodeIgniter\Database\BaseConnection->initialize()
#2 /var/www/html/CI/system/Database/BaseBuilder.php(1585): CodeIgniter\Database\BaseConnection->query()
#3 /var/www/html/CI/system/Model.php(223): CodeIgniter\Database\BaseBuilder->get()
#4 /var/www/html/CI/system/BaseModel.php(584): CodeIgniter\Model->doFindAll()
#5 /var/www/html/CI/app/Models/NewsModel.php(14): CodeIgniter\BaseModel->findAll()
#6 /var/www/html/CI/app/Controllers/News.php(14): App\Models\NewsModel->getNews()
#7 /var/www/html/CI/system/CodeIgniter.php(907): App\Controllers\News->index()
#8 /var/www/html/CI/system/CodeIgniter.php(457): CodeIgniter\CodeIgniter->runController()
#9 /var/www/html/CI/system/CodeIgniter.php(340): CodeIgniter\CodeIgniter->handleRequest()
#10 /var/www/html/CI/public/index.php(67): CodeIgniter\CodeIgniter->run()
#11 /var/www/html/CI/system/Commands/Server/rewrite.php(43): require_once('/var/www/html/C...')
#12 {main}
CRITICAL - 2022-10-31 10:38:54 --> Unable to connect to the database.
Main connection [MySQLi]: Access denied for user ''@'localhost' (using password: YES)
in SYSTEMPATH/Database/BaseConnection.php on line 418.
 1 SYSTEMPATH/Database/BaseConnection.php(588): CodeIgniter\Database\BaseConnection->initialize()
 2 SYSTEMPATH/Database/BaseBuilder.php(1585): CodeIgniter\Database\BaseConnection->query()
 3 SYSTEMPATH/Model.php(223): CodeIgniter\Database\BaseBuilder->get()
 4 SYSTEMPATH/BaseModel.php(584): CodeIgniter\Model->doFindAll()
 5 APPPATH/Models/NewsModel.php(14): CodeIgniter\BaseModel->findAll()
 6 APPPATH/Controllers/News.php(14): App\Models\NewsModel->getNews()
 7 SYSTEMPATH/CodeIgniter.php(907): App\Controllers\News->index()
 8 SYSTEMPATH/CodeIgniter.php(457): CodeIgniter\CodeIgniter->runController()
 9 SYSTEMPATH/CodeIgniter.php(340): CodeIgniter\CodeIgniter->handleRequest()
10 FCPATH/index.php(67): CodeIgniter\CodeIgniter->run()
11 SYSTEMPATH/Commands/Server/rewrite.php(43): require_once('FCPATH/index.php')
