CRITICAL - 2022-11-06 23:19:16 --> fopen(/var/www/html/CopyCI/writable/session/ci_sessiona8dck59ogoiadu94dul2mid4g7enecfc): failed to open stream: Permission denied
in SYSTEMPATH/Session/Handlers/FileHandler.php on line 129.
 1 [internal function]: CodeIgniter\Debug\Exceptions->errorHandler()
 2 SYSTEMPATH/Session/Handlers/FileHandler.php(129): fopen()
 3 [internal function]: CodeIgniter\Session\Handlers\FileHandler->read()
 4 SYSTEMPATH/Session/Session.php(920): session_start()
 5 SYSTEMPATH/Session/Session.php(242): CodeIgniter\Session\Session->startSession()
 6 SYSTEMPATH/Config/Services.php(665): CodeIgniter\Session\Session->start()
 7 SYSTEMPATH/Config/BaseService.php(253): CodeIgniter\Config\Services::session()
 8 SYSTEMPATH/Config/BaseService.php(194): CodeIgniter\Config\BaseService::__callStatic()
 9 SYSTEMPATH/Config/Services.php(637): CodeIgniter\Config\BaseService::getSharedInstance()
10 SYSTEMPATH/Config/BaseService.php(253): CodeIgniter\Config\Services::session()
11 SYSTEMPATH/Common.php(939): CodeIgniter\Config\BaseService::__callStatic()
12 APPPATH/Views/news/create.php(3): session()
13 SYSTEMPATH/View/View.php(213): include('APPPATH/Views/news/create.php')
14 SYSTEMPATH/View/View.php(216): CodeIgniter\View\View->CodeIgniter\View\{closure}()
15 SYSTEMPATH/Common.php(1142): CodeIgniter\View\View->render()
16 APPPATH/Controllers/News.php(58): view()
17 SYSTEMPATH/CodeIgniter.php(907): App\Controllers\News->create()
18 SYSTEMPATH/CodeIgniter.php(457): CodeIgniter\CodeIgniter->runController()
19 SYSTEMPATH/CodeIgniter.php(340): CodeIgniter\CodeIgniter->handleRequest()
20 FCPATH/index.php(67): CodeIgniter\CodeIgniter->run()
CRITICAL - 2022-11-06 23:22:23 --> fopen(/var/www/html/CopyCI/writable/session/ci_sessiona8dck59ogoiadu94dul2mid4g7enecfc): failed to open stream: Permission denied
in SYSTEMPATH/Session/Handlers/FileHandler.php on line 129.
 1 [internal function]: CodeIgniter\Debug\Exceptions->errorHandler()
 2 SYSTEMPATH/Session/Handlers/FileHandler.php(129): fopen()
 3 [internal function]: CodeIgniter\Session\Handlers\FileHandler->read()
 4 SYSTEMPATH/Session/Session.php(920): session_start()
 5 SYSTEMPATH/Session/Session.php(242): CodeIgniter\Session\Session->startSession()
 6 SYSTEMPATH/Config/Services.php(665): CodeIgniter\Session\Session->start()
 7 SYSTEMPATH/Config/BaseService.php(253): CodeIgniter\Config\Services::session()
 8 SYSTEMPATH/Config/BaseService.php(194): CodeIgniter\Config\BaseService::__callStatic()
 9 SYSTEMPATH/Config/Services.php(637): CodeIgniter\Config\BaseService::getSharedInstance()
10 SYSTEMPATH/Config/BaseService.php(253): CodeIgniter\Config\Services::session()
11 SYSTEMPATH/Common.php(939): CodeIgniter\Config\BaseService::__callStatic()
12 APPPATH/Views/news/create.php(3): session()
13 SYSTEMPATH/View/View.php(213): include('APPPATH/Views/news/create.php')
14 SYSTEMPATH/View/View.php(216): CodeIgniter\View\View->CodeIgniter\View\{closure}()
15 SYSTEMPATH/Common.php(1142): CodeIgniter\View\View->render()
16 APPPATH/Controllers/News.php(58): view()
17 SYSTEMPATH/CodeIgniter.php(907): App\Controllers\News->create()
18 SYSTEMPATH/CodeIgniter.php(457): CodeIgniter\CodeIgniter->runController()
19 SYSTEMPATH/CodeIgniter.php(340): CodeIgniter\CodeIgniter->handleRequest()
20 FCPATH/index.php(67): CodeIgniter\CodeIgniter->run()
